[{"test_case": "test_case_00241_00000", "type": "error", "result_detail": ":HTTPDriver for http://localhost:18123 returned response code 400)\n Code: 62. DB::Exception: Syntax error: failed at position 8 ('SCHEMA'): SCHEMA \"SCHEMA\". Expected one of: OR REPLACE, TEMPORARY, TABLE, DATABASE, sql security, DEFINER, SQL SECURITY, MATERIALIZED, VIEW, DICTIONARY, LIVE, WINDOW, USER, ROLE, QUOTA, POLICY, ROW POLICY, SETTINGS PROFILE, PROFILE, FUNCTION, NAMED COLLECTION, UNIQUE, INDEX. (SYNTAX_ERROR) (version 24.4.1.2088 (official build))\n", "error_stage": "set_up"}, {"test_case": "test_case_00241_00003", "type": "error", "result_detail": ":HTTPDriver for http://localhost:18123 returned response code 400)\n Code: 62. DB::Exception: Syntax error: failed at position 8 ('SCHEMA'): SCHEMA \"SCHEMA\". Expected one of: OR REPLACE, TEMPORARY, TABLE, DATABASE, sql security, DEFINER, SQL SECURITY, MATERIALIZED, VIEW, DICTIONARY, LIVE, WINDOW, USER, ROLE, QUOTA, POLICY, ROW POLICY, SETTINGS PROFILE, PROFILE, FUNCTION, NAMED COLLECTION, UNIQUE, INDEX. (SYNTAX_ERROR) (version 24.4.1.2088 (official build))\n", "error_stage": "set_up"}, {"test_case": "test_case_00241_00004", "type": "error", "result_detail": ":HTTPDriver for http://localhost:18123 returned response code 400)\n Code: 62. DB::Exception: Syntax error: failed at position 8 ('SCHEMA'): SCHEMA \"SCHEMA\". Expected one of: OR REPLACE, TEMPORARY, TABLE, DATABASE, sql security, DEFINER, SQL SECURITY, MATERIALIZED, VIEW, DICTIONARY, LIVE, WINDOW, USER, ROLE, QUOTA, POLICY, ROW POLICY, SETTINGS PROFILE, PROFILE, FUNCTION, NAMED COLLECTION, UNIQUE, INDEX. (SYNTAX_ERROR) (version 24.4.1.2088 (official build))\n", "error_stage": "set_up"}, {"test_case": "test_case_00241_00001", "type": "error", "result_detail": ":HTTPDriver for http://localhost:18123 returned response code 400)\n Code: 62. DB::Exception: Syntax error: failed at position 8 ('SCHEMA'): SCHEMA \"SCHEMA\". Expected one of: OR REPLACE, TEMPORARY, TABLE, DATABASE, sql security, DEFINER, SQL SECURITY, MATERIALIZED, VIEW, DICTIONARY, LIVE, WINDOW, USER, ROLE, QUOTA, POLICY, ROW POLICY, SETTINGS PROFILE, PROFILE, FUNCTION, NAMED COLLECTION, UNIQUE, INDEX. (SYNTAX_ERROR) (version 24.4.1.2088 (official build))\n", "error_stage": "set_up"}, {"test_case": "test_case_00241_00002", "type": "error", "result_detail": ":HTTPDriver for http://localhost:18123 returned response code 400)\n Code: 62. DB::Exception: Syntax error: failed at position 8 ('SCHEMA'): SCHEMA \"SCHEMA\". Expected one of: OR REPLACE, TEMPORARY, TABLE, DATABASE, sql security, DEFINER, SQL SECURITY, MATERIALIZED, VIEW, DICTIONARY, LIVE, WINDOW, USER, ROLE, QUOTA, POLICY, ROW POLICY, SETTINGS PROFILE, PROFILE, FUNCTION, NAMED COLLECTION, UNIQUE, INDEX. (SYNTAX_ERROR) (version 24.4.1.2088 (official build))\n", "error_stage": "set_up"}]