[{"test_case": "test_case_07735_00025", "type": "error", "result_detail": ":HTTPDriver for http://localhost:18123 returned response code 400)\n Code: 62. DB::Exception: Syntax error: failed at position 223 ('(') (line 5, col 93): (ts). Expected one of: FINAL, SAMPLE, table, table function, subquery or list of joined tables, array join, LEFT ARRAY JOIN, INNER, ARRAY JOIN, GLOBAL, LOCAL, ANY, ALL, ASOF, SEMI, ANTI, ONLY, LEFT, RIGHT, FULL, CROSS, PASTE, JOIN, PREWHERE, WHERE, GROUP BY, WITH, HAVING, WINDOW, QUALIFY, ORDER BY, LIMIT, OFFSET, FETCH, SETTINGS, UNION, EXCEPT, INTERSECT, COMMENT, INTO OUTFILE, FORMAT, end of query. (SYNTAX_ERROR) (version 24.4.1.2088 (official build))\n", "error_stage": "set_up"}, {"test_case": "test_case_07735_00037", "type": "error", "result_detail": ":HTTPDriver for http://localhost:18123 returned response code 400)\n Code: 62. DB::Exception: Syntax error: failed at position 223 ('(') (line 5, col 93): (ts). Expected one of: FINAL, SAMPLE, table, table function, subquery or list of joined tables, array join, LEFT ARRAY JOIN, INNER, ARRAY JOIN, GLOBAL, LOCAL, ANY, ALL, ASOF, SEMI, ANTI, ONLY, LEFT, RIGHT, FULL, CROSS, PASTE, JOIN, PREWHERE, WHERE, GROUP BY, WITH, HAVING, WINDOW, QUALIFY, ORDER BY, LIMIT, OFFSET, FETCH, SETTINGS, UNION, EXCEPT, INTERSECT, COMMENT, INTO OUTFILE, FORMAT, end of query. (SYNTAX_ERROR) (version 24.4.1.2088 (official build))\n", "error_stage": "set_up"}, {"test_case": "test_case_07735_00063", "type": "error", "result_detail": ":HTTPDriver for http://localhost:18123 returned response code 400)\n Code: 62. DB::Exception: Syntax error: failed at position 223 ('(') (line 5, col 93): (ts). Expected one of: FINAL, SAMPLE, table, table function, subquery or list of joined tables, array join, LEFT ARRAY JOIN, INNER, ARRAY JOIN, GLOBAL, LOCAL, ANY, ALL, ASOF, SEMI, ANTI, ONLY, LEFT, RIGHT, FULL, CROSS, PASTE, JOIN, PREWHERE, WHERE, GROUP BY, WITH, HAVING, WINDOW, QUALIFY, ORDER BY, LIMIT, OFFSET, FETCH, SETTINGS, UNION, EXCEPT, INTERSECT, COMMENT, INTO OUTFILE, FORMAT, end of query. (SYNTAX_ERROR) (version 24.4.1.2088 (official build))\n", "error_stage": "set_up"}, {"test_case": "test_case_07735_00042", "type": "error", "result_detail": ":HTTPDriver for http://localhost:18123 returned response code 400)\n Code: 62. DB::Exception: Syntax error: failed at position 223 ('(') (line 5, col 93): (ts). Expected one of: FINAL, SAMPLE, table, table function, subquery or list of joined tables, array join, LEFT ARRAY JOIN, INNER, ARRAY JOIN, GLOBAL, LOCAL, ANY, ALL, ASOF, SEMI, ANTI, ONLY, LEFT, RIGHT, FULL, CROSS, PASTE, JOIN, PREWHERE, WHERE, GROUP BY, WITH, HAVING, WINDOW, QUALIFY, ORDER BY, LIMIT, OFFSET, FETCH, SETTINGS, UNION, EXCEPT, INTERSECT, COMMENT, INTO OUTFILE, FORMAT, end of query. (SYNTAX_ERROR) (version 24.4.1.2088 (official build))\n", "error_stage": "set_up"}, {"test_case": "test_case_07735_00040", "type": "error", "result_detail": ":HTTPDriver for http://localhost:18123 returned response code 400)\n Code: 62. DB::Exception: Syntax error: failed at position 223 ('(') (line 5, col 93): (ts). Expected one of: FINAL, SAMPLE, table, table function, subquery or list of joined tables, array join, LEFT ARRAY JOIN, INNER, ARRAY JOIN, GLOBAL, LOCAL, ANY, ALL, ASOF, SEMI, ANTI, ONLY, LEFT, RIGHT, FULL, CROSS, PASTE, JOIN, PREWHERE, WHERE, GROUP BY, WITH, HAVING, WINDOW, QUALIFY, ORDER BY, LIMIT, OFFSET, FETCH, SETTINGS, UNION, EXCEPT, INTERSECT, COMMENT, INTO OUTFILE, FORMAT, end of query. (SYNTAX_ERROR) (version 24.4.1.2088 (official build))\n", "error_stage": "set_up"}, {"test_case": "test_case_07735_00014", "type": "error", "result_detail": ":HTTPDriver for http://localhost:18123 returned response code 400)\n Code: 62. DB::Exception: Syntax error: failed at position 223 ('(') (line 5, col 93): (ts). Expected one of: FINAL, SAMPLE, table, table function, subquery or list of joined tables, array join, LEFT ARRAY JOIN, INNER, ARRAY JOIN, GLOBAL, LOCAL, ANY, ALL, ASOF, SEMI, ANTI, ONLY, LEFT, RIGHT, FULL, CROSS, PASTE, JOIN, PREWHERE, WHERE, GROUP BY, WITH, HAVING, WINDOW, QUALIFY, ORDER BY, LIMIT, OFFSET, FETCH, SETTINGS, UNION, EXCEPT, INTERSECT, COMMENT, INTO OUTFILE, FORMAT, end of query. (SYNTAX_ERROR) (version 24.4.1.2088 (official build))\n", "error_stage": "set_up"}, {"test_case": "test_case_07735_00017", "type": "error", "result_detail": ":HTTPDriver for http://localhost:18123 returned response code 400)\n Code: 62. DB::Exception: Syntax error: failed at position 223 ('(') (line 5, col 93): (ts). Expected one of: FINAL, SAMPLE, table, table function, subquery or list of joined tables, array join, LEFT ARRAY JOIN, INNER, ARRAY JOIN, GLOBAL, LOCAL, ANY, ALL, ASOF, SEMI, ANTI, ONLY, LEFT, RIGHT, FULL, CROSS, PASTE, JOIN, PREWHERE, WHERE, GROUP BY, WITH, HAVING, WINDOW, QUALIFY, ORDER BY, LIMIT, OFFSET, FETCH, SETTINGS, UNION, EXCEPT, INTERSECT, COMMENT, INTO OUTFILE, FORMAT, end of query. (SYNTAX_ERROR) (version 24.4.1.2088 (official build))\n", "error_stage": "set_up"}, {"test_case": "test_case_07735_00029", "type": "error", "result_detail": ":HTTPDriver for http://localhost:18123 returned response code 400)\n Code: 62. DB::Exception: Syntax error: failed at position 223 ('(') (line 5, col 93): (ts). Expected one of: FINAL, SAMPLE, table, table function, subquery or list of joined tables, array join, LEFT ARRAY JOIN, INNER, ARRAY JOIN, GLOBAL, LOCAL, ANY, ALL, ASOF, SEMI, ANTI, ONLY, LEFT, RIGHT, FULL, CROSS, PASTE, JOIN, PREWHERE, WHERE, GROUP BY, WITH, HAVING, WINDOW, QUALIFY, ORDER BY, LIMIT, OFFSET, FETCH, SETTINGS, UNION, EXCEPT, INTERSECT, COMMENT, INTO OUTFILE, FORMAT, end of query. (SYNTAX_ERROR) (version 24.4.1.2088 (official build))\n", "error_stage": "set_up"}, {"test_case": "test_case_07735_00032", "type": "error", "result_detail": ":HTTPDriver for http://localhost:18123 returned response code 400)\n Code: 62. DB::Exception: Syntax error: failed at position 223 ('(') (line 5, col 93): (ts). Expected one of: FINAL, SAMPLE, table, table function, subquery or list of joined tables, array join, LEFT ARRAY JOIN, INNER, ARRAY JOIN, GLOBAL, LOCAL, ANY, ALL, ASOF, SEMI, ANTI, ONLY, LEFT, RIGHT, FULL, CROSS, PASTE, JOIN, PREWHERE, WHERE, GROUP BY, WITH, HAVING, WINDOW, QUALIFY, ORDER BY, LIMIT, OFFSET, FETCH, SETTINGS, UNION, EXCEPT, INTERSECT, COMMENT, INTO OUTFILE, FORMAT, end of query. (SYNTAX_ERROR) (version 24.4.1.2088 (official build))\n", "error_stage": "set_up"}, {"test_case": "test_case_07735_00064", "type": "error", "result_detail": ":HTTPDriver for http://localhost:18123 returned response code 400)\n Code: 62. DB::Exception: Syntax error: failed at position 223 ('(') (line 5, col 93): (ts). Expected one of: FINAL, SAMPLE, table, table function, subquery or list of joined tables, array join, LEFT ARRAY JOIN, INNER, ARRAY JOIN, GLOBAL, LOCAL, ANY, ALL, ASOF, SEMI, ANTI, ONLY, LEFT, RIGHT, FULL, CROSS, PASTE, JOIN, PREWHERE, WHERE, GROUP BY, WITH, HAVING, WINDOW, QUALIFY, ORDER BY, LIMIT, OFFSET, FETCH, SETTINGS, UNION, EXCEPT, INTERSECT, COMMENT, INTO OUTFILE, FORMAT, end of query. (SYNTAX_ERROR) (version 24.4.1.2088 (official build))\n", "error_stage": "set_up"}, {"test_case": "test_case_07735_00002", "type": "error", "result_detail": ":HTTPDriver for http://localhost:18123 returned response code 400)\n Code: 62. DB::Exception: Syntax error: failed at position 223 ('(') (line 5, col 93): (ts). Expected one of: FINAL, SAMPLE, table, table function, subquery or list of joined tables, array join, LEFT ARRAY JOIN, INNER, ARRAY JOIN, GLOBAL, LOCAL, ANY, ALL, ASOF, SEMI, ANTI, ONLY, LEFT, RIGHT, FULL, CROSS, PASTE, JOIN, PREWHERE, WHERE, GROUP BY, WITH, HAVING, WINDOW, QUALIFY, ORDER BY, LIMIT, OFFSET, FETCH, SETTINGS, UNION, EXCEPT, INTERSECT, COMMENT, INTO OUTFILE, FORMAT, end of query. (SYNTAX_ERROR) (version 24.4.1.2088 (official build))\n", "error_stage": "set_up"}, {"test_case": "test_case_07735_00022", "type": "error", "result_detail": ":HTTPDriver for http://localhost:18123 returned response code 400)\n Code: 62. DB::Exception: Syntax error: failed at position 223 ('(') (line 5, col 93): (ts). Expected one of: FINAL, SAMPLE, table, table function, subquery or list of joined tables, array join, LEFT ARRAY JOIN, INNER, ARRAY JOIN, GLOBAL, LOCAL, ANY, ALL, ASOF, SEMI, ANTI, ONLY, LEFT, RIGHT, FULL, CROSS, PASTE, JOIN, PREWHERE, WHERE, GROUP BY, WITH, HAVING, WINDOW, QUALIFY, ORDER BY, LIMIT, OFFSET, FETCH, SETTINGS, UNION, EXCEPT, INTERSECT, COMMENT, INTO OUTFILE, FORMAT, end of query. (SYNTAX_ERROR) (version 24.4.1.2088 (official build))\n", "error_stage": "set_up"}, {"test_case": "test_case_07735_00051", "type": "error", "result_detail": ":HTTPDriver for http://localhost:18123 returned response code 400)\n Code: 62. DB::Exception: Syntax error: failed at position 223 ('(') (line 5, col 93): (ts). Expected one of: FINAL, SAMPLE, table, table function, subquery or list of joined tables, array join, LEFT ARRAY JOIN, INNER, ARRAY JOIN, GLOBAL, LOCAL, ANY, ALL, ASOF, SEMI, ANTI, ONLY, LEFT, RIGHT, FULL, CROSS, PASTE, JOIN, PREWHERE, WHERE, GROUP BY, WITH, HAVING, WINDOW, QUALIFY, ORDER BY, LIMIT, OFFSET, FETCH, SETTINGS, UNION, EXCEPT, INTERSECT, COMMENT, INTO OUTFILE, FORMAT, end of query. (SYNTAX_ERROR) (version 24.4.1.2088 (official build))\n", "error_stage": "set_up"}, {"test_case": "test_case_07735_00036", "type": "error", "result_detail": ":HTTPDriver for http://localhost:18123 returned response code 400)\n Code: 62. DB::Exception: Syntax error: failed at position 223 ('(') (line 5, col 93): (ts). Expected one of: FINAL, SAMPLE, table, table function, subquery or list of joined tables, array join, LEFT ARRAY JOIN, INNER, ARRAY JOIN, GLOBAL, LOCAL, ANY, ALL, ASOF, SEMI, ANTI, ONLY, LEFT, RIGHT, FULL, CROSS, PASTE, JOIN, PREWHERE, WHERE, GROUP BY, WITH, HAVING, WINDOW, QUALIFY, ORDER BY, LIMIT, OFFSET, FETCH, SETTINGS, UNION, EXCEPT, INTERSECT, COMMENT, INTO OUTFILE, FORMAT, end of query. (SYNTAX_ERROR) (version 24.4.1.2088 (official build))\n", "error_stage": "set_up"}, {"test_case": "test_case_07735_00004", "type": "error", "result_detail": ":HTTPDriver for http://localhost:18123 returned response code 400)\n Code: 62. DB::Exception: Syntax error: failed at position 223 ('(') (line 5, col 93): (ts). Expected one of: FINAL, SAMPLE, table, table function, subquery or list of joined tables, array join, LEFT ARRAY JOIN, INNER, ARRAY JOIN, GLOBAL, LOCAL, ANY, ALL, ASOF, SEMI, ANTI, ONLY, LEFT, RIGHT, FULL, CROSS, PASTE, JOIN, PREWHERE, WHERE, GROUP BY, WITH, HAVING, WINDOW, QUALIFY, ORDER BY, LIMIT, OFFSET, FETCH, SETTINGS, UNION, EXCEPT, INTERSECT, COMMENT, INTO OUTFILE, FORMAT, end of query. (SYNTAX_ERROR) (version 24.4.1.2088 (official build))\n", "error_stage": "set_up"}, {"test_case": "test_case_07735_00030", "type": "error", "result_detail": ":HTTPDriver for http://localhost:18123 returned response code 400)\n Code: 62. DB::Exception: Syntax error: failed at position 223 ('(') (line 5, col 93): (ts). Expected one of: FINAL, SAMPLE, table, table function, subquery or list of joined tables, array join, LEFT ARRAY JOIN, INNER, ARRAY JOIN, GLOBAL, LOCAL, ANY, ALL, ASOF, SEMI, ANTI, ONLY, LEFT, RIGHT, FULL, CROSS, PASTE, JOIN, PREWHERE, WHERE, GROUP BY, WITH, HAVING, WINDOW, QUALIFY, ORDER BY, LIMIT, OFFSET, FETCH, SETTINGS, UNION, EXCEPT, INTERSECT, COMMENT, INTO OUTFILE, FORMAT, end of query. (SYNTAX_ERROR) (version 24.4.1.2088 (official build))\n", "error_stage": "set_up"}, {"test_case": "test_case_07735_00057", "type": "error", "result_detail": ":HTTPDriver for http://localhost:18123 returned response code 400)\n Code: 62. DB::Exception: Syntax error: failed at position 223 ('(') (line 5, col 93): (ts). Expected one of: FINAL, SAMPLE, table, table function, subquery or list of joined tables, array join, LEFT ARRAY JOIN, INNER, ARRAY JOIN, GLOBAL, LOCAL, ANY, ALL, ASOF, SEMI, ANTI, ONLY, LEFT, RIGHT, FULL, CROSS, PASTE, JOIN, PREWHERE, WHERE, GROUP BY, WITH, HAVING, WINDOW, QUALIFY, ORDER BY, LIMIT, OFFSET, FETCH, SETTINGS, UNION, EXCEPT, INTERSECT, COMMENT, INTO OUTFILE, FORMAT, end of query. (SYNTAX_ERROR) (version 24.4.1.2088 (official build))\n", "error_stage": "set_up"}, {"test_case": "test_case_07735_00068", "type": "error", "result_detail": ":HTTPDriver for http://localhost:18123 returned response code 400)\n Code: 62. DB::Exception: Syntax error: failed at position 223 ('(') (line 5, col 93): (ts). Expected one of: FINAL, SAMPLE, table, table function, subquery or list of joined tables, array join, LEFT ARRAY JOIN, INNER, ARRAY JOIN, GLOBAL, LOCAL, ANY, ALL, ASOF, SEMI, ANTI, ONLY, LEFT, RIGHT, FULL, CROSS, PASTE, JOIN, PREWHERE, WHERE, GROUP BY, WITH, HAVING, WINDOW, QUALIFY, ORDER BY, LIMIT, OFFSET, FETCH, SETTINGS, UNION, EXCEPT, INTERSECT, COMMENT, INTO OUTFILE, FORMAT, end of query. (SYNTAX_ERROR) (version 24.4.1.2088 (official build))\n", "error_stage": "set_up"}, {"test_case": "test_case_07735_00007", "type": "error", "result_detail": ":HTTPDriver for http://localhost:18123 returned response code 400)\n Code: 62. DB::Exception: Syntax error: failed at position 223 ('(') (line 5, col 93): (ts). Expected one of: FINAL, SAMPLE, table, table function, subquery or list of joined tables, array join, LEFT ARRAY JOIN, INNER, ARRAY JOIN, GLOBAL, LOCAL, ANY, ALL, ASOF, SEMI, ANTI, ONLY, LEFT, RIGHT, FULL, CROSS, PASTE, JOIN, PREWHERE, WHERE, GROUP BY, WITH, HAVING, WINDOW, QUALIFY, ORDER BY, LIMIT, OFFSET, FETCH, SETTINGS, UNION, EXCEPT, INTERSECT, COMMENT, INTO OUTFILE, FORMAT, end of query. (SYNTAX_ERROR) (version 24.4.1.2088 (official build))\n", "error_stage": "set_up"}, {"test_case": "test_case_07735_00010", "type": "error", "result_detail": ":HTTPDriver for http://localhost:18123 returned response code 400)\n Code: 62. DB::Exception: Syntax error: failed at position 223 ('(') (line 5, col 93): (ts). Expected one of: FINAL, SAMPLE, table, table function, subquery or list of joined tables, array join, LEFT ARRAY JOIN, INNER, ARRAY JOIN, GLOBAL, LOCAL, ANY, ALL, ASOF, SEMI, ANTI, ONLY, LEFT, RIGHT, FULL, CROSS, PASTE, JOIN, PREWHERE, WHERE, GROUP BY, WITH, HAVING, WINDOW, QUALIFY, ORDER BY, LIMIT, OFFSET, FETCH, SETTINGS, UNION, EXCEPT, INTERSECT, COMMENT, INTO OUTFILE, FORMAT, end of query. (SYNTAX_ERROR) (version 24.4.1.2088 (official build))\n", "error_stage": "set_up"}, {"test_case": "test_case_07735_00006", "type": "error", "result_detail": ":HTTPDriver for http://localhost:18123 returned response code 400)\n Code: 62. DB::Exception: Syntax error: failed at position 223 ('(') (line 5, col 93): (ts). Expected one of: FINAL, SAMPLE, table, table function, subquery or list of joined tables, array join, LEFT ARRAY JOIN, INNER, ARRAY JOIN, GLOBAL, LOCAL, ANY, ALL, ASOF, SEMI, ANTI, ONLY, LEFT, RIGHT, FULL, CROSS, PASTE, JOIN, PREWHERE, WHERE, GROUP BY, WITH, HAVING, WINDOW, QUALIFY, ORDER BY, LIMIT, OFFSET, FETCH, SETTINGS, UNION, EXCEPT, INTERSECT, COMMENT, INTO OUTFILE, FORMAT, end of query. (SYNTAX_ERROR) (version 24.4.1.2088 (official build))\n", "error_stage": "set_up"}, {"test_case": "test_case_07735_00009", "type": "error", "result_detail": ":HTTPDriver for http://localhost:18123 returned response code 400)\n Code: 62. DB::Exception: Syntax error: failed at position 223 ('(') (line 5, col 93): (ts). Expected one of: FINAL, SAMPLE, table, table function, subquery or list of joined tables, array join, LEFT ARRAY JOIN, INNER, ARRAY JOIN, GLOBAL, LOCAL, ANY, ALL, ASOF, SEMI, ANTI, ONLY, LEFT, RIGHT, FULL, CROSS, PASTE, JOIN, PREWHERE, WHERE, GROUP BY, WITH, HAVING, WINDOW, QUALIFY, ORDER BY, LIMIT, OFFSET, FETCH, SETTINGS, UNION, EXCEPT, INTERSECT, COMMENT, INTO OUTFILE, FORMAT, end of query. (SYNTAX_ERROR) (version 24.4.1.2088 (official build))\n", "error_stage": "set_up"}, {"test_case": "test_case_07735_00050", "type": "error", "result_detail": ":HTTPDriver for http://localhost:18123 returned response code 400)\n Code: 62. DB::Exception: Syntax error: failed at position 223 ('(') (line 5, col 93): (ts). Expected one of: FINAL, SAMPLE, table, table function, subquery or list of joined tables, array join, LEFT ARRAY JOIN, INNER, ARRAY JOIN, GLOBAL, LOCAL, ANY, ALL, ASOF, SEMI, ANTI, ONLY, LEFT, RIGHT, FULL, CROSS, PASTE, JOIN, PREWHERE, WHERE, GROUP BY, WITH, HAVING, WINDOW, QUALIFY, ORDER BY, LIMIT, OFFSET, FETCH, SETTINGS, UNION, EXCEPT, INTERSECT, COMMENT, INTO OUTFILE, FORMAT, end of query. (SYNTAX_ERROR) (version 24.4.1.2088 (official build))\n", "error_stage": "set_up"}, {"test_case": "test_case_07735_00008", "type": "error", "result_detail": ":HTTPDriver for http://localhost:18123 returned response code 400)\n Code: 62. DB::Exception: Syntax error: failed at position 223 ('(') (line 5, col 93): (ts). Expected one of: FINAL, SAMPLE, table, table function, subquery or list of joined tables, array join, LEFT ARRAY JOIN, INNER, ARRAY JOIN, GLOBAL, LOCAL, ANY, ALL, ASOF, SEMI, ANTI, ONLY, LEFT, RIGHT, FULL, CROSS, PASTE, JOIN, PREWHERE, WHERE, GROUP BY, WITH, HAVING, WINDOW, QUALIFY, ORDER BY, LIMIT, OFFSET, FETCH, SETTINGS, UNION, EXCEPT, INTERSECT, COMMENT, INTO OUTFILE, FORMAT, end of query. (SYNTAX_ERROR) (version 24.4.1.2088 (official build))\n", "error_stage": "set_up"}, {"test_case": "test_case_07735_00039", "type": "error", "result_detail": ":HTTPDriver for http://localhost:18123 returned response code 400)\n Code: 62. DB::Exception: Syntax error: failed at position 223 ('(') (line 5, col 93): (ts). Expected one of: FINAL, SAMPLE, table, table function, subquery or list of joined tables, array join, LEFT ARRAY JOIN, INNER, ARRAY JOIN, GLOBAL, LOCAL, ANY, ALL, ASOF, SEMI, ANTI, ONLY, LEFT, RIGHT, FULL, CROSS, PASTE, JOIN, PREWHERE, WHERE, GROUP BY, WITH, HAVING, WINDOW, QUALIFY, ORDER BY, LIMIT, OFFSET, FETCH, SETTINGS, UNION, EXCEPT, INTERSECT, COMMENT, INTO OUTFILE, FORMAT, end of query. (SYNTAX_ERROR) (version 24.4.1.2088 (official build))\n", "error_stage": "set_up"}, {"test_case": "test_case_07735_00038", "type": "error", "result_detail": ":HTTPDriver for http://localhost:18123 returned response code 400)\n Code: 62. DB::Exception: Syntax error: failed at position 223 ('(') (line 5, col 93): (ts). Expected one of: FINAL, SAMPLE, table, table function, subquery or list of joined tables, array join, LEFT ARRAY JOIN, INNER, ARRAY JOIN, GLOBAL, LOCAL, ANY, ALL, ASOF, SEMI, ANTI, ONLY, LEFT, RIGHT, FULL, CROSS, PASTE, JOIN, PREWHERE, WHERE, GROUP BY, WITH, HAVING, WINDOW, QUALIFY, ORDER BY, LIMIT, OFFSET, FETCH, SETTINGS, UNION, EXCEPT, INTERSECT, COMMENT, INTO OUTFILE, FORMAT, end of query. (SYNTAX_ERROR) (version 24.4.1.2088 (official build))\n", "error_stage": "set_up"}, {"test_case": "test_case_07735_00021", "type": "error", "result_detail": ":HTTPDriver for http://localhost:18123 returned response code 400)\n Code: 62. DB::Exception: Syntax error: failed at position 223 ('(') (line 5, col 93): (ts). Expected one of: FINAL, SAMPLE, table, table function, subquery or list of joined tables, array join, LEFT ARRAY JOIN, INNER, ARRAY JOIN, GLOBAL, LOCAL, ANY, ALL, ASOF, SEMI, ANTI, ONLY, LEFT, RIGHT, FULL, CROSS, PASTE, JOIN, PREWHERE, WHERE, GROUP BY, WITH, HAVING, WINDOW, QUALIFY, ORDER BY, LIMIT, OFFSET, FETCH, SETTINGS, UNION, EXCEPT, INTERSECT, COMMENT, INTO OUTFILE, FORMAT, end of query. (SYNTAX_ERROR) (version 24.4.1.2088 (official build))\n", "error_stage": "set_up"}, {"test_case": "test_case_07735_00034", "type": "error", "result_detail": ":HTTPDriver for http://localhost:18123 returned response code 400)\n Code: 62. DB::Exception: Syntax error: failed at position 223 ('(') (line 5, col 93): (ts). Expected one of: FINAL, SAMPLE, table, table function, subquery or list of joined tables, array join, LEFT ARRAY JOIN, INNER, ARRAY JOIN, GLOBAL, LOCAL, ANY, ALL, ASOF, SEMI, ANTI, ONLY, LEFT, RIGHT, FULL, CROSS, PASTE, JOIN, PREWHERE, WHERE, GROUP BY, WITH, HAVING, WINDOW, QUALIFY, ORDER BY, LIMIT, OFFSET, FETCH, SETTINGS, UNION, EXCEPT, INTERSECT, COMMENT, INTO OUTFILE, FORMAT, end of query. (SYNTAX_ERROR) (version 24.4.1.2088 (official build))\n", "error_stage": "set_up"}, {"test_case": "test_case_07735_00043", "type": "error", "result_detail": ":HTTPDriver for http://localhost:18123 returned response code 400)\n Code: 62. DB::Exception: Syntax error: failed at position 223 ('(') (line 5, col 93): (ts). Expected one of: FINAL, SAMPLE, table, table function, subquery or list of joined tables, array join, LEFT ARRAY JOIN, INNER, ARRAY JOIN, GLOBAL, LOCAL, ANY, ALL, ASOF, SEMI, ANTI, ONLY, LEFT, RIGHT, FULL, CROSS, PASTE, JOIN, PREWHERE, WHERE, GROUP BY, WITH, HAVING, WINDOW, QUALIFY, ORDER BY, LIMIT, OFFSET, FETCH, SETTINGS, UNION, EXCEPT, INTERSECT, COMMENT, INTO OUTFILE, FORMAT, end of query. (SYNTAX_ERROR) (version 24.4.1.2088 (official build))\n", "error_stage": "set_up"}, {"test_case": "test_case_07735_00052", "type": "error", "result_detail": ":HTTPDriver for http://localhost:18123 returned response code 400)\n Code: 62. DB::Exception: Syntax error: failed at position 223 ('(') (line 5, col 93): (ts). Expected one of: FINAL, SAMPLE, table, table function, subquery or list of joined tables, array join, LEFT ARRAY JOIN, INNER, ARRAY JOIN, GLOBAL, LOCAL, ANY, ALL, ASOF, SEMI, ANTI, ONLY, LEFT, RIGHT, FULL, CROSS, PASTE, JOIN, PREWHERE, WHERE, GROUP BY, WITH, HAVING, WINDOW, QUALIFY, ORDER BY, LIMIT, OFFSET, FETCH, SETTINGS, UNION, EXCEPT, INTERSECT, COMMENT, INTO OUTFILE, FORMAT, end of query. (SYNTAX_ERROR) (version 24.4.1.2088 (official build))\n", "error_stage": "set_up"}, {"test_case": "test_case_07735_00059", "type": "error", "result_detail": ":HTTPDriver for http://localhost:18123 returned response code 400)\n Code: 62. DB::Exception: Syntax error: failed at position 223 ('(') (line 5, col 93): (ts). Expected one of: FINAL, SAMPLE, table, table function, subquery or list of joined tables, array join, LEFT ARRAY JOIN, INNER, ARRAY JOIN, GLOBAL, LOCAL, ANY, ALL, ASOF, SEMI, ANTI, ONLY, LEFT, RIGHT, FULL, CROSS, PASTE, JOIN, PREWHERE, WHERE, GROUP BY, WITH, HAVING, WINDOW, QUALIFY, ORDER BY, LIMIT, OFFSET, FETCH, SETTINGS, UNION, EXCEPT, INTERSECT, COMMENT, INTO OUTFILE, FORMAT, end of query. (SYNTAX_ERROR) (version 24.4.1.2088 (official build))\n", "error_stage": "set_up"}, {"test_case": "test_case_07735_00065", "type": "error", "result_detail": ":HTTPDriver for http://localhost:18123 returned response code 400)\n Code: 62. DB::Exception: Syntax error: failed at position 223 ('(') (line 5, col 93): (ts). Expected one of: FINAL, SAMPLE, table, table function, subquery or list of joined tables, array join, LEFT ARRAY JOIN, INNER, ARRAY JOIN, GLOBAL, LOCAL, ANY, ALL, ASOF, SEMI, ANTI, ONLY, LEFT, RIGHT, FULL, CROSS, PASTE, JOIN, PREWHERE, WHERE, GROUP BY, WITH, HAVING, WINDOW, QUALIFY, ORDER BY, LIMIT, OFFSET, FETCH, SETTINGS, UNION, EXCEPT, INTERSECT, COMMENT, INTO OUTFILE, FORMAT, end of query. (SYNTAX_ERROR) (version 24.4.1.2088 (official build))\n", "error_stage": "set_up"}, {"test_case": "test_case_07735_00027", "type": "error", "result_detail": ":HTTPDriver for http://localhost:18123 returned response code 400)\n Code: 62. DB::Exception: Syntax error: failed at position 223 ('(') (line 5, col 93): (ts). Expected one of: FINAL, SAMPLE, table, table function, subquery or list of joined tables, array join, LEFT ARRAY JOIN, INNER, ARRAY JOIN, GLOBAL, LOCAL, ANY, ALL, ASOF, SEMI, ANTI, ONLY, LEFT, RIGHT, FULL, CROSS, PASTE, JOIN, PREWHERE, WHERE, GROUP BY, WITH, HAVING, WINDOW, QUALIFY, ORDER BY, LIMIT, OFFSET, FETCH, SETTINGS, UNION, EXCEPT, INTERSECT, COMMENT, INTO OUTFILE, FORMAT, end of query. (SYNTAX_ERROR) (version 24.4.1.2088 (official build))\n", "error_stage": "set_up"}, {"test_case": "test_case_07735_00062", "type": "error", "result_detail": ":HTTPDriver for http://localhost:18123 returned response code 400)\n Code: 62. DB::Exception: Syntax error: failed at position 223 ('(') (line 5, col 93): (ts). Expected one of: FINAL, SAMPLE, table, table function, subquery or list of joined tables, array join, LEFT ARRAY JOIN, INNER, ARRAY JOIN, GLOBAL, LOCAL, ANY, ALL, ASOF, SEMI, ANTI, ONLY, LEFT, RIGHT, FULL, CROSS, PASTE, JOIN, PREWHERE, WHERE, GROUP BY, WITH, HAVING, WINDOW, QUALIFY, ORDER BY, LIMIT, OFFSET, FETCH, SETTINGS, UNION, EXCEPT, INTERSECT, COMMENT, INTO OUTFILE, FORMAT, end of query. (SYNTAX_ERROR) (version 24.4.1.2088 (official build))\n", "error_stage": "set_up"}, {"test_case": "test_case_07735_00067", "type": "error", "result_detail": ":HTTPDriver for http://localhost:18123 returned response code 400)\n Code: 62. DB::Exception: Syntax error: failed at position 223 ('(') (line 5, col 93): (ts). Expected one of: FINAL, SAMPLE, table, table function, subquery or list of joined tables, array join, LEFT ARRAY JOIN, INNER, ARRAY JOIN, GLOBAL, LOCAL, ANY, ALL, ASOF, SEMI, ANTI, ONLY, LEFT, RIGHT, FULL, CROSS, PASTE, JOIN, PREWHERE, WHERE, GROUP BY, WITH, HAVING, WINDOW, QUALIFY, ORDER BY, LIMIT, OFFSET, FETCH, SETTINGS, UNION, EXCEPT, INTERSECT, COMMENT, INTO OUTFILE, FORMAT, end of query. (SYNTAX_ERROR) (version 24.4.1.2088 (official build))\n", "error_stage": "set_up"}, {"test_case": "test_case_07735_00031", "type": "error", "result_detail": ":HTTPDriver for http://localhost:18123 returned response code 400)\n Code: 62. DB::Exception: Syntax error: failed at position 223 ('(') (line 5, col 93): (ts). Expected one of: FINAL, SAMPLE, table, table function, subquery or list of joined tables, array join, LEFT ARRAY JOIN, INNER, ARRAY JOIN, GLOBAL, LOCAL, ANY, ALL, ASOF, SEMI, ANTI, ONLY, LEFT, RIGHT, FULL, CROSS, PASTE, JOIN, PREWHERE, WHERE, GROUP BY, WITH, HAVING, WINDOW, QUALIFY, ORDER BY, LIMIT, OFFSET, FETCH, SETTINGS, UNION, EXCEPT, INTERSECT, COMMENT, INTO OUTFILE, FORMAT, end of query. (SYNTAX_ERROR) (version 24.4.1.2088 (official build))\n", "error_stage": "set_up"}, {"test_case": "test_case_07735_00020", "type": "error", "result_detail": ":HTTPDriver for http://localhost:18123 returned response code 400)\n Code: 62. DB::Exception: Syntax error: failed at position 223 ('(') (line 5, col 93): (ts). Expected one of: FINAL, SAMPLE, table, table function, subquery or list of joined tables, array join, LEFT ARRAY JOIN, INNER, ARRAY JOIN, GLOBAL, LOCAL, ANY, ALL, ASOF, SEMI, ANTI, ONLY, LEFT, RIGHT, FULL, CROSS, PASTE, JOIN, PREWHERE, WHERE, GROUP BY, WITH, HAVING, WINDOW, QUALIFY, ORDER BY, LIMIT, OFFSET, FETCH, SETTINGS, UNION, EXCEPT, INTERSECT, COMMENT, INTO OUTFILE, FORMAT, end of query. (SYNTAX_ERROR) (version 24.4.1.2088 (official build))\n", "error_stage": "set_up"}, {"test_case": "test_case_07735_00045", "type": "error", "result_detail": ":HTTPDriver for http://localhost:18123 returned response code 400)\n Code: 62. DB::Exception: Syntax error: failed at position 223 ('(') (line 5, col 93): (ts). Expected one of: FINAL, SAMPLE, table, table function, subquery or list of joined tables, array join, LEFT ARRAY JOIN, INNER, ARRAY JOIN, GLOBAL, LOCAL, ANY, ALL, ASOF, SEMI, ANTI, ONLY, LEFT, RIGHT, FULL, CROSS, PASTE, JOIN, PREWHERE, WHERE, GROUP BY, WITH, HAVING, WINDOW, QUALIFY, ORDER BY, LIMIT, OFFSET, FETCH, SETTINGS, UNION, EXCEPT, INTERSECT, COMMENT, INTO OUTFILE, FORMAT, end of query. (SYNTAX_ERROR) (version 24.4.1.2088 (official build))\n", "error_stage": "set_up"}, {"test_case": "test_case_07735_00066", "type": "error", "result_detail": ":HTTPDriver for http://localhost:18123 returned response code 400)\n Code: 62. DB::Exception: Syntax error: failed at position 223 ('(') (line 5, col 93): (ts). Expected one of: FINAL, SAMPLE, table, table function, subquery or list of joined tables, array join, LEFT ARRAY JOIN, INNER, ARRAY JOIN, GLOBAL, LOCAL, ANY, ALL, ASOF, SEMI, ANTI, ONLY, LEFT, RIGHT, FULL, CROSS, PASTE, JOIN, PREWHERE, WHERE, GROUP BY, WITH, HAVING, WINDOW, QUALIFY, ORDER BY, LIMIT, OFFSET, FETCH, SETTINGS, UNION, EXCEPT, INTERSECT, COMMENT, INTO OUTFILE, FORMAT, end of query. (SYNTAX_ERROR) (version 24.4.1.2088 (official build))\n", "error_stage": "set_up"}, {"test_case": "test_case_07735_00026", "type": "error", "result_detail": ":HTTPDriver for http://localhost:18123 returned response code 400)\n Code: 62. DB::Exception: Syntax error: failed at position 223 ('(') (line 5, col 93): (ts). Expected one of: FINAL, SAMPLE, table, table function, subquery or list of joined tables, array join, LEFT ARRAY JOIN, INNER, ARRAY JOIN, GLOBAL, LOCAL, ANY, ALL, ASOF, SEMI, ANTI, ONLY, LEFT, RIGHT, FULL, CROSS, PASTE, JOIN, PREWHERE, WHERE, GROUP BY, WITH, HAVING, WINDOW, QUALIFY, ORDER BY, LIMIT, OFFSET, FETCH, SETTINGS, UNION, EXCEPT, INTERSECT, COMMENT, INTO OUTFILE, FORMAT, end of query. (SYNTAX_ERROR) (version 24.4.1.2088 (official build))\n", "error_stage": "set_up"}, {"test_case": "test_case_07735_00058", "type": "error", "result_detail": ":HTTPDriver for http://localhost:18123 returned response code 400)\n Code: 62. DB::Exception: Syntax error: failed at position 223 ('(') (line 5, col 93): (ts). Expected one of: FINAL, SAMPLE, table, table function, subquery or list of joined tables, array join, LEFT ARRAY JOIN, INNER, ARRAY JOIN, GLOBAL, LOCAL, ANY, ALL, ASOF, SEMI, ANTI, ONLY, LEFT, RIGHT, FULL, CROSS, PASTE, JOIN, PREWHERE, WHERE, GROUP BY, WITH, HAVING, WINDOW, QUALIFY, ORDER BY, LIMIT, OFFSET, FETCH, SETTINGS, UNION, EXCEPT, INTERSECT, COMMENT, INTO OUTFILE, FORMAT, end of query. (SYNTAX_ERROR) (version 24.4.1.2088 (official build))\n", "error_stage": "set_up"}, {"test_case": "test_case_07735_00019", "type": "error", "result_detail": ":HTTPDriver for http://localhost:18123 returned response code 400)\n Code: 62. DB::Exception: Syntax error: failed at position 223 ('(') (line 5, col 93): (ts). Expected one of: FINAL, SAMPLE, table, table function, subquery or list of joined tables, array join, LEFT ARRAY JOIN, INNER, ARRAY JOIN, GLOBAL, LOCAL, ANY, ALL, ASOF, SEMI, ANTI, ONLY, LEFT, RIGHT, FULL, CROSS, PASTE, JOIN, PREWHERE, WHERE, GROUP BY, WITH, HAVING, WINDOW, QUALIFY, ORDER BY, LIMIT, OFFSET, FETCH, SETTINGS, UNION, EXCEPT, INTERSECT, COMMENT, INTO OUTFILE, FORMAT, end of query. (SYNTAX_ERROR) (version 24.4.1.2088 (official build))\n", "error_stage": "set_up"}, {"test_case": "test_case_07735_00018", "type": "error", "result_detail": ":HTTPDriver for http://localhost:18123 returned response code 400)\n Code: 62. DB::Exception: Syntax error: failed at position 223 ('(') (line 5, col 93): (ts). Expected one of: FINAL, SAMPLE, table, table function, subquery or list of joined tables, array join, LEFT ARRAY JOIN, INNER, ARRAY JOIN, GLOBAL, LOCAL, ANY, ALL, ASOF, SEMI, ANTI, ONLY, LEFT, RIGHT, FULL, CROSS, PASTE, JOIN, PREWHERE, WHERE, GROUP BY, WITH, HAVING, WINDOW, QUALIFY, ORDER BY, LIMIT, OFFSET, FETCH, SETTINGS, UNION, EXCEPT, INTERSECT, COMMENT, INTO OUTFILE, FORMAT, end of query. (SYNTAX_ERROR) (version 24.4.1.2088 (official build))\n", "error_stage": "set_up"}, {"test_case": "test_case_07735_00016", "type": "error", "result_detail": ":HTTPDriver for http://localhost:18123 returned response code 400)\n Code: 62. DB::Exception: Syntax error: failed at position 223 ('(') (line 5, col 93): (ts). Expected one of: FINAL, SAMPLE, table, table function, subquery or list of joined tables, array join, LEFT ARRAY JOIN, INNER, ARRAY JOIN, GLOBAL, LOCAL, ANY, ALL, ASOF, SEMI, ANTI, ONLY, LEFT, RIGHT, FULL, CROSS, PASTE, JOIN, PREWHERE, WHERE, GROUP BY, WITH, HAVING, WINDOW, QUALIFY, ORDER BY, LIMIT, OFFSET, FETCH, SETTINGS, UNION, EXCEPT, INTERSECT, COMMENT, INTO OUTFILE, FORMAT, end of query. (SYNTAX_ERROR) (version 24.4.1.2088 (official build))\n", "error_stage": "set_up"}, {"test_case": "test_case_07735_00035", "type": "error", "result_detail": ":HTTPDriver for http://localhost:18123 returned response code 400)\n Code: 62. DB::Exception: Syntax error: failed at position 223 ('(') (line 5, col 93): (ts). Expected one of: FINAL, SAMPLE, table, table function, subquery or list of joined tables, array join, LEFT ARRAY JOIN, INNER, ARRAY JOIN, GLOBAL, LOCAL, ANY, ALL, ASOF, SEMI, ANTI, ONLY, LEFT, RIGHT, FULL, CROSS, PASTE, JOIN, PREWHERE, WHERE, GROUP BY, WITH, HAVING, WINDOW, QUALIFY, ORDER BY, LIMIT, OFFSET, FETCH, SETTINGS, UNION, EXCEPT, INTERSECT, COMMENT, INTO OUTFILE, FORMAT, end of query. (SYNTAX_ERROR) (version 24.4.1.2088 (official build))\n", "error_stage": "set_up"}, {"test_case": "test_case_07735_00011", "type": "error", "result_detail": ":HTTPDriver for http://localhost:18123 returned response code 400)\n Code: 62. DB::Exception: Syntax error: failed at position 223 ('(') (line 5, col 93): (ts). Expected one of: FINAL, SAMPLE, table, table function, subquery or list of joined tables, array join, LEFT ARRAY JOIN, INNER, ARRAY JOIN, GLOBAL, LOCAL, ANY, ALL, ASOF, SEMI, ANTI, ONLY, LEFT, RIGHT, FULL, CROSS, PASTE, JOIN, PREWHERE, WHERE, GROUP BY, WITH, HAVING, WINDOW, QUALIFY, ORDER BY, LIMIT, OFFSET, FETCH, SETTINGS, UNION, EXCEPT, INTERSECT, COMMENT, INTO OUTFILE, FORMAT, end of query. (SYNTAX_ERROR) (version 24.4.1.2088 (official build))\n", "error_stage": "set_up"}, {"test_case": "test_case_07735_00060", "type": "error", "result_detail": ":HTTPDriver for http://localhost:18123 returned response code 400)\n Code: 62. DB::Exception: Syntax error: failed at position 223 ('(') (line 5, col 93): (ts). Expected one of: FINAL, SAMPLE, table, table function, subquery or list of joined tables, array join, LEFT ARRAY JOIN, INNER, ARRAY JOIN, GLOBAL, LOCAL, ANY, ALL, ASOF, SEMI, ANTI, ONLY, LEFT, RIGHT, FULL, CROSS, PASTE, JOIN, PREWHERE, WHERE, GROUP BY, WITH, HAVING, WINDOW, QUALIFY, ORDER BY, LIMIT, OFFSET, FETCH, SETTINGS, UNION, EXCEPT, INTERSECT, COMMENT, INTO OUTFILE, FORMAT, end of query. (SYNTAX_ERROR) (version 24.4.1.2088 (official build))\n", "error_stage": "set_up"}, {"test_case": "test_case_07735_00044", "type": "error", "result_detail": ":HTTPDriver for http://localhost:18123 returned response code 400)\n Code: 62. DB::Exception: Syntax error: failed at position 223 ('(') (line 5, col 93): (ts). Expected one of: FINAL, SAMPLE, table, table function, subquery or list of joined tables, array join, LEFT ARRAY JOIN, INNER, ARRAY JOIN, GLOBAL, LOCAL, ANY, ALL, ASOF, SEMI, ANTI, ONLY, LEFT, RIGHT, FULL, CROSS, PASTE, JOIN, PREWHERE, WHERE, GROUP BY, WITH, HAVING, WINDOW, QUALIFY, ORDER BY, LIMIT, OFFSET, FETCH, SETTINGS, UNION, EXCEPT, INTERSECT, COMMENT, INTO OUTFILE, FORMAT, end of query. (SYNTAX_ERROR) (version 24.4.1.2088 (official build))\n", "error_stage": "set_up"}, {"test_case": "test_case_07735_00056", "type": "error", "result_detail": ":HTTPDriver for http://localhost:18123 returned response code 400)\n Code: 62. DB::Exception: Syntax error: failed at position 223 ('(') (line 5, col 93): (ts). Expected one of: FINAL, SAMPLE, table, table function, subquery or list of joined tables, array join, LEFT ARRAY JOIN, INNER, ARRAY JOIN, GLOBAL, LOCAL, ANY, ALL, ASOF, SEMI, ANTI, ONLY, LEFT, RIGHT, FULL, CROSS, PASTE, JOIN, PREWHERE, WHERE, GROUP BY, WITH, HAVING, WINDOW, QUALIFY, ORDER BY, LIMIT, OFFSET, FETCH, SETTINGS, UNION, EXCEPT, INTERSECT, COMMENT, INTO OUTFILE, FORMAT, end of query. (SYNTAX_ERROR) (version 24.4.1.2088 (official build))\n", "error_stage": "set_up"}, {"test_case": "test_case_07735_00033", "type": "error", "result_detail": ":HTTPDriver for http://localhost:18123 returned response code 400)\n Code: 62. DB::Exception: Syntax error: failed at position 223 ('(') (line 5, col 93): (ts). Expected one of: FINAL, SAMPLE, table, table function, subquery or list of joined tables, array join, LEFT ARRAY JOIN, INNER, ARRAY JOIN, GLOBAL, LOCAL, ANY, ALL, ASOF, SEMI, ANTI, ONLY, LEFT, RIGHT, FULL, CROSS, PASTE, JOIN, PREWHERE, WHERE, GROUP BY, WITH, HAVING, WINDOW, QUALIFY, ORDER BY, LIMIT, OFFSET, FETCH, SETTINGS, UNION, EXCEPT, INTERSECT, COMMENT, INTO OUTFILE, FORMAT, end of query. (SYNTAX_ERROR) (version 24.4.1.2088 (official build))\n", "error_stage": "set_up"}, {"test_case": "test_case_07735_00015", "type": "error", "result_detail": ":HTTPDriver for http://localhost:18123 returned response code 400)\n Code: 62. DB::Exception: Syntax error: failed at position 223 ('(') (line 5, col 93): (ts). Expected one of: FINAL, SAMPLE, table, table function, subquery or list of joined tables, array join, LEFT ARRAY JOIN, INNER, ARRAY JOIN, GLOBAL, LOCAL, ANY, ALL, ASOF, SEMI, ANTI, ONLY, LEFT, RIGHT, FULL, CROSS, PASTE, JOIN, PREWHERE, WHERE, GROUP BY, WITH, HAVING, WINDOW, QUALIFY, ORDER BY, LIMIT, OFFSET, FETCH, SETTINGS, UNION, EXCEPT, INTERSECT, COMMENT, INTO OUTFILE, FORMAT, end of query. (SYNTAX_ERROR) (version 24.4.1.2088 (official build))\n", "error_stage": "set_up"}, {"test_case": "test_case_07735_00003", "type": "error", "result_detail": ":HTTPDriver for http://localhost:18123 returned response code 400)\n Code: 62. DB::Exception: Syntax error: failed at position 223 ('(') (line 5, col 93): (ts). Expected one of: FINAL, SAMPLE, table, table function, subquery or list of joined tables, array join, LEFT ARRAY JOIN, INNER, ARRAY JOIN, GLOBAL, LOCAL, ANY, ALL, ASOF, SEMI, ANTI, ONLY, LEFT, RIGHT, FULL, CROSS, PASTE, JOIN, PREWHERE, WHERE, GROUP BY, WITH, HAVING, WINDOW, QUALIFY, ORDER BY, LIMIT, OFFSET, FETCH, SETTINGS, UNION, EXCEPT, INTERSECT, COMMENT, INTO OUTFILE, FORMAT, end of query. (SYNTAX_ERROR) (version 24.4.1.2088 (official build))\n", "error_stage": "set_up"}, {"test_case": "test_case_07735_00041", "type": "error", "result_detail": ":HTTPDriver for http://localhost:18123 returned response code 400)\n Code: 62. DB::Exception: Syntax error: failed at position 223 ('(') (line 5, col 93): (ts). Expected one of: FINAL, SAMPLE, table, table function, subquery or list of joined tables, array join, LEFT ARRAY JOIN, INNER, ARRAY JOIN, GLOBAL, LOCAL, ANY, ALL, ASOF, SEMI, ANTI, ONLY, LEFT, RIGHT, FULL, CROSS, PASTE, JOIN, PREWHERE, WHERE, GROUP BY, WITH, HAVING, WINDOW, QUALIFY, ORDER BY, LIMIT, OFFSET, FETCH, SETTINGS, UNION, EXCEPT, INTERSECT, COMMENT, INTO OUTFILE, FORMAT, end of query. (SYNTAX_ERROR) (version 24.4.1.2088 (official build))\n", "error_stage": "set_up"}, {"test_case": "test_case_07735_00061", "type": "error", "result_detail": ":HTTPDriver for http://localhost:18123 returned response code 400)\n Code: 62. DB::Exception: Syntax error: failed at position 223 ('(') (line 5, col 93): (ts). Expected one of: FINAL, SAMPLE, table, table function, subquery or list of joined tables, array join, LEFT ARRAY JOIN, INNER, ARRAY JOIN, GLOBAL, LOCAL, ANY, ALL, ASOF, SEMI, ANTI, ONLY, LEFT, RIGHT, FULL, CROSS, PASTE, JOIN, PREWHERE, WHERE, GROUP BY, WITH, HAVING, WINDOW, QUALIFY, ORDER BY, LIMIT, OFFSET, FETCH, SETTINGS, UNION, EXCEPT, INTERSECT, COMMENT, INTO OUTFILE, FORMAT, end of query. (SYNTAX_ERROR) (version 24.4.1.2088 (official build))\n", "error_stage": "set_up"}, {"test_case": "test_case_07735_00053", "type": "error", "result_detail": ":HTTPDriver for http://localhost:18123 returned response code 400)\n Code: 62. DB::Exception: Syntax error: failed at position 223 ('(') (line 5, col 93): (ts). Expected one of: FINAL, SAMPLE, table, table function, subquery or list of joined tables, array join, LEFT ARRAY JOIN, INNER, ARRAY JOIN, GLOBAL, LOCAL, ANY, ALL, ASOF, SEMI, ANTI, ONLY, LEFT, RIGHT, FULL, CROSS, PASTE, JOIN, PREWHERE, WHERE, GROUP BY, WITH, HAVING, WINDOW, QUALIFY, ORDER BY, LIMIT, OFFSET, FETCH, SETTINGS, UNION, EXCEPT, INTERSECT, COMMENT, INTO OUTFILE, FORMAT, end of query. (SYNTAX_ERROR) (version 24.4.1.2088 (official build))\n", "error_stage": "set_up"}, {"test_case": "test_case_07735_00048", "type": "error", "result_detail": ":HTTPDriver for http://localhost:18123 returned response code 400)\n Code: 62. DB::Exception: Syntax error: failed at position 223 ('(') (line 5, col 93): (ts). Expected one of: FINAL, SAMPLE, table, table function, subquery or list of joined tables, array join, LEFT ARRAY JOIN, INNER, ARRAY JOIN, GLOBAL, LOCAL, ANY, ALL, ASOF, SEMI, ANTI, ONLY, LEFT, RIGHT, FULL, CROSS, PASTE, JOIN, PREWHERE, WHERE, GROUP BY, WITH, HAVING, WINDOW, QUALIFY, ORDER BY, LIMIT, OFFSET, FETCH, SETTINGS, UNION, EXCEPT, INTERSECT, COMMENT, INTO OUTFILE, FORMAT, end of query. (SYNTAX_ERROR) (version 24.4.1.2088 (official build))\n", "error_stage": "set_up"}, {"test_case": "test_case_07735_00001", "type": "error", "result_detail": ":HTTPDriver for http://localhost:18123 returned response code 400)\n Code: 62. DB::Exception: Syntax error: failed at position 223 ('(') (line 5, col 93): (ts). Expected one of: FINAL, SAMPLE, table, table function, subquery or list of joined tables, array join, LEFT ARRAY JOIN, INNER, ARRAY JOIN, GLOBAL, LOCAL, ANY, ALL, ASOF, SEMI, ANTI, ONLY, LEFT, RIGHT, FULL, CROSS, PASTE, JOIN, PREWHERE, WHERE, GROUP BY, WITH, HAVING, WINDOW, QUALIFY, ORDER BY, LIMIT, OFFSET, FETCH, SETTINGS, UNION, EXCEPT, INTERSECT, COMMENT, INTO OUTFILE, FORMAT, end of query. (SYNTAX_ERROR) (version 24.4.1.2088 (official build))\n", "error_stage": "set_up"}, {"test_case": "test_case_07735_00024", "type": "error", "result_detail": ":HTTPDriver for http://localhost:18123 returned response code 400)\n Code: 62. DB::Exception: Syntax error: failed at position 223 ('(') (line 5, col 93): (ts). Expected one of: FINAL, SAMPLE, table, table function, subquery or list of joined tables, array join, LEFT ARRAY JOIN, INNER, ARRAY JOIN, GLOBAL, LOCAL, ANY, ALL, ASOF, SEMI, ANTI, ONLY, LEFT, RIGHT, FULL, CROSS, PASTE, JOIN, PREWHERE, WHERE, GROUP BY, WITH, HAVING, WINDOW, QUALIFY, ORDER BY, LIMIT, OFFSET, FETCH, SETTINGS, UNION, EXCEPT, INTERSECT, COMMENT, INTO OUTFILE, FORMAT, end of query. (SYNTAX_ERROR) (version 24.4.1.2088 (official build))\n", "error_stage": "set_up"}, {"test_case": "test_case_07735_00023", "type": "error", "result_detail": ":HTTPDriver for http://localhost:18123 returned response code 400)\n Code: 62. DB::Exception: Syntax error: failed at position 223 ('(') (line 5, col 93): (ts). Expected one of: FINAL, SAMPLE, table, table function, subquery or list of joined tables, array join, LEFT ARRAY JOIN, INNER, ARRAY JOIN, GLOBAL, LOCAL, ANY, ALL, ASOF, SEMI, ANTI, ONLY, LEFT, RIGHT, FULL, CROSS, PASTE, JOIN, PREWHERE, WHERE, GROUP BY, WITH, HAVING, WINDOW, QUALIFY, ORDER BY, LIMIT, OFFSET, FETCH, SETTINGS, UNION, EXCEPT, INTERSECT, COMMENT, INTO OUTFILE, FORMAT, end of query. (SYNTAX_ERROR) (version 24.4.1.2088 (official build))\n", "error_stage": "set_up"}, {"test_case": "test_case_07735_00046", "type": "error", "result_detail": ":HTTPDriver for http://localhost:18123 returned response code 400)\n Code: 62. DB::Exception: Syntax error: failed at position 223 ('(') (line 5, col 93): (ts). Expected one of: FINAL, SAMPLE, table, table function, subquery or list of joined tables, array join, LEFT ARRAY JOIN, INNER, ARRAY JOIN, GLOBAL, LOCAL, ANY, ALL, ASOF, SEMI, ANTI, ONLY, LEFT, RIGHT, FULL, CROSS, PASTE, JOIN, PREWHERE, WHERE, GROUP BY, WITH, HAVING, WINDOW, QUALIFY, ORDER BY, LIMIT, OFFSET, FETCH, SETTINGS, UNION, EXCEPT, INTERSECT, COMMENT, INTO OUTFILE, FORMAT, end of query. (SYNTAX_ERROR) (version 24.4.1.2088 (official build))\n", "error_stage": "set_up"}, {"test_case": "test_case_07735_00047", "type": "error", "result_detail": ":HTTPDriver for http://localhost:18123 returned response code 400)\n Code: 62. DB::Exception: Syntax error: failed at position 223 ('(') (line 5, col 93): (ts). Expected one of: FINAL, SAMPLE, table, table function, subquery or list of joined tables, array join, LEFT ARRAY JOIN, INNER, ARRAY JOIN, GLOBAL, LOCAL, ANY, ALL, ASOF, SEMI, ANTI, ONLY, LEFT, RIGHT, FULL, CROSS, PASTE, JOIN, PREWHERE, WHERE, GROUP BY, WITH, HAVING, WINDOW, QUALIFY, ORDER BY, LIMIT, OFFSET, FETCH, SETTINGS, UNION, EXCEPT, INTERSECT, COMMENT, INTO OUTFILE, FORMAT, end of query. (SYNTAX_ERROR) (version 24.4.1.2088 (official build))\n", "error_stage": "set_up"}, {"test_case": "test_case_07735_00013", "type": "error", "result_detail": ":HTTPDriver for http://localhost:18123 returned response code 400)\n Code: 62. DB::Exception: Syntax error: failed at position 223 ('(') (line 5, col 93): (ts). Expected one of: FINAL, SAMPLE, table, table function, subquery or list of joined tables, array join, LEFT ARRAY JOIN, INNER, ARRAY JOIN, GLOBAL, LOCAL, ANY, ALL, ASOF, SEMI, ANTI, ONLY, LEFT, RIGHT, FULL, CROSS, PASTE, JOIN, PREWHERE, WHERE, GROUP BY, WITH, HAVING, WINDOW, QUALIFY, ORDER BY, LIMIT, OFFSET, FETCH, SETTINGS, UNION, EXCEPT, INTERSECT, COMMENT, INTO OUTFILE, FORMAT, end of query. (SYNTAX_ERROR) (version 24.4.1.2088 (official build))\n", "error_stage": "set_up"}, {"test_case": "test_case_07735_00012", "type": "error", "result_detail": ":HTTPDriver for http://localhost:18123 returned response code 400)\n Code: 62. DB::Exception: Syntax error: failed at position 223 ('(') (line 5, col 93): (ts). Expected one of: FINAL, SAMPLE, table, table function, subquery or list of joined tables, array join, LEFT ARRAY JOIN, INNER, ARRAY JOIN, GLOBAL, LOCAL, ANY, ALL, ASOF, SEMI, ANTI, ONLY, LEFT, RIGHT, FULL, CROSS, PASTE, JOIN, PREWHERE, WHERE, GROUP BY, WITH, HAVING, WINDOW, QUALIFY, ORDER BY, LIMIT, OFFSET, FETCH, SETTINGS, UNION, EXCEPT, INTERSECT, COMMENT, INTO OUTFILE, FORMAT, end of query. (SYNTAX_ERROR) (version 24.4.1.2088 (official build))\n", "error_stage": "set_up"}, {"test_case": "test_case_07735_00005", "type": "error", "result_detail": ":HTTPDriver for http://localhost:18123 returned response code 400)\n Code: 62. DB::Exception: Syntax error: failed at position 223 ('(') (line 5, col 93): (ts). Expected one of: FINAL, SAMPLE, table, table function, subquery or list of joined tables, array join, LEFT ARRAY JOIN, INNER, ARRAY JOIN, GLOBAL, LOCAL, ANY, ALL, ASOF, SEMI, ANTI, ONLY, LEFT, RIGHT, FULL, CROSS, PASTE, JOIN, PREWHERE, WHERE, GROUP BY, WITH, HAVING, WINDOW, QUALIFY, ORDER BY, LIMIT, OFFSET, FETCH, SETTINGS, UNION, EXCEPT, INTERSECT, COMMENT, INTO OUTFILE, FORMAT, end of query. (SYNTAX_ERROR) (version 24.4.1.2088 (official build))\n", "error_stage": "set_up"}, {"test_case": "test_case_07735_00054", "type": "error", "result_detail": ":HTTPDriver for http://localhost:18123 returned response code 400)\n Code: 62. DB::Exception: Syntax error: failed at position 223 ('(') (line 5, col 93): (ts). Expected one of: FINAL, SAMPLE, table, table function, subquery or list of joined tables, array join, LEFT ARRAY JOIN, INNER, ARRAY JOIN, GLOBAL, LOCAL, ANY, ALL, ASOF, SEMI, ANTI, ONLY, LEFT, RIGHT, FULL, CROSS, PASTE, JOIN, PREWHERE, WHERE, GROUP BY, WITH, HAVING, WINDOW, QUALIFY, ORDER BY, LIMIT, OFFSET, FETCH, SETTINGS, UNION, EXCEPT, INTERSECT, COMMENT, INTO OUTFILE, FORMAT, end of query. (SYNTAX_ERROR) (version 24.4.1.2088 (official build))\n", "error_stage": "set_up"}, {"test_case": "test_case_07735_00028", "type": "error", "result_detail": ":HTTPDriver for http://localhost:18123 returned response code 400)\n Code: 62. DB::Exception: Syntax error: failed at position 223 ('(') (line 5, col 93): (ts). Expected one of: FINAL, SAMPLE, table, table function, subquery or list of joined tables, array join, LEFT ARRAY JOIN, INNER, ARRAY JOIN, GLOBAL, LOCAL, ANY, ALL, ASOF, SEMI, ANTI, ONLY, LEFT, RIGHT, FULL, CROSS, PASTE, JOIN, PREWHERE, WHERE, GROUP BY, WITH, HAVING, WINDOW, QUALIFY, ORDER BY, LIMIT, OFFSET, FETCH, SETTINGS, UNION, EXCEPT, INTERSECT, COMMENT, INTO OUTFILE, FORMAT, end of query. (SYNTAX_ERROR) (version 24.4.1.2088 (official build))\n", "error_stage": "set_up"}, {"test_case": "test_case_07735_00055", "type": "error", "result_detail": ":HTTPDriver for http://localhost:18123 returned response code 400)\n Code: 62. DB::Exception: Syntax error: failed at position 223 ('(') (line 5, col 93): (ts). Expected one of: FINAL, SAMPLE, table, table function, subquery or list of joined tables, array join, LEFT ARRAY JOIN, INNER, ARRAY JOIN, GLOBAL, LOCAL, ANY, ALL, ASOF, SEMI, ANTI, ONLY, LEFT, RIGHT, FULL, CROSS, PASTE, JOIN, PREWHERE, WHERE, GROUP BY, WITH, HAVING, WINDOW, QUALIFY, ORDER BY, LIMIT, OFFSET, FETCH, SETTINGS, UNION, EXCEPT, INTERSECT, COMMENT, INTO OUTFILE, FORMAT, end of query. (SYNTAX_ERROR) (version 24.4.1.2088 (official build))\n", "error_stage": "set_up"}, {"test_case": "test_case_07735_00049", "type": "error", "result_detail": ":HTTPDriver for http://localhost:18123 returned response code 400)\n Code: 62. DB::Exception: Syntax error: failed at position 223 ('(') (line 5, col 93): (ts). Expected one of: FINAL, SAMPLE, table, table function, subquery or list of joined tables, array join, LEFT ARRAY JOIN, INNER, ARRAY JOIN, GLOBAL, LOCAL, ANY, ALL, ASOF, SEMI, ANTI, ONLY, LEFT, RIGHT, FULL, CROSS, PASTE, JOIN, PREWHERE, WHERE, GROUP BY, WITH, HAVING, WINDOW, QUALIFY, ORDER BY, LIMIT, OFFSET, FETCH, SETTINGS, UNION, EXCEPT, INTERSECT, COMMENT, INTO OUTFILE, FORMAT, end of query. (SYNTAX_ERROR) (version 24.4.1.2088 (official build))\n", "error_stage": "set_up"}, {"test_case": "test_case_07735_00000", "type": "error", "result_detail": ":HTTPDriver for http://localhost:18123 returned response code 400)\n Code: 62. DB::Exception: Syntax error: failed at position 223 ('(') (line 5, col 93): (ts). Expected one of: FINAL, SAMPLE, table, table function, subquery or list of joined tables, array join, LEFT ARRAY JOIN, INNER, ARRAY JOIN, GLOBAL, LOCAL, ANY, ALL, ASOF, SEMI, ANTI, ONLY, LEFT, RIGHT, FULL, CROSS, PASTE, JOIN, PREWHERE, WHERE, GROUP BY, WITH, HAVING, WINDOW, QUALIFY, ORDER BY, LIMIT, OFFSET, FETCH, SETTINGS, UNION, EXCEPT, INTERSECT, COMMENT, INTO OUTFILE, FORMAT, end of query. (SYNTAX_ERROR) (version 24.4.1.2088 (official build))\n", "error_stage": "set_up"}]