[{"test_case": "test_case_00049_00010", "type": "error", "result_detail": ":HTTPDriver for http://localhost:18123 returned response code 400)\n Code: 62. DB::Exception: Syntax error: failed at position 6 (end of query): . Expected TRANSACTION. (SYNTAX_ERROR) (version 24.4.1.2088 (official build))\n", "error_stage": "set_up"}, {"test_case": "test_case_00049_00014", "type": "error", "result_detail": ":HTTPDriver for http://localhost:18123 returned response code 400)\n Code: 62. DB::Exception: Syntax error: failed at position 6 (end of query): . Expected TRANSACTION. (SYNTAX_ERROR) (version 24.4.1.2088 (official build))\n", "error_stage": "set_up"}, {"test_case": "test_case_00049_00007", "type": "error", "result_detail": ":HTTPDriver for http://localhost:18123 returned response code 400)\n Code: 62. DB::Exception: Syntax error: failed at position 6 (end of query): . Expected TRANSACTION. (SYNTAX_ERROR) (version 24.4.1.2088 (official build))\n", "error_stage": "set_up"}, {"test_case": "test_case_00049_00013", "type": "error", "result_detail": ":HTTPDriver for http://localhost:18123 returned response code 400)\n Code: 62. DB::Exception: Syntax error: failed at position 6 (end of query): . Expected TRANSACTION. (SYNTAX_ERROR) (version 24.4.1.2088 (official build))\n", "error_stage": "set_up"}, {"test_case": "test_case_00049_00006", "type": "error", "result_detail": ":HTTPDriver for http://localhost:18123 returned response code 400)\n Code: 62. DB::Exception: Syntax error: failed at position 6 (end of query): . Expected TRANSACTION. (SYNTAX_ERROR) (version 24.4.1.2088 (official build))\n", "error_stage": "set_up"}, {"test_case": "test_case_00049_00005", "type": "error", "result_detail": ":HTTPDriver for http://localhost:18123 returned response code 400)\n Code: 62. DB::Exception: Syntax error: failed at position 6 (end of query): . Expected TRANSACTION. (SYNTAX_ERROR) (version 24.4.1.2088 (official build))\n", "error_stage": "set_up"}, {"test_case": "test_case_00049_00008", "type": "error", "result_detail": ":HTTPDriver for http://localhost:18123 returned response code 400)\n Code: 62. DB::Exception: Syntax error: failed at position 6 (end of query): . Expected TRANSACTION. (SYNTAX_ERROR) (version 24.4.1.2088 (official build))\n", "error_stage": "set_up"}, {"test_case": "test_case_00049_00012", "type": "error", "result_detail": ":HTTPDriver for http://localhost:18123 returned response code 400)\n Code: 62. DB::Exception: Syntax error: failed at position 6 (end of query): . Expected TRANSACTION. (SYNTAX_ERROR) (version 24.4.1.2088 (official build))\n", "error_stage": "set_up"}, {"test_case": "test_case_00049_00000", "type": "error", "result_detail": ":HTTPDriver for http://localhost:18123 returned response code 400)\n Code: 62. DB::Exception: Syntax error: failed at position 6 (end of query): . Expected TRANSACTION. (SYNTAX_ERROR) (version 24.4.1.2088 (official build))\n", "error_stage": "set_up"}, {"test_case": "test_case_00049_00002", "type": "error", "result_detail": ":HTTPDriver for http://localhost:18123 returned response code 400)\n Code: 62. DB::Exception: Syntax error: failed at position 6 (end of query): . Expected TRANSACTION. (SYNTAX_ERROR) (version 24.4.1.2088 (official build))\n", "error_stage": "set_up"}, {"test_case": "test_case_00049_00001", "type": "error", "result_detail": ":HTTPDriver for http://localhost:18123 returned response code 400)\n Code: 62. DB::Exception: Syntax error: failed at position 6 (end of query): . Expected TRANSACTION. (SYNTAX_ERROR) (version 24.4.1.2088 (official build))\n", "error_stage": "set_up"}, {"test_case": "test_case_00049_00004", "type": "error", "result_detail": ":HTTPDriver for http://localhost:18123 returned response code 400)\n Code: 62. DB::Exception: Syntax error: failed at position 6 (end of query): . Expected TRANSACTION. (SYNTAX_ERROR) (version 24.4.1.2088 (official build))\n", "error_stage": "set_up"}, {"test_case": "test_case_00049_00011", "type": "error", "result_detail": ":HTTPDriver for http://localhost:18123 returned response code 400)\n Code: 62. DB::Exception: Syntax error: failed at position 6 (end of query): . Expected TRANSACTION. (SYNTAX_ERROR) (version 24.4.1.2088 (official build))\n", "error_stage": "set_up"}, {"test_case": "test_case_00049_00009", "type": "error", "result_detail": ":HTTPDriver for http://localhost:18123 returned response code 400)\n Code: 62. DB::Exception: Syntax error: failed at position 6 (end of query): . Expected TRANSACTION. (SYNTAX_ERROR) (version 24.4.1.2088 (official build))\n", "error_stage": "set_up"}, {"test_case": "test_case_00049_00003", "type": "error", "result_detail": ":HTTPDriver for http://localhost:18123 returned response code 400)\n Code: 62. DB::Exception: Syntax error: failed at position 6 (end of query): . Expected TRANSACTION. (SYNTAX_ERROR) (version 24.4.1.2088 (official build))\n", "error_stage": "set_up"}]