[{"test_case": "test_case_00000_00192", "type": "error", "result_detail": ":HTTPDriver for http://localhost:18123 returned response code 404)\n Code: 46. DB::Exception: Function with name 'to_regcollation' does not exists. In scope SELECT to_regcollation('\"POSIX\"'). (UNKNOWN_FUNCTION) (version 24.4.1.2088 (official build))\n", "error_stage": "query"}, {"test_case": "test_case_00000_00044", "type": "error", "result_detail": ":HTTPDriver for http://localhost:18123 returned response code 400)\n Code: 62. DB::Exception: Syntax error: failed at position 23 ('time') (line 1, col 23): time zone '20011227 040506-08'\n FORMAT Native. Expected one of: ROLLUP, CUBE, TOTALS. (SYNTAX_ERROR) (version 24.4.1.2088 (official build))\n", "error_stage": "query"}, {"test_case": "test_case_00000_00218", "type": "error", "result_detail": ":HTTPDriver for http://localhost:18123 returned response code 404)\n Code: 50. DB::Exception: Unknown data type family: txid_snapshot: In scope SELECT CAST('12:16:14,14', 'txid_snapshot'). (UNKNOWN_TYPE) (version 24.4.1.2088 (official build))\n", "error_stage": "query"}, {"test_case": "test_case_00000_00025", "type": "error", "result_detail": ":HTTPDriver for http://localhost:18123 returned response code 404)\n Code: 47. DB::Exception: Unknown expression identifier 'current_schema' in scope SELECT current_schema. (UNKNOWN_IDENTIFIER) (version 24.4.1.2088 (official build))\n", "error_stage": "query"}, {"test_case": "test_case_00000_00148", "type": "same"}, {"test_case": "test_case_00000_00228", "type": "error", "result_detail": ":HTTPDriver for http://localhost:18123 returned response code 500)\n Code: 558. DB::Exception: Expected ALL or DISTINCT in SelectWithUnion query, because setting (union_default_mode) is empty: While processing SELECT 1 AS two UNION SELECT 2.2 ORDER BY 1 ASC FORMAT Native. (EXPECTED_ALL_OR_DISTINCT) (version 24.4.1.2088 (official build))\n", "error_stage": "query"}, {"test_case": "test_case_00000_00215", "type": "error", "result_detail": ":HTTPDriver for http://localhost:18123 returned response code 404)\n Code: 50. DB::Exception: Unknown data type family: tsvector: In scope SELECT ts_filter(CAST('base hidden rebel spaceship strike', 'tsvector'), '{a}'). (UNKNOWN_TYPE) (version 24.4.1.2088 (official build))\n", "error_stage": "query"}, {"test_case": "test_case_00000_00162", "type": "error", "result_detail": ":HTTPDriver for http://localhost:18123 returned response code 404)\n Code: 46. DB::Exception: Function with name 'random' does not exists. In scope SELECT random() AS r FROM generate_series(1, 2000). Maybe you meant: ['rand','rand64']. (UNKNOWN_FUNCTION) (version 24.4.1.2088 (official build))\n", "error_stage": "query"}, {"test_case": "test_case_00000_00117", "type": "error", "result_detail": ":HTTPDriver for http://localhost:18123 returned response code 400)\n Code: 62. DB::Exception: Syntax error: failed at position 58 (''9'') (line 1, col 58): '9', 1.0 / NULL)\n FORMAT Native. Expected one of: token, Dot, Comma, ClosingRoundBracket, OR, AND, IS NOT DISTINCT FROM, IS NULL, IS NOT NULL, BETWEEN, NOT BETWEEN, LIKE, ILIKE, NOT LIKE, NOT ILIKE, REGEXP, IN, NOT IN, GLOBAL IN, GLOBAL NOT IN, MOD, DIV, alias, AS. (SYNTAX_ERROR) (version 24.4.1.2088 (official build))\n", "error_stage": "query"}, {"test_case": "test_case_00000_00189", "type": "error", "result_detail": ":HTTPDriver for http://localhost:18123 returned response code 404)\n Code: 46. DB::Exception: Function with name 'to_regproc' does not exists. In scope SELECT to_regproc('now'). (UNKNOWN_FUNCTION) (version 24.4.1.2088 (official build))\n", "error_stage": "query"}, {"test_case": "test_case_00000_00172", "type": "error", "result_detail": ":HTTPDriver for http://localhost:18123 returned response code 400)\n Code: 62. DB::Exception: Syntax error: failed at position 22 ('~') (line 1, col 22): ~ '^(.+)( \\1)+$' as f\n FORMAT Native. Unrecognized token: '~'. (SYNTAX_ERROR) (version 24.4.1.2088 (official build))\n", "error_stage": "query"}, {"test_case": "test_case_00000_00018", "type": "error", "result_detail": ":HTTPDriver for http://localhost:18123 returned response code 404)\n Code: 47. DB::Exception: Unknown expression or function identifier 'current_timestamp' in scope SELECT length(CAST(current_timestamp, 'text')) >= length(CAST(current_timestamp(0), 'text')). (UNKNOWN_IDENTIFIER) (version 24.4.1.2088 (official build))\n", "error_stage": "query"}, {"test_case": "test_case_00000_00190", "type": "error", "result_detail": ":HTTPDriver for http://localhost:18123 returned response code 404)\n Code: 46. DB::Exception: Function with name 'to_regprocedure' does not exists. In scope SELECT to_regprocedure('abs(numeric)'). (UNKNOWN_FUNCTION) (version 24.4.1.2088 (official build))\n", "error_stage": "query"}, {"test_case": "test_case_00000_00112", "type": "error", "result_detail": ":HTTPDriver for http://localhost:18123 returned response code 400)\n Code: 62. DB::Exception: Syntax error: failed at position 30 ('ARRAY') (line 1, col 30): ARRAY(SELECT CASE WHEN i <> 40 THEN i END FROM generate_series(1, 100) i))\n FORMAT Native. Expected one of: token, Dot, Comma, ClosingRoundBracket, OR, AND, IS NOT DISTINCT FROM, IS NULL, IS NOT NULL, BETWEEN, NOT BETWEEN, LIKE, ILIKE, NOT LIKE, NOT ILIKE, REGEXP, IN, NOT IN, GLOBAL IN, GLOBAL NOT IN, MOD, DIV, alias, AS. (SYNTAX_ERROR) (version 24.4.1.2088 (official build))\n", "error_stage": "query"}, {"test_case": "test_case_00000_00220", "type": "error", "result_detail": ":HTTPDriver for http://localhost:18123 returned response code 500)\n Code: 558. DB::Exception: Expected ALL or DISTINCT in SelectWithUnion query, because setting (union_default_mode) is empty: While processing SELECT 1 AS one UNION SELECT 1 ORDER BY 1 ASC FORMAT Native. (EXPECTED_ALL_OR_DISTINCT) (version 24.4.1.2088 (official build))\n", "error_stage": "query"}, {"test_case": "test_case_00000_00012", "type": "error", "result_detail": ":HTTPDriver for http://localhost:18123 returned response code 404)\n Code: 47. DB::Exception: Unknown expression or function identifier 'current_date' in scope SELECT CAST(date(now()), 'text') = CAST(current_date, 'text'). (UNKNOWN_IDENTIFIER) (version 24.4.1.2088 (official build))\n", "error_stage": "query"}, {"test_case": "test_case_00000_00207", "type": "error", "result_detail": ":HTTPDriver for http://localhost:18123 returned response code 404)\n Code: 50. DB::Exception: Unknown data type family: tsvector: In scope SELECT CAST('1 ', 'tsvector'). (UNKNOWN_TYPE) (version 24.4.1.2088 (official build))\n", "error_stage": "query"}, {"test_case": "test_case_00000_00186", "type": "error", "result_detail": ":HTTPDriver for http://localhost:18123 returned response code 404)\n Code: 46. DB::Exception: Function with name 'regcollation' does not exists. In scope SELECT regcollation('\"POSIX\"'). (UNKNOWN_FUNCTION) (version 24.4.1.2088 (official build))\n", "error_stage": "query"}, {"test_case": "test_case_00000_00159", "type": "error", "result_detail": ":HTTPDriver for http://localhost:18123 returned response code 400)\n Code: 62. DB::Exception: Syntax error: failed at position 8 ('0.0e1a') (line 1, col 8): 0.0e1a\n FORMAT Native. Wrong number: '0.0e1a'. (SYNTAX_ERROR) (version 24.4.1.2088 (official build))\n", "error_stage": "query"}, {"test_case": "test_case_00000_00234", "type": "error", "result_detail": ":HTTPDriver for http://localhost:18123 returned response code 500)\n Code: 558. DB::Exception: Expected ALL or DISTINCT in SelectWithUnion query, because setting (union_default_mode) is empty: While processing SELECT 1.1 AS three UNION SELECT 2 UNION ALL SELECT 2 ORDER BY 1 ASC FORMAT Native. (EXPECTED_ALL_OR_DISTINCT) (version 24.4.1.2088 (official build))\n", "error_stage": "query"}, {"test_case": "test_case_00000_00185", "type": "error", "result_detail": ":HTTPDriver for http://localhost:18123 returned response code 404)\n Code: 46. DB::Exception: Function with name 'regtype' does not exists. In scope SELECT regtype('int4'). (UNKNOWN_FUNCTION) (version 24.4.1.2088 (official build))\n", "error_stage": "query"}, {"test_case": "test_case_00000_00171", "type": "error", "result_detail": ":HTTPDriver for http://localhost:18123 returned response code 400)\n Code: 62. DB::Exception: Syntax error: failed at position 22 ('~') (line 1, col 22): ~ '^(.+)( \\1)+$' as t\n FORMAT Native. Unrecognized token: '~'. (SYNTAX_ERROR) (version 24.4.1.2088 (official build))\n", "error_stage": "query"}, {"test_case": "test_case_00000_00076", "type": "error", "result_detail": ":HTTPDriver for http://localhost:18123 returned response code 400)\n Code: 62. DB::Exception: Syntax error: failed at position 14 (''{\"b\": {\"a\": 12}}'') (line 1, col 14): '{\"b\": {\"a\": 12}}' @? 'strict $.*.b'\n FORMAT Native. Expected one of: token, Dot, OR, AND, IS NOT DISTINCT FROM, IS NULL, IS NOT NULL, BETWEEN, NOT BETWEEN, LIKE, ILIKE, NOT LIKE, NOT ILIKE, REGEXP, IN, NOT IN, GLOBAL IN, GLOBAL NOT IN, MOD, DIV, alias, AS, identifier, Comma, FROM, PREWHERE, WHERE, GROUP BY, WITH, HAVING, WINDOW, QUALIFY, ORDER BY, LIMIT, OFFSET, FETCH, SETTINGS, UNION, EXCEPT, INTERSECT, INTO OUTFILE, FORMAT, end of query. (SYNTAX_ERROR) (version 24.4.1.2088 (official build))\n", "error_stage": "query"}, {"test_case": "test_case_00000_00119", "type": "error", "result_detail": ":HTTPDriver for http://localhost:18123 returned response code 400)\n Code: 62. DB::Exception: Syntax error: failed at position 27 (''{\"1\",\"2\",\"3\",\"4\"}'') (line 1, col 27): '{\"1\",\"2\",\"3\",\"4\"}'::text[])\n FORMAT Native. Expected one of: token, Dot, Comma, ClosingRoundBracket, OR, AND, IS NOT DISTINCT FROM, IS NULL, IS NOT NULL, BETWEEN, NOT BETWEEN, LIKE, ILIKE, NOT LIKE, NOT ILIKE, REGEXP, IN, NOT IN, GLOBAL IN, GLOBAL NOT IN, MOD, DIV, alias, AS. (SYNTAX_ERROR) (version 24.4.1.2088 (official build))\n", "error_stage": "query"}, {"test_case": "test_case_00000_00230", "type": "different", "host_result_detail": "current transaction is aborted, commands ignored until end of transaction block\n", "guest_result_detail": [[1.1], [2.0]]}, {"test_case": "test_case_00000_00087", "type": "error", "result_detail": ":HTTPDriver for http://localhost:18123 returned response code 404)\n Code: 50. DB::Exception: Unknown data type family: macaddr8: In scope SELECT CAST('    08:00:2b:01:02:03     ', 'macaddr8'). (UNKNOWN_TYPE) (version 24.4.1.2088 (official build))\n", "error_stage": "query"}, {"test_case": "test_case_00000_00211", "type": "error", "result_detail": ":HTTPDriver for http://localhost:18123 returned response code 404)\n Code: 50. DB::Exception: Unknown data type family: tsvector: In scope SELECT CAST('\\'1 2\\'', 'tsvector'). (UNKNOWN_TYPE) (version 24.4.1.2088 (official build))\n", "error_stage": "query"}, {"test_case": "test_case_00000_00036", "type": "error", "result_detail": ":HTTPDriver for http://localhost:18123 returned response code 400)\n Code: 62. DB::Exception: Syntax error: failed at position 167 ('VALUES') (line 4, col 9): VALUES (NULL), ('PostgreSQL'), ('eIpUEtqmY89'), ('AXKEJBTK'),\n        ('muop28x03'), ('yi3nm0d73')) x(v)\nWHERE  hashtext(v)::bit(32) != hashtextextended(v, 0)::. Expected one of: SELECT query, possibly with UNION, list of union elements, SELECT query, subquery, possibly with UNION, SELECT subquery, SELECT query, WITH, FROM, SELECT, EXPLAIN, EXPLAIN. (SYNTAX_ERROR) (version 24.4.1.2088 (official build))\n", "error_stage": "query"}, {"test_case": "test_case_00000_00069", "type": "error", "result_detail": ":HTTPDriver for http://localhost:18123 returned response code 400)\n Code: 62. DB::Exception: Syntax error: failed at position 14 (''{\"a\": 12}'') (line 1, col 14): '{\"a\": 12}' @? '$.b'\n FORMAT Native. Expected one of: token, Dot, OR, AND, IS NOT DISTINCT FROM, IS NULL, IS NOT NULL, BETWEEN, NOT BETWEEN, LIKE, ILIKE, NOT LIKE, NOT ILIKE, REGEXP, IN, NOT IN, GLOBAL IN, GLOBAL NOT IN, MOD, DIV, alias, AS, identifier, Comma, FROM, PREWHERE, WHERE, GROUP BY, WITH, HAVING, WINDOW, QUALIFY, ORDER BY, LIMIT, OFFSET, FETCH, SETTINGS, UNION, EXCEPT, INTERSECT, INTO OUTFILE, FORMAT, end of query. (SYNTAX_ERROR) (version 24.4.1.2088 (official build))\n", "error_stage": "query"}, {"test_case": "test_case_00000_00204", "type": "error", "result_detail": ":HTTPDriver for http://localhost:18123 returned response code 404)\n Code: 46. DB::Exception: Function with name 'generate_series' does not exists. In scope SELECT generate_series(1, 2), generate_series(1, 4). (UNKNOWN_FUNCTION) (version 24.4.1.2088 (official build))\n", "error_stage": "query"}, {"test_case": "test_case_00000_00082", "type": "error", "result_detail": ":HTTPDriver for http://localhost:18123 returned response code 400)\n Code: 62. DB::Exception: Syntax error: failed at position 14 (''[]'') (line 1, col 14): '[]' @? '$[*]'\n FORMAT Native. Expected one of: token, Dot, OR, AND, IS NOT DISTINCT FROM, IS NULL, IS NOT NULL, BETWEEN, NOT BETWEEN, LIKE, ILIKE, NOT LIKE, NOT ILIKE, REGEXP, IN, NOT IN, GLOBAL IN, GLOBAL NOT IN, MOD, DIV, alias, AS, identifier, Comma, FROM, PREWHERE, WHERE, GROUP BY, WITH, HAVING, WINDOW, QUALIFY, ORDER BY, LIMIT, OFFSET, FETCH, SETTINGS, UNION, EXCEPT, INTERSECT, INTO OUTFILE, FORMAT, end of query. (SYNTAX_ERROR) (version 24.4.1.2088 (official build))\n", "error_stage": "query"}, {"test_case": "test_case_00000_00051", "type": "error", "result_detail": ":HTTPDriver for http://localhost:18123 returned response code 400)\n Code: 62. DB::Exception: Syntax error: failed at position 23 ('time') (line 1, col 23): time zone '2001-12-27 04:05:06.789-08'\n FORMAT Native. Expected one of: ROLLUP, CUBE, TOTALS. (SYNTAX_ERROR) (version 24.4.1.2088 (official build))\n", "error_stage": "query"}, {"test_case": "test_case_00000_00135", "type": "different", "host_result_detail": "current transaction is aborted, commands ignored until end of transaction block\n", "guest_result_detail": [[2147483648]]}, {"test_case": "test_case_00000_00047", "type": "error", "result_detail": ":HTTPDriver for http://localhost:18123 returned response code 400)\n Code: 62. DB::Exception: Syntax error: failed at position 23 ('time') (line 1, col 23): time zone '20011227T040506+08'\n FORMAT Native. Expected one of: ROLLUP, CUBE, TOTALS. (SYNTAX_ERROR) (version 24.4.1.2088 (official build))\n", "error_stage": "query"}, {"test_case": "test_case_00000_00155", "type": "error", "result_detail": ":HTTPDriver for http://localhost:18123 returned response code 404)\n Code: 47. DB::Exception: Unknown expression identifier '0x0o' in scope SELECT `0x0o`. (UNKNOWN_IDENTIFIER) (version 24.4.1.2088 (official build))\n", "error_stage": "query"}, {"test_case": "test_case_00000_00038", "type": "error", "result_detail": ":HTTPDriver for http://localhost:18123 returned response code 400)\n Code: 62. DB::Exception: Syntax error: failed at position 176 ('VALUES') (line 4, col 9): VALUES (NULL::macaddr), ('08:00:2b:01:02:04'), ('08:00:2b:01:02:04'),\n        ('e2:7f:51:3e:70:49'), ('d6:a9:4a:78:1c:d5'),\n        ('ea:29:b1:5e:1f:a5')) x(v)\n. Expected one of: SELECT query, possibly with UNION, list of union elements, SELECT query, subquery, possibly with UNION, SELECT subquery, SELECT query, WITH, FROM, SELECT, EXPLAIN, EXPLAIN. (SYNTAX_ERROR) (version 24.4.1.2088 (official build))\n", "error_stage": "query"}, {"test_case": "test_case_00000_00027", "type": "error", "result_detail": ":HTTPDriver for http://localhost:18123 returned response code 404)\n Code: 47. DB::Exception: Unknown expression identifier 'current_schema' in scope SELECT current_schema. (UNKNOWN_IDENTIFIER) (version 24.4.1.2088 (official build))\n", "error_stage": "query"}, {"test_case": "test_case_00000_00194", "type": "different", "host_result_detail": "current transaction is aborted, commands ignored until end of transaction block\n", "guest_result_detail": [[1]]}, {"test_case": "test_case_00000_00004", "type": "error", "result_detail": ":HTTPDriver for http://localhost:18123 returned response code 400)\n Code: 62. DB::Exception: Syntax error: failed at position 13 (''   f           '') (line 1, col 13): '   f           ' AS false\n FORMAT Native. Expected one of: token, Dot, OR, AND, IS NOT DISTINCT FROM, IS NULL, IS NOT NULL, BETWEEN, NOT BETWEEN, LIKE, ILIKE, NOT LIKE, NOT ILIKE, REGEXP, IN, NOT IN, GLOBAL IN, GLOBAL NOT IN, MOD, DIV, alias, AS, identifier, Comma, FROM, PREWHERE, WHERE, GROUP BY, WITH, HAVING, WINDOW, QUALIFY, ORDER BY, LIMIT, OFFSET, FETCH, SETTINGS, UNION, EXCEPT, INTERSECT, INTO OUTFILE, FORMAT, end of query. (SYNTAX_ERROR) (version 24.4.1.2088 (official build))\n", "error_stage": "query"}, {"test_case": "test_case_00000_00095", "type": "error", "result_detail": ":HTTPDriver for http://localhost:18123 returned response code 404)\n Code: 46. DB::Exception: Function with name 'md5' does not exists. In scope SELECT md5('message digest') = 'f96b697d7cb7938d525a2f31aaf161d0' AS TRUE. Maybe you meant: ['MD5','MD4']. (UNKNOWN_FUNCTION) (version 24.4.1.2088 (official build))\n", "error_stage": "query"}, {"test_case": "test_case_00000_00175", "type": "error", "result_detail": ":HTTPDriver for http://localhost:18123 returned response code 500)\n Code: 43. DB::Exception: Illegal type String of second argument of function substring, expected (U)Int*: In scope SELECT substring('a', '((a))+'). (ILLEGAL_TYPE_OF_ARGUMENT) (version 24.4.1.2088 (official build))\n", "error_stage": "query"}, {"test_case": "test_case_00000_00131", "type": "different", "host_result_detail": "current transaction is aborted, commands ignored until end of transaction block\n", "guest_result_detail": [[2147483648]]}, {"test_case": "test_case_00000_00232", "type": "error", "result_detail": ":HTTPDriver for http://localhost:18123 returned response code 500)\n Code: 558. DB::Exception: Expected ALL or DISTINCT in SelectWithUnion query, because setting (union_default_mode) is empty: While processing SELECT 1.1 AS three UNION SELECT 2 UNION SELECT 3 ORDER BY 1 ASC FORMAT Native. (EXPECTED_ALL_OR_DISTINCT) (version 24.4.1.2088 (official build))\n", "error_stage": "query"}, {"test_case": "test_case_00000_00197", "type": "different", "host_result_detail": "current transaction is aborted, commands ignored until end of transaction block\n", "guest_result_detail": [[1]]}, {"test_case": "test_case_00000_00008", "type": "different", "host_result_detail": "current transaction is aborted, commands ignored until end of transaction block\n", "guest_result_detail": [["embedded"]]}, {"test_case": "test_case_00000_00015", "type": "error", "result_detail": ":HTTPDriver for http://localhost:18123 returned response code 404)\n Code: 47. DB::Exception: Unknown expression or function identifier 'localtime' in scope SELECT CAST(CAST(now(), 'time'), 'text') = CAST(localtime, 'text'). (UNKNOWN_IDENTIFIER) (version 24.4.1.2088 (official build))\n", "error_stage": "query"}, {"test_case": "test_case_00000_00024", "type": "error", "result_detail": ":HTTPDriver for http://localhost:18123 returned response code 404)\n Code: 47. DB::Exception: Unknown expression or function identifier 'current_catalog' in scope SELECT current_catalog = current_database(). (UNKNOWN_IDENTIFIER) (version 24.4.1.2088 (official build))\n", "error_stage": "query"}, {"test_case": "test_case_00000_00127", "type": "different", "host_result_detail": "current transaction is aborted, commands ignored until end of transaction block\n", "guest_result_detail": [[37]]}, {"test_case": "test_case_00000_00068", "type": "error", "result_detail": ":HTTPDriver for http://localhost:18123 returned response code 400)\n Code: 62. DB::Exception: Syntax error: failed at position 14 (''{\"a\": 12}'') (line 1, col 14): '{\"a\": 12}' @? '$.a.b'\n FORMAT Native. Expected one of: token, Dot, OR, AND, IS NOT DISTINCT FROM, IS NULL, IS NOT NULL, BETWEEN, NOT BETWEEN, LIKE, ILIKE, NOT LIKE, NOT ILIKE, REGEXP, IN, NOT IN, GLOBAL IN, GLOBAL NOT IN, MOD, DIV, alias, AS, identifier, Comma, FROM, PREWHERE, WHERE, GROUP BY, WITH, HAVING, WINDOW, QUALIFY, ORDER BY, LIMIT, OFFSET, FETCH, SETTINGS, UNION, EXCEPT, INTERSECT, INTO OUTFILE, FORMAT, end of query. (SYNTAX_ERROR) (version 24.4.1.2088 (official build))\n", "error_stage": "query"}, {"test_case": "test_case_00000_00045", "type": "error", "result_detail": ":HTTPDriver for http://localhost:18123 returned response code 400)\n Code: 62. DB::Exception: Syntax error: failed at position 23 ('time') (line 1, col 23): time zone '20011227 040506.789+08'\n FORMAT Native. Expected one of: ROLLUP, CUBE, TOTALS. (SYNTAX_ERROR) (version 24.4.1.2088 (official build))\n", "error_stage": "query"}, {"test_case": "test_case_00000_00037", "type": "error", "result_detail": ":HTTPDriver for http://localhost:18123 returned response code 400)\n Code: 62. DB::Exception: Syntax error: failed at position 182 ('VALUES') (line 4, col 9): VALUES (NULL::oidvector), ('0 1 2 3 4'), ('17 18 19 20'),\n        ('42 43 42 45'), ('550273 550273 570274'),\n        ('207112489 207112499 21512 2155 372325 136. Expected one of: SELECT query, possibly with UNION, list of union elements, SELECT query, subquery, possibly with UNION, SELECT subquery, SELECT query, WITH, FROM, SELECT, EXPLAIN, EXPLAIN. (SYNTAX_ERROR) (version 24.4.1.2088 (official build))\n", "error_stage": "query"}, {"test_case": "test_case_00000_00014", "type": "error", "result_detail": ":HTTPDriver for http://localhost:18123 returned response code 404)\n Code: 50. DB::Exception: Unknown data type family: timetz. Maybe you meant: ['TIME']: In scope SELECT CAST(CAST(now(), 'timetz(4)'), 'text') = CAST(current_time(4), 'text'). (UNKNOWN_TYPE) (version 24.4.1.2088 (official build))\n", "error_stage": "query"}, {"test_case": "test_case_00000_00244", "type": "error", "result_detail": ":HTTPDriver for http://localhost:18123 returned response code 404)\n Code: 50. DB::Exception: Unknown data type family: xid8: In scope SELECT CAST('1', 'xid8') != CAST('1', 'xid8'). (UNKNOWN_TYPE) (version 24.4.1.2088 (official build))\n", "error_stage": "query"}, {"test_case": "test_case_00000_00034", "type": "error", "result_detail": ":HTTPDriver for http://localhost:18123 returned response code 400)\n Code: 62. DB::Exception: Syntax error: failed at position 167 ('VALUES') (line 4, col 9): VALUES (NULL::\"char\"), ('1'), ('x'), ('X'), ('p'), ('N')) x(v)\nWHERE  hashchar(v)::bit(32) != hashcharextended(v, 0)::bit(32)\n       OR hashchar(v)::bit(32) = h. Expected one of: SELECT query, possibly with UNION, list of union elements, SELECT query, subquery, possibly with UNION, SELECT subquery, SELECT query, WITH, FROM, SELECT, EXPLAIN, EXPLAIN. (SYNTAX_ERROR) (version 24.4.1.2088 (official build))\n", "error_stage": "query"}, {"test_case": "test_case_00000_00240", "type": "error", "result_detail": ":HTTPDriver for http://localhost:18123 returned response code 404)\n Code: 50. DB::Exception: Unknown data type family: xid8: In scope SELECT CAST('asdf', 'xid8'). (UNKNOWN_TYPE) (version 24.4.1.2088 (official build))\n", "error_stage": "query"}, {"test_case": "test_case_00000_00212", "type": "error", "result_detail": ":HTTPDriver for http://localhost:18123 returned response code 400)\n Code: 62. DB::Exception: Syntax error: failed at position 72 (')') (line 1, col 72): )\n FORMAT Native. Expected one of: token, DoubleColon, Comma. (SYNTAX_ERROR) (version 24.4.1.2088 (official build))\n", "error_stage": "query"}, {"test_case": "test_case_00000_00010", "type": "different", "host_result_detail": "current transaction is aborted, commands ignored until end of transaction block\n", "guest_result_detail": [["before multi-line"]]}, {"test_case": "test_case_00000_00241", "type": "error", "result_detail": ":HTTPDriver for http://localhost:18123 returned response code 404)\n Code: 50. DB::Exception: Unknown data type family: xid: In scope SELECT CAST('1', 'xid') = CAST('1', 'xid'). (UNKNOWN_TYPE) (version 24.4.1.2088 (official build))\n", "error_stage": "query"}, {"test_case": "test_case_00000_00022", "type": "error", "result_detail": ":HTTPDriver for http://localhost:18123 returned response code 404)\n Code: 47. DB::Exception: Unknown expression or function identifier 'localtime' in scope SELECT localtime = localtime(7). (UNKNOWN_IDENTIFIER) (version 24.4.1.2088 (official build))\n", "error_stage": "query"}, {"test_case": "test_case_00000_00029", "type": "error", "result_detail": ":HTTPDriver for http://localhost:18123 returned response code 400)\n Code: 62. DB::Exception: Syntax error: failed at position 167 ('VALUES') (line 4, col 9): VALUES (0), (1), (17), (42), (550273), (207112489)) x(v)\nWHERE  hashint4(v)::bit(32) != hashint4extended(v, 0)::bit(32)\n       OR hashint4(v)::bit(32) = hashint. Expected one of: SELECT query, possibly with UNION, list of union elements, SELECT query, subquery, possibly with UNION, SELECT subquery, SELECT query, WITH, FROM, SELECT, EXPLAIN, EXPLAIN. (SYNTAX_ERROR) (version 24.4.1.2088 (official build))\n", "error_stage": "query"}, {"test_case": "test_case_00000_00057", "type": "error", "result_detail": ":HTTPDriver for http://localhost:18123 returned response code 400)\n Code: 62. DB::Exception: Syntax error: failed at position 25 ('AS') (line 1, col 25): AS \"One hour\"\n FORMAT Native. Expected end of query. (SYNTAX_ERROR) (version 24.4.1.2088 (official build))\n", "error_stage": "query"}, {"test_case": "test_case_00000_00170", "type": "error", "result_detail": ":HTTPDriver for http://localhost:18123 returned response code 400)\n Code: 62. DB::Exception: Syntax error: failed at position 22 ('~') (line 1, col 22): ~ '^(\\w+)( \\1)+$' as f\n FORMAT Native. Unrecognized token: '~'. (SYNTAX_ERROR) (version 24.4.1.2088 (official build))\n", "error_stage": "query"}, {"test_case": "test_case_00000_00092", "type": "error", "result_detail": ":HTTPDriver for http://localhost:18123 returned response code 404)\n Code: 46. DB::Exception: Function with name 'md5' does not exists. In scope SELECT md5('') = 'd41d8cd98f00b204e9800998ecf8427e' AS TRUE. Maybe you meant: ['MD5','MD4']. (UNKNOWN_FUNCTION) (version 24.4.1.2088 (official build))\n", "error_stage": "query"}, {"test_case": "test_case_00000_00058", "type": "error", "result_detail": ":HTTPDriver for http://localhost:18123 returned response code 400)\n Code: 62. DB::Exception: Syntax error: failed at position 26 ('AS') (line 1, col 26): AS \"Two hours\"\n FORMAT Native. Expected end of query. (SYNTAX_ERROR) (version 24.4.1.2088 (official build))\n", "error_stage": "query"}, {"test_case": "test_case_00000_00041", "type": "error", "result_detail": ":HTTPDriver for http://localhost:18123 returned response code 400)\n Code: 62. DB::Exception: Syntax error: failed at position 179 ('VALUES') (line 4, col 9): VALUES (NULL::macaddr8), ('08:00:2b:01:02:04:36:49'),\n        ('08:00:2b:01:02:04:f0:e8'), ('e2:7f:51:3e:70:49:16:29'),\n        ('d6:a9:4a:78:1c:d5:47:32'), ('e. Expected one of: SELECT query, possibly with UNION, list of union elements, SELECT query, subquery, possibly with UNION, SELECT subquery, SELECT query, WITH, FROM, SELECT, EXPLAIN, EXPLAIN. (SYNTAX_ERROR) (version 24.4.1.2088 (official build))\n", "error_stage": "query"}, {"test_case": "test_case_00000_00181", "type": "error", "result_detail": ":HTTPDriver for http://localhost:18123 returned response code 404)\n Code: 46. DB::Exception: Function with name 'regoper' does not exists. In scope SELECT regoper('||/'). (UNKNOWN_FUNCTION) (version 24.4.1.2088 (official build))\n", "error_stage": "query"}, {"test_case": "test_case_00000_00122", "type": "error", "result_detail": ":HTTPDriver for http://localhost:18123 returned response code 400)\n Code: 62. DB::Exception: Syntax error: failed at position 30 (''{}'') (line 1, col 30): '{}'::int[])\n FORMAT Native. Expected one of: token, Dot, Comma, ClosingRoundBracket, OR, AND, IS NOT DISTINCT FROM, IS NULL, IS NOT NULL, BETWEEN, NOT BETWEEN, LIKE, ILIKE, NOT LIKE, NOT ILIKE, REGEXP, IN, NOT IN, GLOBAL IN, GLOBAL NOT IN, MOD, DIV, alias, AS. (SYNTAX_ERROR) (version 24.4.1.2088 (official build))\n", "error_stage": "query"}, {"test_case": "test_case_00000_00066", "type": "error", "result_detail": ":HTTPDriver for http://localhost:18123 returned response code 400)\n Code: 62. DB::Exception: Syntax error: failed at position 14 (''{\"a\": 12}'') (line 1, col 14): '{\"a\": 12}' @? '$'\n FORMAT Native. Expected one of: token, Dot, OR, AND, IS NOT DISTINCT FROM, IS NULL, IS NOT NULL, BETWEEN, NOT BETWEEN, LIKE, ILIKE, NOT LIKE, NOT ILIKE, REGEXP, IN, NOT IN, GLOBAL IN, GLOBAL NOT IN, MOD, DIV, alias, AS, identifier, Comma, FROM, PREWHERE, WHERE, GROUP BY, WITH, HAVING, WINDOW, QUALIFY, ORDER BY, LIMIT, OFFSET, FETCH, SETTINGS, UNION, EXCEPT, INTERSECT, INTO OUTFILE, FORMAT, end of query. (SYNTAX_ERROR) (version 24.4.1.2088 (official build))\n", "error_stage": "query"}, {"test_case": "test_case_00000_00046", "type": "error", "result_detail": ":HTTPDriver for http://localhost:18123 returned response code 400)\n Code: 62. DB::Exception: Syntax error: failed at position 23 ('time') (line 1, col 23): time zone '20011227 040506.789-08'\n FORMAT Native. Expected one of: ROLLUP, CUBE, TOTALS. (SYNTAX_ERROR) (version 24.4.1.2088 (official build))\n", "error_stage": "query"}, {"test_case": "test_case_00000_00075", "type": "error", "result_detail": ":HTTPDriver for http://localhost:18123 returned response code 400)\n Code: 62. DB::Exception: Syntax error: failed at position 14 (''{\"b\": {\"a\": 12}}'') (line 1, col 14): '{\"b\": {\"a\": 12}}' @? '$.*.b'\n FORMAT Native. Expected one of: token, Dot, OR, AND, IS NOT DISTINCT FROM, IS NULL, IS NOT NULL, BETWEEN, NOT BETWEEN, LIKE, ILIKE, NOT LIKE, NOT ILIKE, REGEXP, IN, NOT IN, GLOBAL IN, GLOBAL NOT IN, MOD, DIV, alias, AS, identifier, Comma, FROM, PREWHERE, WHERE, GROUP BY, WITH, HAVING, WINDOW, QUALIFY, ORDER BY, LIMIT, OFFSET, FETCH, SETTINGS, UNION, EXCEPT, INTERSECT, INTO OUTFILE, FORMAT, end of query. (SYNTAX_ERROR) (version 24.4.1.2088 (official build))\n", "error_stage": "query"}, {"test_case": "test_case_00000_00165", "type": "error", "result_detail": ":HTTPDriver for http://localhost:18123 returned response code 400)\n Code: 62. DB::Exception: Syntax error: failed at position 14 ('~') (line 1, col 14): ~ '^([bc])\\1*$' as f\n FORMAT Native. Unrecognized token: '~'. (SYNTAX_ERROR) (version 24.4.1.2088 (official build))\n", "error_stage": "query"}, {"test_case": "test_case_00000_00056", "type": "error", "result_detail": ":HTTPDriver for http://localhost:18123 returned response code 400)\n Code: 62. DB::Exception: Syntax error: failed at position 23 ('time') (line 1, col 23): time zone '2001-12-27 allballs'\n FORMAT Native. Expected one of: ROLLUP, CUBE, TOTALS. (SYNTAX_ERROR) (version 24.4.1.2088 (official build))\n", "error_stage": "query"}, {"test_case": "test_case_00000_00210", "type": "error", "result_detail": ":HTTPDriver for http://localhost:18123 returned response code 404)\n Code: 50. DB::Exception: Unknown data type family: tsvector: In scope SELECT CAST('1 2', 'tsvector'). (UNKNOWN_TYPE) (version 24.4.1.2088 (official build))\n", "error_stage": "query"}, {"test_case": "test_case_00000_00040", "type": "error", "result_detail": ":HTTPDriver for http://localhost:18123 returned response code 400)\n Code: 62. DB::Exception: Syntax error: failed at position 181 ('VALUES') (line 4, col 9): VALUES (0), (1.149484958), (17.149484958), (42.149484958),\n        (149484958.550273), (2071124898672)) x(v)\nWHERE  hash_numeric(v)::bit(32) != hash_numeric_ext. Expected one of: SELECT query, possibly with UNION, list of union elements, SELECT query, subquery, possibly with UNION, SELECT subquery, SELECT query, WITH, FROM, SELECT, EXPLAIN, EXPLAIN. (SYNTAX_ERROR) (version 24.4.1.2088 (official build))\n", "error_stage": "query"}, {"test_case": "test_case_00000_00093", "type": "error", "result_detail": ":HTTPDriver for http://localhost:18123 returned response code 404)\n Code: 46. DB::Exception: Function with name 'md5' does not exists. In scope SELECT md5('a') = '0cc175b9c0f1b6a831c399e269772661' AS TRUE. Maybe you meant: ['MD5','MD4']. (UNKNOWN_FUNCTION) (version 24.4.1.2088 (official build))\n", "error_stage": "query"}, {"test_case": "test_case_00000_00078", "type": "error", "result_detail": ":HTTPDriver for http://localhost:18123 returned response code 400)\n Code: 62. DB::Exception: Syntax error: failed at position 14 (''{\"a\": 1}'') (line 1, col 14): '{\"a\": 1}' @? '$.*'\n FORMAT Native. Expected one of: token, Dot, OR, AND, IS NOT DISTINCT FROM, IS NULL, IS NOT NULL, BETWEEN, NOT BETWEEN, LIKE, ILIKE, NOT LIKE, NOT ILIKE, REGEXP, IN, NOT IN, GLOBAL IN, GLOBAL NOT IN, MOD, DIV, alias, AS, identifier, Comma, FROM, PREWHERE, WHERE, GROUP BY, WITH, HAVING, WINDOW, QUALIFY, ORDER BY, LIMIT, OFFSET, FETCH, SETTINGS, UNION, EXCEPT, INTERSECT, INTO OUTFILE, FORMAT, end of query. (SYNTAX_ERROR) (version 24.4.1.2088 (official build))\n", "error_stage": "query"}, {"test_case": "test_case_00000_00177", "type": "error", "result_detail": ":HTTPDriver for http://localhost:18123 returned response code 404)\n Code: 46. DB::Exception: Function with name 'regexp_match' does not exists. In scope SELECT regexp_match('abc', ''). Maybe you meant: ['REGEXP_MATCHES']. (UNKNOWN_FUNCTION) (version 24.4.1.2088 (official build))\n", "error_stage": "query"}, {"test_case": "test_case_00000_00216", "type": "error", "result_detail": ":HTTPDriver for http://localhost:18123 returned response code 404)\n Code: 50. DB::Exception: Unknown data type family: txid_snapshot: In scope SELECT CAST('12:13:', 'txid_snapshot'). (UNKNOWN_TYPE) (version 24.4.1.2088 (official build))\n", "error_stage": "query"}, {"test_case": "test_case_00000_00097", "type": "error", "result_detail": ":HTTPDriver for http://localhost:18123 returned response code 404)\n Code: 46. DB::Exception: Function with name 'md5' does not exists. In scope SELECT md5('ABCDEFGHIJKLMNOPQRSTUVWXYZabcdefghijklmnopqrstuvwxyz0123456789') = 'd174ab98d277d9f5a5611c2c9f419d9f' AS TRUE. Maybe you meant: ['MD5','MD4']. (UNKNOWN_FUNCTION) (version 24.4.1.2088 (official build))\n", "error_stage": "query"}, {"test_case": "test_case_00000_00031", "type": "error", "result_detail": ":HTTPDriver for http://localhost:18123 returned response code 400)\n Code: 62. DB::Exception: Syntax error: failed at position 173 ('VALUES') (line 4, col 9): VALUES (0), (1), (17), (42), (550273), (207112489)) x(v)\nWHERE  hashfloat4(v)::bit(32) != hashfloat4extended(v, 0)::bit(32)\n       OR hashfloat4(v)::bit(32) = h. Expected one of: SELECT query, possibly with UNION, list of union elements, SELECT query, subquery, possibly with UNION, SELECT subquery, SELECT query, WITH, FROM, SELECT, EXPLAIN, EXPLAIN. (SYNTAX_ERROR) (version 24.4.1.2088 (official build))\n", "error_stage": "query"}, {"test_case": "test_case_00000_00017", "type": "error", "result_detail": ":HTTPDriver for http://localhost:18123 returned response code 404)\n Code: 47. DB::Exception: Unknown expression or function identifier 'current_timestamp' in scope SELECT current_timestamp = NOW(). (UNKNOWN_IDENTIFIER) (version 24.4.1.2088 (official build))\n", "error_stage": "query"}, {"test_case": "test_case_00000_00238", "type": "error", "result_detail": ":HTTPDriver for http://localhost:18123 returned response code 404)\n Code: 50. DB::Exception: Unknown data type family: xid: In scope SELECT CAST('asdf', 'xid'). (UNKNOWN_TYPE) (version 24.4.1.2088 (official build))\n", "error_stage": "query"}, {"test_case": "test_case_00000_00099", "type": "error", "result_detail": ":HTTPDriver for http://localhost:18123 returned response code 404)\n Code: 46. DB::Exception: Function with name 'md5' does not exists. In scope SELECT md5(CAST('', 'bytea')) = 'd41d8cd98f00b204e9800998ecf8427e' AS TRUE. Maybe you meant: ['MD5','MD4']. (UNKNOWN_FUNCTION) (version 24.4.1.2088 (official build))\n", "error_stage": "query"}, {"test_case": "test_case_00000_00144", "type": "error", "result_detail": ":HTTPDriver for http://localhost:18123 returned response code 404)\n Code: 47. DB::Exception: Unknown expression identifier '0o777777777777777777777' in scope SELECT `0o777777777777777777777`. (UNKNOWN_IDENTIFIER) (version 24.4.1.2088 (official build))\n", "error_stage": "query"}, {"test_case": "test_case_00000_00233", "type": "error", "result_detail": ":HTTPDriver for http://localhost:18123 returned response code 500)\n Code: 558. DB::Exception: Expected ALL or DISTINCT in SelectWithUnion query, because setting (union_default_mode) is empty: While processing SELECT CAST('1.1', 'float8') AS two UNION SELECT 2 UNION SELECT CAST('2.0', 'float8') ORDER BY 1 ASC FORMAT Native. (EXPECTED_ALL_OR_DISTINCT) (version 24.4.1.2088 (official build))\n", "error_stage": "query"}, {"test_case": "test_case_00000_00030", "type": "error", "result_detail": ":HTTPDriver for http://localhost:18123 returned response code 400)\n Code: 62. DB::Exception: Syntax error: failed at position 167 ('VALUES') (line 4, col 9): VALUES (0), (1), (17), (42), (550273), (207112489)) x(v)\nWHERE  hashint8(v)::bit(32) != hashint8extended(v, 0)::bit(32)\n       OR hashint8(v)::bit(32) = hashint. Expected one of: SELECT query, possibly with UNION, list of union elements, SELECT query, subquery, possibly with UNION, SELECT subquery, SELECT query, WITH, FROM, SELECT, EXPLAIN, EXPLAIN. (SYNTAX_ERROR) (version 24.4.1.2088 (official build))\n", "error_stage": "query"}, {"test_case": "test_case_00000_00161", "type": "error", "result_detail": ":HTTPDriver for http://localhost:18123 returned response code 404)\n Code: 46. DB::Exception: Function with name 'random' does not exists. In scope SELECT random() AS r FROM generate_series(1, 1000). Maybe you meant: ['rand','rand64']. (UNKNOWN_FUNCTION) (version 24.4.1.2088 (official build))\n", "error_stage": "query"}, {"test_case": "test_case_00000_00173", "type": "error", "result_detail": ":HTTPDriver for http://localhost:18123 returned response code 400)\n Code: 62. DB::Exception: Syntax error: failed at position 22 ('~') (line 1, col 22): ~ '^(.+)( \\1)+$' as f\n FORMAT Native. Unrecognized token: '~'. (SYNTAX_ERROR) (version 24.4.1.2088 (official build))\n", "error_stage": "query"}, {"test_case": "test_case_00000_00080", "type": "error", "result_detail": ":HTTPDriver for http://localhost:18123 returned response code 400)\n Code: 62. DB::Exception: Syntax error: failed at position 14 (''{\"a\": {\"b\": 1}}'') (line 1, col 14): '{\"a\": {\"b\": 1}}' @? 'lax $.**{2}'\n FORMAT Native. Expected one of: token, Dot, OR, AND, IS NOT DISTINCT FROM, IS NULL, IS NOT NULL, BETWEEN, NOT BETWEEN, LIKE, ILIKE, NOT LIKE, NOT ILIKE, REGEXP, IN, NOT IN, GLOBAL IN, GLOBAL NOT IN, MOD, DIV, alias, AS, identifier, Comma, FROM, PREWHERE, WHERE, GROUP BY, WITH, HAVING, WINDOW, QUALIFY, ORDER BY, LIMIT, OFFSET, FETCH, SETTINGS, UNION, EXCEPT, INTERSECT, INTO OUTFILE, FORMAT, end of query. (SYNTAX_ERROR) (version 24.4.1.2088 (official build))\n", "error_stage": "query"}, {"test_case": "test_case_00000_00203", "type": "error", "result_detail": ":HTTPDriver for http://localhost:18123 returned response code 404)\n Code: 46. DB::Exception: Function with name 'generate_series' does not exists. In scope SELECT generate_series(1, 3), generate_series(3, 5). (UNKNOWN_FUNCTION) (version 24.4.1.2088 (official build))\n", "error_stage": "query"}, {"test_case": "test_case_00000_00006", "type": "error", "result_detail": ":HTTPDriver for http://localhost:18123 returned response code 400)\n Code: 62. DB::Exception: Syntax error: failed at position 13 (''c'') (line 1, col 13): 'c' = char 'c' AS true\n FORMAT Native. Expected one of: token, Dot, OR, AND, IS NOT DISTINCT FROM, IS NULL, IS NOT NULL, BETWEEN, NOT BETWEEN, LIKE, ILIKE, NOT LIKE, NOT ILIKE, REGEXP, IN, NOT IN, GLOBAL IN, GLOBAL NOT IN, MOD, DIV, alias, AS, identifier, Comma, FROM, PREWHERE, WHERE, GROUP BY, WITH, HAVING, WINDOW, QUALIFY, ORDER BY, LIMIT, OFFSET, FETCH, SETTINGS, UNION, EXCEPT, INTERSECT, INTO OUTFILE, FORMAT, end of query. (SYNTAX_ERROR) (version 24.4.1.2088 (official build))\n", "error_stage": "query"}, {"test_case": "test_case_00000_00138", "type": "error", "result_detail": ":HTTPDriver for http://localhost:18123 returned response code 404)\n Code: 47. DB::Exception: Unknown expression or function identifier '0o20000000000' in scope SELECT -`0o20000000000`. (UNKNOWN_IDENTIFIER) (version 24.4.1.2088 (official build))\n", "error_stage": "query"}, {"test_case": "test_case_00000_00090", "type": "error", "result_detail": ":HTTPDriver for http://localhost:18123 returned response code 404)\n Code: 50. DB::Exception: Unknown data type family: macaddr8: In scope SELECT CAST('    08:00:2b:01:02:03:04:05     ', 'macaddr8'). (UNKNOWN_TYPE) (version 24.4.1.2088 (official build))\n", "error_stage": "query"}, {"test_case": "test_case_00000_00226", "type": "error", "result_detail": ":HTTPDriver for http://localhost:18123 returned response code 500)\n Code: 558. DB::Exception: Expected ALL or DISTINCT in SelectWithUnion query, because setting (union_default_mode) is empty: While processing SELECT 1.1 AS two UNION SELECT 2.2 ORDER BY 1 ASC FORMAT Native. (EXPECTED_ALL_OR_DISTINCT) (version 24.4.1.2088 (official build))\n", "error_stage": "query"}, {"test_case": "test_case_00000_00089", "type": "error", "result_detail": ":HTTPDriver for http://localhost:18123 returned response code 404)\n Code: 50. DB::Exception: Unknown data type family: macaddr8: In scope SELECT CAST('08:00:2b:01:02:03:04:05     ', 'macaddr8'). (UNKNOWN_TYPE) (version 24.4.1.2088 (official build))\n", "error_stage": "query"}, {"test_case": "test_case_00000_00074", "type": "error", "result_detail": ":HTTPDriver for http://localhost:18123 returned response code 400)\n Code: 62. DB::Exception: Syntax error: failed at position 14 (''{\"b\": {\"a\": 12}}'') (line 1, col 14): '{\"b\": {\"a\": 12}}' @? '$.*.a'\n FORMAT Native. Expected one of: token, Dot, OR, AND, IS NOT DISTINCT FROM, IS NULL, IS NOT NULL, BETWEEN, NOT BETWEEN, LIKE, ILIKE, NOT LIKE, NOT ILIKE, REGEXP, IN, NOT IN, GLOBAL IN, GLOBAL NOT IN, MOD, DIV, alias, AS, identifier, Comma, FROM, PREWHERE, WHERE, GROUP BY, WITH, HAVING, WINDOW, QUALIFY, ORDER BY, LIMIT, OFFSET, FETCH, SETTINGS, UNION, EXCEPT, INTERSECT, INTO OUTFILE, FORMAT, end of query. (SYNTAX_ERROR) (version 24.4.1.2088 (official build))\n", "error_stage": "query"}, {"test_case": "test_case_00000_00166", "type": "error", "result_detail": ":HTTPDriver for http://localhost:18123 returned response code 400)\n Code: 62. DB::Exception: Syntax error: failed at position 14 ('~') (line 1, col 14): ~ '^([bc])\\1*$' as f\n FORMAT Native. Unrecognized token: '~'. (SYNTAX_ERROR) (version 24.4.1.2088 (official build))\n", "error_stage": "query"}, {"test_case": "test_case_00000_00225", "type": "error", "result_detail": ":HTTPDriver for http://localhost:18123 returned response code 500)\n Code: 558. DB::Exception: Expected ALL or DISTINCT in SelectWithUnion query, because setting (union_default_mode) is empty: While processing SELECT 1 AS three UNION SELECT 2 UNION ALL SELECT 2 ORDER BY 1 ASC FORMAT Native. (EXPECTED_ALL_OR_DISTINCT) (version 24.4.1.2088 (official build))\n", "error_stage": "query"}, {"test_case": "test_case_00000_00085", "type": "error", "result_detail": ":HTTPDriver for http://localhost:18123 returned response code 400)\n Code: 62. DB::Exception: Syntax error: failed at position 14 (''[1]'') (line 1, col 14): '[1]' @? 'strict $[1]'\n FORMAT Native. Expected one of: token, Dot, OR, AND, IS NOT DISTINCT FROM, IS NULL, IS NOT NULL, BETWEEN, NOT BETWEEN, LIKE, ILIKE, NOT LIKE, NOT ILIKE, REGEXP, IN, NOT IN, GLOBAL IN, GLOBAL NOT IN, MOD, DIV, alias, AS, identifier, Comma, FROM, PREWHERE, WHERE, GROUP BY, WITH, HAVING, WINDOW, QUALIFY, ORDER BY, LIMIT, OFFSET, FETCH, SETTINGS, UNION, EXCEPT, INTERSECT, INTO OUTFILE, FORMAT, end of query. (SYNTAX_ERROR) (version 24.4.1.2088 (official build))\n", "error_stage": "query"}, {"test_case": "test_case_00000_00132", "type": "error", "result_detail": ":HTTPDriver for http://localhost:18123 returned response code 404)\n Code: 47. DB::Exception: Unknown expression identifier '0o17777777777' in scope SELECT `0o17777777777`. (UNKNOWN_IDENTIFIER) (version 24.4.1.2088 (official build))\n", "error_stage": "query"}, {"test_case": "test_case_00000_00167", "type": "error", "result_detail": ":HTTPDriver for http://localhost:18123 returned response code 400)\n Code: 62. DB::Exception: Syntax error: failed at position 12 ('~') (line 1, col 12): ~ '^([bc])\\1*$' as t\n FORMAT Native. Unrecognized token: '~'. (SYNTAX_ERROR) (version 24.4.1.2088 (official build))\n", "error_stage": "query"}, {"test_case": "test_case_00000_00033", "type": "error", "result_detail": ":HTTPDriver for http://localhost:18123 returned response code 400)\n Code: 62. DB::Exception: Syntax error: failed at position 164 ('VALUES') (line 4, col 9): VALUES (0), (1), (17), (42), (550273), (207112489)) x(v)\nWHERE  hashoid(v)::bit(32) != hashoidextended(v, 0)::bit(32)\n       OR hashoid(v)::bit(32) = hashoidext. Expected one of: SELECT query, possibly with UNION, list of union elements, SELECT query, subquery, possibly with UNION, SELECT subquery, SELECT query, WITH, FROM, SELECT, EXPLAIN, EXPLAIN. (SYNTAX_ERROR) (version 24.4.1.2088 (official build))\n", "error_stage": "query"}, {"test_case": "test_case_00000_00183", "type": "error", "result_detail": ":HTTPDriver for http://localhost:18123 returned response code 404)\n Code: 46. DB::Exception: Function with name 'regproc' does not exists. In scope SELECT regproc('now'). (UNKNOWN_FUNCTION) (version 24.4.1.2088 (official build))\n", "error_stage": "query"}, {"test_case": "test_case_00000_00243", "type": "error", "result_detail": ":HTTPDriver for http://localhost:18123 returned response code 404)\n Code: 50. DB::Exception: Unknown data type family: xid8: In scope SELECT CAST('1', 'xid8') = CAST('1', 'xid8'). (UNKNOWN_TYPE) (version 24.4.1.2088 (official build))\n", "error_stage": "query"}, {"test_case": "test_case_00000_00147", "type": "different", "host_result_detail": "current transaction is aborted, commands ignored until end of transaction block\n", "guest_result_detail": [[9223372036854775808]]}, {"test_case": "test_case_00000_00222", "type": "different", "host_result_detail": "current transaction is aborted, commands ignored until end of transaction block\n", "guest_result_detail": [[1], [1]]}, {"test_case": "test_case_00000_00236", "type": "error", "result_detail": ":HTTPDriver for http://localhost:18123 returned response code 404)\n Code: 50. DB::Exception: Unknown data type family: xid: In scope SELECT CAST('010', 'xid'), CAST('42', 'xid'), CAST('0xffffffff', 'xid'), CAST('-1', 'xid'), CAST('010', 'xid8'), CAST('42', 'xid8'), CAST('0xffffffffffffffff', 'xid8'), CAST('-1', 'xid8'). (UNKNOWN_TYPE) (version 24.4.1.2088 (official build))\n", "error_stage": "query"}, {"test_case": "test_case_00000_00064", "type": "error", "result_detail": ":HTTPDriver for http://localhost:18123 returned response code 400)\n Code: 62. DB::Exception: Syntax error: failed at position 54 ('AS') (line 1, col 54): AS \"9 years...\"\n FORMAT Native. Expected end of query. (SYNTAX_ERROR) (version 24.4.1.2088 (official build))\n", "error_stage": "query"}, {"test_case": "test_case_00000_00130", "type": "different", "host_result_detail": "current transaction is aborted, commands ignored until end of transaction block\n", "guest_result_detail": [[2147483647]]}, {"test_case": "test_case_00000_00111", "type": "error", "result_detail": ":HTTPDriver for http://localhost:18123 returned response code 400)\n Code: 62. DB::Exception: Syntax error: failed at position 30 (''{\"1\",\"2\",\"3\",\"4\"}'') (line 1, col 30): '{\"1\",\"2\",\"3\",\"4\"}'::text[])\n FORMAT Native. Expected one of: token, Dot, Comma, ClosingRoundBracket, OR, AND, IS NOT DISTINCT FROM, IS NULL, IS NOT NULL, BETWEEN, NOT BETWEEN, LIKE, ILIKE, NOT LIKE, NOT ILIKE, REGEXP, IN, NOT IN, GLOBAL IN, GLOBAL NOT IN, MOD, DIV, alias, AS. (SYNTAX_ERROR) (version 24.4.1.2088 (official build))\n", "error_stage": "query"}, {"test_case": "test_case_00000_00060", "type": "error", "result_detail": ":HTTPDriver for http://localhost:18123 returned response code 400)\n Code: 62. DB::Exception: Syntax error: failed at position 29 ('AS') (line 1, col 29): AS \"22 hours ago...\"\n FORMAT Native. Expected end of query. (SYNTAX_ERROR) (version 24.4.1.2088 (official build))\n", "error_stage": "query"}, {"test_case": "test_case_00000_00221", "type": "different", "host_result_detail": "current transaction is aborted, commands ignored until end of transaction block\n", "guest_result_detail": [[1], [2]]}, {"test_case": "test_case_00000_00043", "type": "error", "result_detail": ":HTTPDriver for http://localhost:18123 returned response code 400)\n Code: 62. DB::Exception: Syntax error: failed at position 23 ('time') (line 1, col 23): time zone '20011227 040506+08'\n FORMAT Native. Expected one of: ROLLUP, CUBE, TOTALS. (SYNTAX_ERROR) (version 24.4.1.2088 (official build))\n", "error_stage": "query"}, {"test_case": "test_case_00000_00121", "type": "error", "result_detail": ":HTTPDriver for http://localhost:18123 returned response code 400)\n Code: 62. DB::Exception: Syntax error: failed at position 30 ('NULL') (line 1, col 30): NULL::text[])\n FORMAT Native. Expected one of: token, Dot, Comma, ClosingRoundBracket, OR, AND, IS NOT DISTINCT FROM, IS NULL, IS NOT NULL, BETWEEN, NOT BETWEEN, LIKE, ILIKE, NOT LIKE, NOT ILIKE, REGEXP, IN, NOT IN, GLOBAL IN, GLOBAL NOT IN, MOD, DIV, alias, AS. (SYNTAX_ERROR) (version 24.4.1.2088 (official build))\n", "error_stage": "query"}, {"test_case": "test_case_00000_00198", "type": "different", "host_result_detail": "current transaction is aborted, commands ignored until end of transaction block\n", "guest_result_detail": [[1]]}, {"test_case": "test_case_00000_00208", "type": "error", "result_detail": ":HTTPDriver for http://localhost:18123 returned response code 404)\n Code: 50. DB::Exception: Unknown data type family: tsvector: In scope SELECT CAST(' 1', 'tsvector'). (UNKNOWN_TYPE) (version 24.4.1.2088 (official build))\n", "error_stage": "query"}, {"test_case": "test_case_00000_00213", "type": "error", "result_detail": ":HTTPDriver for http://localhost:18123 returned response code 400)\n Code: 62. DB::Exception: Syntax error: failed at position 56 (')') (line 1, col 56): )\n FORMAT Native. Expected one of: token, DoubleColon, Comma. (SYNTAX_ERROR) (version 24.4.1.2088 (official build))\n", "error_stage": "query"}, {"test_case": "test_case_00000_00193", "type": "error", "result_detail": ":HTTPDriver for http://localhost:18123 returned response code 400)\n Code: 62. DB::Exception: Syntax error: failed at position 21 ('' - next line'') (line 2, col 1): ' - next line'\n\t' - third line'\n\tAS \"Three lines to one\"\n FORMAT Native. Expected one of: token, DoubleColon, OR, AND, IS NOT DISTINCT FROM, IS NULL, IS NOT NULL, BETWEEN, NOT BETWEEN, LIKE, ILIKE, NOT LIKE, NOT ILIKE, REGEXP, IN, NOT IN, GLOBAL IN, GLOBAL NOT IN, MOD, DIV, alias, AS, identifier, Comma, FROM, PREWHERE, WHERE, GROUP BY, WITH, HAVING, WINDOW, QUALIFY, ORDER BY, LIMIT, OFFSET, FETCH, SETTINGS, UNION, EXCEPT, INTERSECT, INTO OUTFILE, FORMAT, end of query. (SYNTAX_ERROR) (version 24.4.1.2088 (official build))\n", "error_stage": "query"}, {"test_case": "test_case_00000_00026", "type": "error", "result_detail": ":HTTPDriver for http://localhost:18123 returned response code 404)\n Code: 47. DB::Exception: Unknown expression identifier 'current_schema' in scope SELECT current_schema. (UNKNOWN_IDENTIFIER) (version 24.4.1.2088 (official build))\n", "error_stage": "query"}, {"test_case": "test_case_00000_00039", "type": "error", "result_detail": ":HTTPDriver for http://localhost:18123 returned response code 400)\n Code: 62. DB::Exception: Syntax error: failed at position 167 ('VALUES') (line 4, col 9): VALUES (NULL::inet), ('192.168.100.128/25'), ('192.168.100.0/8'),\n        ('172.168.10.126/16'), ('172.18.103.126/24'), ('192.188.13.16/32')) x(v)\nWHERE  hashin. Expected one of: SELECT query, possibly with UNION, list of union elements, SELECT query, subquery, possibly with UNION, SELECT subquery, SELECT query, WITH, FROM, SELECT, EXPLAIN, EXPLAIN. (SYNTAX_ERROR) (version 24.4.1.2088 (official build))\n", "error_stage": "query"}, {"test_case": "test_case_00000_00235", "type": "error", "result_detail": ":HTTPDriver for http://localhost:18123 returned response code 400)\n Code: 62. DB::Exception: Syntax error: failed at position 55 ('ORDER') (line 1, col 55): ORDER BY 1\n FORMAT Native. Expected one of: UNION, EXCEPT, INTERSECT, INTO OUTFILE, FORMAT, SETTINGS, end of query. (SYNTAX_ERROR) (version 24.4.1.2088 (official build))\n", "error_stage": "query"}, {"test_case": "test_case_00000_00096", "type": "error", "result_detail": ":HTTPDriver for http://localhost:18123 returned response code 404)\n Code: 46. DB::Exception: Function with name 'md5' does not exists. In scope SELECT md5('abcdefghijklmnopqrstuvwxyz') = 'c3fcd3d76192e4007dfb496cca67e13b' AS TRUE. Maybe you meant: ['MD5','MD4']. (UNKNOWN_FUNCTION) (version 24.4.1.2088 (official build))\n", "error_stage": "query"}, {"test_case": "test_case_00000_00179", "type": "error", "result_detail": ":HTTPDriver for http://localhost:18123 returned response code 404)\n Code: 46. DB::Exception: Function with name 'regexp_match' does not exists. In scope SELECT regexp_match('abc', 'd') IS NULL. Maybe you meant: ['REGEXP_MATCHES']. (UNKNOWN_FUNCTION) (version 24.4.1.2088 (official build))\n", "error_stage": "query"}, {"test_case": "test_case_00000_00164", "type": "error", "result_detail": ":HTTPDriver for http://localhost:18123 returned response code 400)\n Code: 62. DB::Exception: Syntax error: failed at position 14 ('~') (line 1, col 14): ~ '^([bc])\\1*$' as t\n FORMAT Native. Unrecognized token: '~'. (SYNTAX_ERROR) (version 24.4.1.2088 (official build))\n", "error_stage": "query"}, {"test_case": "test_case_00000_00187", "type": "error", "result_detail": ":HTTPDriver for http://localhost:18123 returned response code 404)\n Code: 46. DB::Exception: Function with name 'to_regoper' does not exists. In scope SELECT to_regoper('||/'). (UNKNOWN_FUNCTION) (version 24.4.1.2088 (official build))\n", "error_stage": "query"}, {"test_case": "test_case_00000_00178", "type": "error", "result_detail": ":HTTPDriver for http://localhost:18123 returned response code 404)\n Code: 46. DB::Exception: Function with name 'regexp_match' does not exists. In scope SELECT regexp_match('abc', 'bc'). Maybe you meant: ['REGEXP_MATCHES']. (UNKNOWN_FUNCTION) (version 24.4.1.2088 (official build))\n", "error_stage": "query"}, {"test_case": "test_case_00000_00094", "type": "error", "result_detail": ":HTTPDriver for http://localhost:18123 returned response code 404)\n Code: 46. DB::Exception: Function with name 'md5' does not exists. In scope SELECT md5('abc') = '900150983cd24fb0d6963f7d28e17f72' AS TRUE. Maybe you meant: ['MD5','MD4']. (UNKNOWN_FUNCTION) (version 24.4.1.2088 (official build))\n", "error_stage": "query"}, {"test_case": "test_case_00000_00084", "type": "error", "result_detail": ":HTTPDriver for http://localhost:18123 returned response code 400)\n Code: 62. DB::Exception: Syntax error: failed at position 14 (''[1]'') (line 1, col 14): '[1]' @? '$[1]'\n FORMAT Native. Expected one of: token, Dot, OR, AND, IS NOT DISTINCT FROM, IS NULL, IS NOT NULL, BETWEEN, NOT BETWEEN, LIKE, ILIKE, NOT LIKE, NOT ILIKE, REGEXP, IN, NOT IN, GLOBAL IN, GLOBAL NOT IN, MOD, DIV, alias, AS, identifier, Comma, FROM, PREWHERE, WHERE, GROUP BY, WITH, HAVING, WINDOW, QUALIFY, ORDER BY, LIMIT, OFFSET, FETCH, SETTINGS, UNION, EXCEPT, INTERSECT, INTO OUTFILE, FORMAT, end of query. (SYNTAX_ERROR) (version 24.4.1.2088 (official build))\n", "error_stage": "query"}, {"test_case": "test_case_00000_00073", "type": "error", "result_detail": ":HTTPDriver for http://localhost:18123 returned response code 400)\n Code: 62. DB::Exception: Syntax error: failed at position 14 (''{\"a\": {\"a\": 12}}'') (line 1, col 14): '{\"a\": {\"a\": 12}}' @? '$.*.a'\n FORMAT Native. Expected one of: token, Dot, OR, AND, IS NOT DISTINCT FROM, IS NULL, IS NOT NULL, BETWEEN, NOT BETWEEN, LIKE, ILIKE, NOT LIKE, NOT ILIKE, REGEXP, IN, NOT IN, GLOBAL IN, GLOBAL NOT IN, MOD, DIV, alias, AS, identifier, Comma, FROM, PREWHERE, WHERE, GROUP BY, WITH, HAVING, WINDOW, QUALIFY, ORDER BY, LIMIT, OFFSET, FETCH, SETTINGS, UNION, EXCEPT, INTERSECT, INTO OUTFILE, FORMAT, end of query. (SYNTAX_ERROR) (version 24.4.1.2088 (official build))\n", "error_stage": "query"}, {"test_case": "test_case_00000_00028", "type": "error", "result_detail": ":HTTPDriver for http://localhost:18123 returned response code 400)\n Code: 62. DB::Exception: Syntax error: failed at position 167 ('VALUES') (line 4, col 9): VALUES (0::int2), (1::int2), (17::int2), (42::int2)) x(v)\nWHERE  hashint2(v)::bit(32) != hashint2extended(v, 0)::bit(32)\n       OR hashint2(v)::bit(32) = hashin. Expected one of: SELECT query, possibly with UNION, list of union elements, SELECT query, subquery, possibly with UNION, SELECT subquery, SELECT query, WITH, FROM, SELECT, EXPLAIN, EXPLAIN. (SYNTAX_ERROR) (version 24.4.1.2088 (official build))\n", "error_stage": "query"}, {"test_case": "test_case_00000_00182", "type": "error", "result_detail": ":HTTPDriver for http://localhost:18123 returned response code 404)\n Code: 46. DB::Exception: Function with name 'regoperator' does not exists. In scope SELECT regoperator('+(int4,int4)'). (UNKNOWN_FUNCTION) (version 24.4.1.2088 (official build))\n", "error_stage": "query"}, {"test_case": "test_case_00000_00141", "type": "different", "host_result_detail": "current transaction is aborted, commands ignored until end of transaction block\n", "guest_result_detail": [[-2147483649]]}, {"test_case": "test_case_00000_00070", "type": "error", "result_detail": ":HTTPDriver for http://localhost:18123 returned response code 400)\n Code: 62. DB::Exception: Syntax error: failed at position 14 (''{\"a\": 12}'') (line 1, col 14): '{\"a\": 12}' @? '$.a + 2'\n FORMAT Native. Expected one of: token, Dot, OR, AND, IS NOT DISTINCT FROM, IS NULL, IS NOT NULL, BETWEEN, NOT BETWEEN, LIKE, ILIKE, NOT LIKE, NOT ILIKE, REGEXP, IN, NOT IN, GLOBAL IN, GLOBAL NOT IN, MOD, DIV, alias, AS, identifier, Comma, FROM, PREWHERE, WHERE, GROUP BY, WITH, HAVING, WINDOW, QUALIFY, ORDER BY, LIMIT, OFFSET, FETCH, SETTINGS, UNION, EXCEPT, INTERSECT, INTO OUTFILE, FORMAT, end of query. (SYNTAX_ERROR) (version 24.4.1.2088 (official build))\n", "error_stage": "query"}, {"test_case": "test_case_00000_00007", "type": "error", "result_detail": ":HTTPDriver for http://localhost:18123 returned response code 400)\n Code: 62. DB::Exception: Syntax error (Multi-statements are not allowed): failed at position 27 (end of query) (line 1, col 27): ; -- trailing single line\n FORMAT Native. . (SYNTAX_ERROR) (version 24.4.1.2088 (official build))\n", "error_stage": "query"}, {"test_case": "test_case_00000_00048", "type": "error", "result_detail": ":HTTPDriver for http://localhost:18123 returned response code 400)\n Code: 62. DB::Exception: Syntax error: failed at position 23 ('time') (line 1, col 23): time zone '20011227T040506-08'\n FORMAT Native. Expected one of: ROLLUP, CUBE, TOTALS. (SYNTAX_ERROR) (version 24.4.1.2088 (official build))\n", "error_stage": "query"}, {"test_case": "test_case_00000_00246", "type": "error", "result_detail": ":HTTPDriver for http://localhost:18123 returned response code 404)\n Code: 50. DB::Exception: Unknown data type family: xid: In scope SELECT CAST('1', 'xid') != CAST(CAST('1', 'xid8'), 'xid'). (UNKNOWN_TYPE) (version 24.4.1.2088 (official build))\n", "error_stage": "query"}, {"test_case": "test_case_00000_00217", "type": "error", "result_detail": ":HTTPDriver for http://localhost:18123 returned response code 404)\n Code: 50. DB::Exception: Unknown data type family: txid_snapshot: In scope SELECT CAST('12:18:14,16', 'txid_snapshot'). (UNKNOWN_TYPE) (version 24.4.1.2088 (official build))\n", "error_stage": "query"}, {"test_case": "test_case_00000_00113", "type": "error", "result_detail": ":HTTPDriver for http://localhost:18123 returned response code 404)\n Code: 46. DB::Exception: Function with name 'num_nulls' does not exists. In scope SELECT num_nulls(NULL). (UNKNOWN_FUNCTION) (version 24.4.1.2088 (official build))\n", "error_stage": "query"}, {"test_case": "test_case_00000_00107", "type": "error", "result_detail": ":HTTPDriver for http://localhost:18123 returned response code 500)\n Code: 70. DB::Exception: Cannot convert NULL to a non-nullable type: In scope SELECT num_nonnulls(CAST(NULL, 'text')). (CANNOT_CONVERT_TYPE) (version 24.4.1.2088 (official build))\n", "error_stage": "query"}, {"test_case": "test_case_00000_00133", "type": "error", "result_detail": ":HTTPDriver for http://localhost:18123 returned response code 404)\n Code: 47. DB::Exception: Unknown expression identifier '0o20000000000' in scope SELECT `0o20000000000`. (UNKNOWN_IDENTIFIER) (version 24.4.1.2088 (official build))\n", "error_stage": "query"}, {"test_case": "test_case_00000_00124", "type": "error", "result_detail": ":HTTPDriver for http://localhost:18123 returned response code 400)\n Code: 62. DB::Exception: Syntax error: failed at position 27 (''{}'') (line 1, col 27): '{}'::int[])\n FORMAT Native. Expected one of: token, Dot, Comma, ClosingRoundBracket, OR, AND, IS NOT DISTINCT FROM, IS NULL, IS NOT NULL, BETWEEN, NOT BETWEEN, LIKE, ILIKE, NOT LIKE, NOT ILIKE, REGEXP, IN, NOT IN, GLOBAL IN, GLOBAL NOT IN, MOD, DIV, alias, AS. (SYNTAX_ERROR) (version 24.4.1.2088 (official build))\n", "error_stage": "query"}, {"test_case": "test_case_00000_00091", "type": "error", "result_detail": ":HTTPDriver for http://localhost:18123 returned response code 404)\n Code: 50. DB::Exception: Unknown data type family: macaddr8: In scope SELECT CAST('    08:00:2b:01:02:03:04:05', 'macaddr8'). (UNKNOWN_TYPE) (version 24.4.1.2088 (official build))\n", "error_stage": "query"}, {"test_case": "test_case_00000_00016", "type": "error", "result_detail": ":HTTPDriver for http://localhost:18123 returned response code 404)\n Code: 46. DB::Exception: Function with name 'localtime' does not exists. In scope SELECT CAST(CAST(now(), 'time(3)'), 'text') = CAST(localtime(3), 'text'). Maybe you meant: ['locate']. (UNKNOWN_FUNCTION) (version 24.4.1.2088 (official build))\n", "error_stage": "query"}, {"test_case": "test_case_00000_00242", "type": "error", "result_detail": ":HTTPDriver for http://localhost:18123 returned response code 404)\n Code: 50. DB::Exception: Unknown data type family: xid: In scope SELECT CAST('1', 'xid') != CAST('1', 'xid'). (UNKNOWN_TYPE) (version 24.4.1.2088 (official build))\n", "error_stage": "query"}, {"test_case": "test_case_00000_00023", "type": "error", "result_detail": ":HTTPDriver for http://localhost:18123 returned response code 404)\n Code: 47. DB::Exception: Unknown expression or function identifier 'localtimestamp' in scope SELECT localtimestamp = localtimestamp(7). (UNKNOWN_IDENTIFIER) (version 24.4.1.2088 (official build))\n", "error_stage": "query"}, {"test_case": "test_case_00000_00157", "type": "error", "result_detail": ":HTTPDriver for http://localhost:18123 returned response code 400)\n Code: 62. DB::Exception: Syntax error: failed at position 8 ('0.0a') (line 1, col 8): 0.0a\n FORMAT Native. Wrong number: '0.0a'. (SYNTAX_ERROR) (version 24.4.1.2088 (official build))\n", "error_stage": "query"}, {"test_case": "test_case_00000_00153", "type": "different", "host_result_detail": "current transaction is aborted, commands ignored until end of transaction block\n", "guest_result_detail": [[-9.223372036854776e+18]]}, {"test_case": "test_case_00000_00229", "type": "error", "result_detail": ":HTTPDriver for http://localhost:18123 returned response code 500)\n Code: 558. DB::Exception: Expected ALL or DISTINCT in SelectWithUnion query, because setting (union_default_mode) is empty: While processing SELECT 1 AS one UNION SELECT CAST('1.0', 'float8') ORDER BY 1 ASC FORMAT Native. (EXPECTED_ALL_OR_DISTINCT) (version 24.4.1.2088 (official build))\n", "error_stage": "query"}, {"test_case": "test_case_00000_00000", "type": "different", "host_result_detail": "current transaction is aborted, commands ignored until end of transaction block\n", "guest_result_detail": [[1]]}, {"test_case": "test_case_00000_00055", "type": "error", "result_detail": ":HTTPDriver for http://localhost:18123 returned response code 400)\n Code: 62. DB::Exception: Syntax error: failed at position 23 ('time') (line 1, col 23): time zone '2001-12-27 04:05:06.789 MET DST'\n FORMAT Native. Expected one of: ROLLUP, CUBE, TOTALS. (SYNTAX_ERROR) (version 24.4.1.2088 (official build))\n", "error_stage": "query"}, {"test_case": "test_case_00000_00195", "type": "different", "host_result_detail": "current transaction is aborted, commands ignored until end of transaction block\n", "guest_result_detail": []}, {"test_case": "test_case_00000_00062", "type": "error", "result_detail": "Unrecognized ClickHouse type base: IntervalWeek name: IntervalWeek", "error_stage": "query"}, {"test_case": "test_case_00000_00053", "type": "error", "result_detail": ":HTTPDriver for http://localhost:18123 returned response code 400)\n Code: 62. DB::Exception: Syntax error: failed at position 23 ('time') (line 1, col 23): time zone '2001/12/27 04:05:06.789-08'\n FORMAT Native. Expected one of: ROLLUP, CUBE, TOTALS. (SYNTAX_ERROR) (version 24.4.1.2088 (official build))\n", "error_stage": "query"}, {"test_case": "test_case_00000_00071", "type": "error", "result_detail": ":HTTPDriver for http://localhost:18123 returned response code 400)\n Code: 62. DB::Exception: Syntax error: failed at position 14 (''{\"a\": 12}'') (line 1, col 14): '{\"a\": 12}' @? '$.b + 2'\n FORMAT Native. Expected one of: token, Dot, OR, AND, IS NOT DISTINCT FROM, IS NULL, IS NOT NULL, BETWEEN, NOT BETWEEN, LIKE, ILIKE, NOT LIKE, NOT ILIKE, REGEXP, IN, NOT IN, GLOBAL IN, GLOBAL NOT IN, MOD, DIV, alias, AS, identifier, Comma, FROM, PREWHERE, WHERE, GROUP BY, WITH, HAVING, WINDOW, QUALIFY, ORDER BY, LIMIT, OFFSET, FETCH, SETTINGS, UNION, EXCEPT, INTERSECT, INTO OUTFILE, FORMAT, end of query. (SYNTAX_ERROR) (version 24.4.1.2088 (official build))\n", "error_stage": "query"}, {"test_case": "test_case_00000_00005", "type": "error", "result_detail": ":HTTPDriver for http://localhost:18123 returned response code 400)\n Code: 62. DB::Exception: Syntax error: failed at position 13 (''true'') (line 1, col 13): 'true' AS true\n FORMAT Native. Expected one of: token, Dot, OR, AND, IS NOT DISTINCT FROM, IS NULL, IS NOT NULL, BETWEEN, NOT BETWEEN, LIKE, ILIKE, NOT LIKE, NOT ILIKE, REGEXP, IN, NOT IN, GLOBAL IN, GLOBAL NOT IN, MOD, DIV, alias, AS, identifier, Comma, FROM, PREWHERE, WHERE, GROUP BY, WITH, HAVING, WINDOW, QUALIFY, ORDER BY, LIMIT, OFFSET, FETCH, SETTINGS, UNION, EXCEPT, INTERSECT, INTO OUTFILE, FORMAT, end of query. (SYNTAX_ERROR) (version 24.4.1.2088 (official build))\n", "error_stage": "query"}, {"test_case": "test_case_00000_00011", "type": "different", "host_result_detail": "current transaction is aborted, commands ignored until end of transaction block\n", "guest_result_detail": [[1]]}, {"test_case": "test_case_00000_00067", "type": "error", "result_detail": ":HTTPDriver for http://localhost:18123 returned response code 400)\n Code: 62. DB::Exception: Syntax error: failed at position 14 (''{\"a\": 12}'') (line 1, col 14): '{\"a\": 12}' @? '1'\n FORMAT Native. Expected one of: token, Dot, OR, AND, IS NOT DISTINCT FROM, IS NULL, IS NOT NULL, BETWEEN, NOT BETWEEN, LIKE, ILIKE, NOT LIKE, NOT ILIKE, REGEXP, IN, NOT IN, GLOBAL IN, GLOBAL NOT IN, MOD, DIV, alias, AS, identifier, Comma, FROM, PREWHERE, WHERE, GROUP BY, WITH, HAVING, WINDOW, QUALIFY, ORDER BY, LIMIT, OFFSET, FETCH, SETTINGS, UNION, EXCEPT, INTERSECT, INTO OUTFILE, FORMAT, end of query. (SYNTAX_ERROR) (version 24.4.1.2088 (official build))\n", "error_stage": "query"}, {"test_case": "test_case_00000_00061", "type": "error", "result_detail": ":HTTPDriver for http://localhost:18123 returned response code 400)\n Code: 62. DB::Exception: Syntax error: failed at position 34 ('AS') (line 1, col 34): AS \"22 hours ago...\"\n FORMAT Native. Expected end of query. (SYNTAX_ERROR) (version 24.4.1.2088 (official build))\n", "error_stage": "query"}, {"test_case": "test_case_00000_00143", "type": "different", "host_result_detail": "current transaction is aborted, commands ignored until end of transaction block\n", "guest_result_detail": [[9223372036854775808]]}, {"test_case": "test_case_00000_00154", "type": "error", "result_detail": ":HTTPDriver for http://localhost:18123 returned response code 404)\n Code: 47. DB::Exception: Unknown expression identifier '123abc' in scope SELECT `123abc`. (UNKNOWN_IDENTIFIER) (version 24.4.1.2088 (official build))\n", "error_stage": "query"}, {"test_case": "test_case_00000_00059", "type": "error", "result_detail": ":HTTPDriver for http://localhost:18123 returned response code 400)\n Code: 62. DB::Exception: Syntax error: failed at position 26 ('AS') (line 1, col 26): AS \"Eight hours\"\n FORMAT Native. Expected end of query. (SYNTAX_ERROR) (version 24.4.1.2088 (official build))\n", "error_stage": "query"}, {"test_case": "test_case_00000_00063", "type": "error", "result_detail": "Unrecognized ClickHouse type base: IntervalMonth name: IntervalMonth", "error_stage": "query"}, {"test_case": "test_case_00000_00105", "type": "error", "result_detail": ":HTTPDriver for http://localhost:18123 returned response code 404)\n Code: 46. DB::Exception: Function with name 'md5' does not exists. In scope SELECT md5(CAST('12345678901234567890123456789012345678901234567890123456789012345678901234567890', 'bytea')) = '57edf4a22be3c955ac49da2e2107b67a' AS TRUE. Maybe you meant: ['MD5','MD4']. (UNKNOWN_FUNCTION) (version 24.4.1.2088 (official build))\n", "error_stage": "query"}, {"test_case": "test_case_00000_00199", "type": "error", "result_detail": ":HTTPDriver for http://localhost:18123 returned response code 400)\n Code: 62. DB::Exception: Syntax error: failed at position 13 (''this is a text string'') (line 1, col 13): 'this is a text string' = text 'this is a text string' AS true\n FORMAT Native. Expected one of: token, Dot, OR, AND, IS NOT DISTINCT FROM, IS NULL, IS NOT NULL, BETWEEN, NOT BETWEEN, LIKE, ILIKE, NOT LIKE, NOT ILIKE, REGEXP, IN, NOT IN, GLOBAL IN, GLOBAL NOT IN, MOD, DIV, alias, AS, identifier, Comma, FROM, PREWHERE, WHERE, GROUP BY, WITH, HAVING, WINDOW, QUALIFY, ORDER BY, LIMIT, OFFSET, FETCH, SETTINGS, UNION, EXCEPT, INTERSECT, INTO OUTFILE, FORMAT, end of query. (SYNTAX_ERROR) (version 24.4.1.2088 (official build))\n", "error_stage": "query"}, {"test_case": "test_case_00000_00151", "type": "error", "result_detail": ":HTTPDriver for http://localhost:18123 returned response code 404)\n Code: 47. DB::Exception: Unknown expression or function identifier '0o1000000000000000000001' in scope SELECT -`0o1000000000000000000001`. (UNKNOWN_IDENTIFIER) (version 24.4.1.2088 (official build))\n", "error_stage": "query"}, {"test_case": "test_case_00000_00077", "type": "error", "result_detail": ":HTTPDriver for http://localhost:18123 returned response code 400)\n Code: 62. DB::Exception: Syntax error: failed at position 14 (''{}'') (line 1, col 14): '{}' @? '$.*'\n FORMAT Native. Expected one of: token, Dot, OR, AND, IS NOT DISTINCT FROM, IS NULL, IS NOT NULL, BETWEEN, NOT BETWEEN, LIKE, ILIKE, NOT LIKE, NOT ILIKE, REGEXP, IN, NOT IN, GLOBAL IN, GLOBAL NOT IN, MOD, DIV, alias, AS, identifier, Comma, FROM, PREWHERE, WHERE, GROUP BY, WITH, HAVING, WINDOW, QUALIFY, ORDER BY, LIMIT, OFFSET, FETCH, SETTINGS, UNION, EXCEPT, INTERSECT, INTO OUTFILE, FORMAT, end of query. (SYNTAX_ERROR) (version 24.4.1.2088 (official build))\n", "error_stage": "query"}, {"test_case": "test_case_00000_00054", "type": "error", "result_detail": ":HTTPDriver for http://localhost:18123 returned response code 400)\n Code: 62. DB::Exception: Syntax error: failed at position 23 ('time') (line 1, col 23): time zone '12/27/2001 04:05:06.789-08'\n FORMAT Native. Expected one of: ROLLUP, CUBE, TOTALS. (SYNTAX_ERROR) (version 24.4.1.2088 (official build))\n", "error_stage": "query"}, {"test_case": "test_case_00000_00021", "type": "error", "result_detail": ":HTTPDriver for http://localhost:18123 returned response code 404)\n Code: 47. DB::Exception: Unknown expression or function identifier 'current_timestamp' in scope SELECT current_timestamp = current_timestamp(7). (UNKNOWN_IDENTIFIER) (version 24.4.1.2088 (official build))\n", "error_stage": "query"}, {"test_case": "test_case_00000_00202", "type": "error", "result_detail": ":HTTPDriver for http://localhost:18123 returned response code 400)\n Code: 62. DB::Exception: Syntax error (Multi-statements are not allowed): failed at position 29 (end of query) (line 1, col 29): ;  -- error\n FORMAT Native. . (SYNTAX_ERROR) (version 24.4.1.2088 (official build))\n", "error_stage": "query"}, {"test_case": "test_case_00000_00200", "type": "error", "result_detail": ":HTTPDriver for http://localhost:18123 returned response code 400)\n Code: 62. DB::Exception: Syntax error: failed at position 13 (''this is a text string'') (line 1, col 13): 'this is a text string' = text 'this is a text strin' AS false\n FORMAT Native. Expected one of: token, Dot, OR, AND, IS NOT DISTINCT FROM, IS NULL, IS NOT NULL, BETWEEN, NOT BETWEEN, LIKE, ILIKE, NOT LIKE, NOT ILIKE, REGEXP, IN, NOT IN, GLOBAL IN, GLOBAL NOT IN, MOD, DIV, alias, AS, identifier, Comma, FROM, PREWHERE, WHERE, GROUP BY, WITH, HAVING, WINDOW, QUALIFY, ORDER BY, LIMIT, OFFSET, FETCH, SETTINGS, UNION, EXCEPT, INTERSECT, INTO OUTFILE, FORMAT, end of query. (SYNTAX_ERROR) (version 24.4.1.2088 (official build))\n", "error_stage": "query"}, {"test_case": "test_case_00000_00100", "type": "error", "result_detail": ":HTTPDriver for http://localhost:18123 returned response code 404)\n Code: 46. DB::Exception: Function with name 'md5' does not exists. In scope SELECT md5(CAST('a', 'bytea')) = '0cc175b9c0f1b6a831c399e269772661' AS TRUE. Maybe you meant: ['MD5','MD4']. (UNKNOWN_FUNCTION) (version 24.4.1.2088 (official build))\n", "error_stage": "query"}, {"test_case": "test_case_00000_00079", "type": "error", "result_detail": ":HTTPDriver for http://localhost:18123 returned response code 400)\n Code: 62. DB::Exception: Syntax error: failed at position 14 (''{\"a\": {\"b\": 1}}'') (line 1, col 14): '{\"a\": {\"b\": 1}}' @? 'lax $.**{1}'\n FORMAT Native. Expected one of: token, Dot, OR, AND, IS NOT DISTINCT FROM, IS NULL, IS NOT NULL, BETWEEN, NOT BETWEEN, LIKE, ILIKE, NOT LIKE, NOT ILIKE, REGEXP, IN, NOT IN, GLOBAL IN, GLOBAL NOT IN, MOD, DIV, alias, AS, identifier, Comma, FROM, PREWHERE, WHERE, GROUP BY, WITH, HAVING, WINDOW, QUALIFY, ORDER BY, LIMIT, OFFSET, FETCH, SETTINGS, UNION, EXCEPT, INTERSECT, INTO OUTFILE, FORMAT, end of query. (SYNTAX_ERROR) (version 24.4.1.2088 (official build))\n", "error_stage": "query"}, {"test_case": "test_case_00000_00101", "type": "error", "result_detail": ":HTTPDriver for http://localhost:18123 returned response code 404)\n Code: 46. DB::Exception: Function with name 'md5' does not exists. In scope SELECT md5(CAST('abc', 'bytea')) = '900150983cd24fb0d6963f7d28e17f72' AS TRUE. Maybe you meant: ['MD5','MD4']. (UNKNOWN_FUNCTION) (version 24.4.1.2088 (official build))\n", "error_stage": "query"}, {"test_case": "test_case_00000_00139", "type": "error", "result_detail": ":HTTPDriver for http://localhost:18123 returned response code 404)\n Code: 47. DB::Exception: Unknown expression or function identifier '0o20000000001' in scope SELECT -`0o20000000001`. (UNKNOWN_IDENTIFIER) (version 24.4.1.2088 (official build))\n", "error_stage": "query"}, {"test_case": "test_case_00000_00150", "type": "error", "result_detail": ":HTTPDriver for http://localhost:18123 returned response code 404)\n Code: 47. DB::Exception: Unknown expression or function identifier '0o1000000000000000000000' in scope SELECT -`0o1000000000000000000000`. (UNKNOWN_IDENTIFIER) (version 24.4.1.2088 (official build))\n", "error_stage": "query"}, {"test_case": "test_case_00000_00136", "type": "different", "host_result_detail": "current transaction is aborted, commands ignored until end of transaction block\n", "guest_result_detail": [[-2147483648]]}, {"test_case": "test_case_00000_00219", "type": "error", "result_detail": ":HTTPDriver for http://localhost:18123 returned response code 500)\n Code: 558. DB::Exception: Expected ALL or DISTINCT in SelectWithUnion query, because setting (union_default_mode) is empty: While processing SELECT 1 AS two UNION SELECT 2 ORDER BY 1 ASC FORMAT Native. (EXPECTED_ALL_OR_DISTINCT) (version 24.4.1.2088 (official build))\n", "error_stage": "query"}, {"test_case": "test_case_00000_00003", "type": "error", "result_detail": ":HTTPDriver for http://localhost:18123 returned response code 400)\n Code: 62. DB::Exception: Syntax error: failed at position 13 (''t'') (line 1, col 13): 't' AS true\n FORMAT Native. Expected one of: token, Dot, OR, AND, IS NOT DISTINCT FROM, IS NULL, IS NOT NULL, BETWEEN, NOT BETWEEN, LIKE, ILIKE, NOT LIKE, NOT ILIKE, REGEXP, IN, NOT IN, GLOBAL IN, GLOBAL NOT IN, MOD, DIV, alias, AS, identifier, Comma, FROM, PREWHERE, WHERE, GROUP BY, WITH, HAVING, WINDOW, QUALIFY, ORDER BY, LIMIT, OFFSET, FETCH, SETTINGS, UNION, EXCEPT, INTERSECT, INTO OUTFILE, FORMAT, end of query. (SYNTAX_ERROR) (version 24.4.1.2088 (official build))\n", "error_stage": "query"}, {"test_case": "test_case_00000_00032", "type": "error", "result_detail": ":HTTPDriver for http://localhost:18123 returned response code 400)\n Code: 62. DB::Exception: Syntax error: failed at position 173 ('VALUES') (line 4, col 9): VALUES (0), (1), (17), (42), (550273), (207112489)) x(v)\nWHERE  hashfloat8(v)::bit(32) != hashfloat8extended(v, 0)::bit(32)\n       OR hashfloat8(v)::bit(32) = h. Expected one of: SELECT query, possibly with UNION, list of union elements, SELECT query, subquery, possibly with UNION, SELECT subquery, SELECT query, WITH, FROM, SELECT, EXPLAIN, EXPLAIN. (SYNTAX_ERROR) (version 24.4.1.2088 (official build))\n", "error_stage": "query"}, {"test_case": "test_case_00000_00205", "type": "error", "result_detail": ":HTTPDriver for http://localhost:18123 returned response code 404)\n Code: 46. DB::Exception: Function with name 'generate_series' does not exists. In scope SELECT generate_series(1, generate_series(1, 3)). (UNKNOWN_FUNCTION) (version 24.4.1.2088 (official build))\n", "error_stage": "query"}, {"test_case": "test_case_00000_00114", "type": "error", "result_detail": ":HTTPDriver for http://localhost:18123 returned response code 404)\n Code: 46. DB::Exception: Function with name 'num_nulls' does not exists. In scope SELECT num_nulls('1'). (UNKNOWN_FUNCTION) (version 24.4.1.2088 (official build))\n", "error_stage": "query"}, {"test_case": "test_case_00000_00188", "type": "error", "result_detail": ":HTTPDriver for http://localhost:18123 returned response code 404)\n Code: 46. DB::Exception: Function with name 'to_regoperator' does not exists. In scope SELECT to_regoperator('+(int4,int4)'). (UNKNOWN_FUNCTION) (version 24.4.1.2088 (official build))\n", "error_stage": "query"}, {"test_case": "test_case_00000_00001", "type": "different", "host_result_detail": "current transaction is aborted, commands ignored until end of transaction block\n", "guest_result_detail": [[true]]}, {"test_case": "test_case_00000_00214", "type": "error", "result_detail": ":HTTPDriver for http://localhost:18123 returned response code 404)\n Code: 50. DB::Exception: Unknown data type family: tsvector: In scope SELECT ts_filter(CAST('base:7A empir:17 evil:15 first:11 galact:16 hidden:6A rebel:1A spaceship:2A strike:3A victori:12 won:9', 'tsvector'), '{a}'). (UNKNOWN_TYPE) (version 24.4.1.2088 (official build))\n", "error_stage": "query"}, {"test_case": "test_case_00000_00209", "type": "error", "result_detail": ":HTTPDriver for http://localhost:18123 returned response code 404)\n Code: 50. DB::Exception: Unknown data type family: tsvector: In scope SELECT CAST(' 1 ', 'tsvector'). (UNKNOWN_TYPE) (version 24.4.1.2088 (official build))\n", "error_stage": "query"}, {"test_case": "test_case_00000_00072", "type": "error", "result_detail": ":HTTPDriver for http://localhost:18123 returned response code 400)\n Code: 62. DB::Exception: Syntax error: failed at position 14 (''{\"a\": {\"a\": 12}}'') (line 1, col 14): '{\"a\": {\"a\": 12}}' @? '$.a.a'\n FORMAT Native. Expected one of: token, Dot, OR, AND, IS NOT DISTINCT FROM, IS NULL, IS NOT NULL, BETWEEN, NOT BETWEEN, LIKE, ILIKE, NOT LIKE, NOT ILIKE, REGEXP, IN, NOT IN, GLOBAL IN, GLOBAL NOT IN, MOD, DIV, alias, AS, identifier, Comma, FROM, PREWHERE, WHERE, GROUP BY, WITH, HAVING, WINDOW, QUALIFY, ORDER BY, LIMIT, OFFSET, FETCH, SETTINGS, UNION, EXCEPT, INTERSECT, INTO OUTFILE, FORMAT, end of query. (SYNTAX_ERROR) (version 24.4.1.2088 (official build))\n", "error_stage": "query"}, {"test_case": "test_case_00000_00156", "type": "error", "result_detail": ":HTTPDriver for http://localhost:18123 returned response code 400)\n Code: 62. DB::Exception: Syntax error: failed at position 8 ('0.a') (line 1, col 8): 0.a\n FORMAT Native. Wrong number: '0.a'. (SYNTAX_ERROR) (version 24.4.1.2088 (official build))\n", "error_stage": "query"}, {"test_case": "test_case_00000_00125", "type": "error", "result_detail": ":HTTPDriver for http://localhost:18123 returned response code 400)\n Code: 62. DB::Exception: Syntax error: failed at position 13 (''name string'') (line 1, col 13): 'name string' = name 'name string' AS \"True\"\n FORMAT Native. Expected one of: token, Dot, OR, AND, IS NOT DISTINCT FROM, IS NULL, IS NOT NULL, BETWEEN, NOT BETWEEN, LIKE, ILIKE, NOT LIKE, NOT ILIKE, REGEXP, IN, NOT IN, GLOBAL IN, GLOBAL NOT IN, MOD, DIV, alias, AS, identifier, Comma, FROM, PREWHERE, WHERE, GROUP BY, WITH, HAVING, WINDOW, QUALIFY, ORDER BY, LIMIT, OFFSET, FETCH, SETTINGS, UNION, EXCEPT, INTERSECT, INTO OUTFILE, FORMAT, end of query. (SYNTAX_ERROR) (version 24.4.1.2088 (official build))\n", "error_stage": "query"}, {"test_case": "test_case_00000_00158", "type": "error", "result_detail": ":HTTPDriver for http://localhost:18123 returned response code 400)\n Code: 62. DB::Exception: Syntax error: failed at position 8 ('.') (line 1, col 8): .0a\n FORMAT Native. Expected one of: ALL, DISTINCT ON, DISTINCT, TOP, not empty list of expressions, list of expressions, list of elements, expression with optional alias, element of expression with optional alias, lambda expression, CAST operator, NOT, INTERVAL, CASE, DATE, TIMESTAMP, tuple, collection of literals, array, number, literal, NULL, NULL, Bool, TRUE, FALSE, string literal, asterisk, qualified asterisk, compound identifier, identifier, COLUMNS matcher, COLUMNS, qualified COLUMNS matcher, function name, substitution, MySQL-style global variable. (SYNTAX_ERROR) (version 24.4.1.2088 (official build))\n", "error_stage": "query"}, {"test_case": "test_case_00000_00050", "type": "error", "result_detail": ":HTTPDriver for http://localhost:18123 returned response code 400)\n Code: 62. DB::Exception: Syntax error: failed at position 23 ('time') (line 1, col 23): time zone '20011227T040506.789-08'\n FORMAT Native. Expected one of: ROLLUP, CUBE, TOTALS. (SYNTAX_ERROR) (version 24.4.1.2088 (official build))\n", "error_stage": "query"}, {"test_case": "test_case_00000_00128", "type": "error", "result_detail": ":HTTPDriver for http://localhost:18123 returned response code 404)\n Code: 47. DB::Exception: Unknown expression identifier '0o273' in scope SELECT `0o273`. (UNKNOWN_IDENTIFIER) (version 24.4.1.2088 (official build))\n", "error_stage": "query"}, {"test_case": "test_case_00000_00169", "type": "error", "result_detail": ":HTTPDriver for http://localhost:18123 returned response code 400)\n Code: 62. DB::Exception: Syntax error: failed at position 22 ('~') (line 1, col 22): ~ '^(\\w+)( \\1)+$' as f\n FORMAT Native. Unrecognized token: '~'. (SYNTAX_ERROR) (version 24.4.1.2088 (official build))\n", "error_stage": "query"}, {"test_case": "test_case_00000_00109", "type": "error", "result_detail": ":HTTPDriver for http://localhost:18123 returned response code 400)\n Code: 62. DB::Exception: Syntax error: failed at position 61 (''9'') (line 1, col 61): '9', 1.0 / NULL)\n FORMAT Native. Expected one of: token, Dot, Comma, ClosingRoundBracket, OR, AND, IS NOT DISTINCT FROM, IS NULL, IS NOT NULL, BETWEEN, NOT BETWEEN, LIKE, ILIKE, NOT LIKE, NOT ILIKE, REGEXP, IN, NOT IN, GLOBAL IN, GLOBAL NOT IN, MOD, DIV, alias, AS. (SYNTAX_ERROR) (version 24.4.1.2088 (official build))\n", "error_stage": "query"}, {"test_case": "test_case_00000_00160", "type": "error", "result_detail": ":HTTPDriver for http://localhost:18123 returned response code 400)\n Code: 62. DB::Exception: Syntax error: failed at position 14 ('FORMAT') (line 2, col 2): FORMAT Native. Expected one of: token, DoubleColon. (SYNTAX_ERROR) (version 24.4.1.2088 (official build))\n", "error_stage": "query"}, {"test_case": "test_case_00000_00102", "type": "error", "result_detail": ":HTTPDriver for http://localhost:18123 returned response code 404)\n Code: 46. DB::Exception: Function with name 'md5' does not exists. In scope SELECT md5(CAST('message digest', 'bytea')) = 'f96b697d7cb7938d525a2f31aaf161d0' AS TRUE. Maybe you meant: ['MD5','MD4']. (UNKNOWN_FUNCTION) (version 24.4.1.2088 (official build))\n", "error_stage": "query"}, {"test_case": "test_case_00000_00129", "type": "different", "host_result_detail": "current transaction is aborted, commands ignored until end of transaction block\n", "guest_result_detail": [[1071]]}, {"test_case": "test_case_00000_00180", "type": "error", "result_detail": ":HTTPDriver for http://localhost:18123 returned response code 404)\n Code: 46. DB::Exception: Function with name 'regexp_match' does not exists. In scope SELECT regexp_match('abc', '(B)(c)', 'i'). Maybe you meant: ['REGEXP_MATCHES']. (UNKNOWN_FUNCTION) (version 24.4.1.2088 (official build))\n", "error_stage": "query"}, {"test_case": "test_case_00000_00145", "type": "error", "result_detail": ":HTTPDriver for http://localhost:18123 returned response code 404)\n Code: 47. DB::Exception: Unknown expression identifier '0o1000000000000000000000' in scope SELECT `0o1000000000000000000000`. (UNKNOWN_IDENTIFIER) (version 24.4.1.2088 (official build))\n", "error_stage": "query"}, {"test_case": "test_case_00000_00086", "type": "error", "result_detail": ":HTTPDriver for http://localhost:18123 returned response code 404)\n Code: 50. DB::Exception: Unknown data type family: macaddr8: In scope SELECT CAST('08:00:2b:01:02:03     ', 'macaddr8'). (UNKNOWN_TYPE) (version 24.4.1.2088 (official build))\n", "error_stage": "query"}, {"test_case": "test_case_00000_00134", "type": "different", "host_result_detail": "current transaction is aborted, commands ignored until end of transaction block\n", "guest_result_detail": [[2147483647]]}, {"test_case": "test_case_00000_00191", "type": "error", "result_detail": ":HTTPDriver for http://localhost:18123 returned response code 404)\n Code: 46. DB::Exception: Function with name 'to_regtype' does not exists. In scope SELECT to_regtype('int4'). (UNKNOWN_FUNCTION) (version 24.4.1.2088 (official build))\n", "error_stage": "query"}, {"test_case": "test_case_00000_00013", "type": "error", "result_detail": ":HTTPDriver for http://localhost:18123 returned response code 404)\n Code: 50. DB::Exception: Unknown data type family: timetz. Maybe you meant: ['TIME']: In scope SELECT CAST(CAST(now(), 'timetz'), 'text') = CAST(current_time, 'text'). (UNKNOWN_TYPE) (version 24.4.1.2088 (official build))\n", "error_stage": "query"}, {"test_case": "test_case_00000_00152", "type": "different", "host_result_detail": "current transaction is aborted, commands ignored until end of transaction block\n", "guest_result_detail": [[-9223372036854775808]]}, {"test_case": "test_case_00000_00146", "type": "different", "host_result_detail": "current transaction is aborted, commands ignored until end of transaction block\n", "guest_result_detail": [[9223372036854775807]]}, {"test_case": "test_case_00000_00081", "type": "error", "result_detail": ":HTTPDriver for http://localhost:18123 returned response code 400)\n Code: 62. DB::Exception: Syntax error: failed at position 14 (''{\"a\": {\"b\": 1}}'') (line 1, col 14): '{\"a\": {\"b\": 1}}' @? 'lax $.**{3}'\n FORMAT Native. Expected one of: token, Dot, OR, AND, IS NOT DISTINCT FROM, IS NULL, IS NOT NULL, BETWEEN, NOT BETWEEN, LIKE, ILIKE, NOT LIKE, NOT ILIKE, REGEXP, IN, NOT IN, GLOBAL IN, GLOBAL NOT IN, MOD, DIV, alias, AS, identifier, Comma, FROM, PREWHERE, WHERE, GROUP BY, WITH, HAVING, WINDOW, QUALIFY, ORDER BY, LIMIT, OFFSET, FETCH, SETTINGS, UNION, EXCEPT, INTERSECT, INTO OUTFILE, FORMAT, end of query. (SYNTAX_ERROR) (version 24.4.1.2088 (official build))\n", "error_stage": "query"}, {"test_case": "test_case_00000_00049", "type": "error", "result_detail": ":HTTPDriver for http://localhost:18123 returned response code 400)\n Code: 62. DB::Exception: Syntax error: failed at position 23 ('time') (line 1, col 23): time zone '20011227T040506.789+08'\n FORMAT Native. Expected one of: ROLLUP, CUBE, TOTALS. (SYNTAX_ERROR) (version 24.4.1.2088 (official build))\n", "error_stage": "query"}, {"test_case": "test_case_00000_00106", "type": "error", "result_detail": ":HTTPDriver for http://localhost:18123 returned response code 404)\n Code: 46. DB::Exception: Function with name 'num_nonnulls' does not exists. In scope SELECT num_nonnulls('1'). (UNKNOWN_FUNCTION) (version 24.4.1.2088 (official build))\n", "error_stage": "query"}, {"test_case": "test_case_00000_00120", "type": "error", "result_detail": ":HTTPDriver for http://localhost:18123 returned response code 400)\n Code: 62. DB::Exception: Syntax error: failed at position 27 ('ARRAY') (line 1, col 27): ARRAY(SELECT CASE WHEN i <> 40 THEN i END FROM generate_series(1, 100) i))\n FORMAT Native. Expected one of: token, Dot, Comma, ClosingRoundBracket, OR, AND, IS NOT DISTINCT FROM, IS NULL, IS NOT NULL, BETWEEN, NOT BETWEEN, LIKE, ILIKE, NOT LIKE, NOT ILIKE, REGEXP, IN, NOT IN, GLOBAL IN, GLOBAL NOT IN, MOD, DIV, alias, AS. (SYNTAX_ERROR) (version 24.4.1.2088 (official build))\n", "error_stage": "query"}, {"test_case": "test_case_00000_00042", "type": "error", "result_detail": ":HTTPDriver for http://localhost:18123 returned response code 400)\n Code: 62. DB::Exception: Syntax error: failed at position 175 ('VALUES') (line 4, col 9): VALUES ('{0}'::int4[]), ('{0,1,2,3,4}'), ('{17,18,19,20}'),\n        ('{42,34,65,98}'), ('{550273,590027, 870273}'),\n        ('{207112489, 807112489}')) x(v)\nWHE. Expected one of: SELECT query, possibly with UNION, list of union elements, SELECT query, subquery, possibly with UNION, SELECT subquery, SELECT query, WITH, FROM, SELECT, EXPLAIN, EXPLAIN. (SYNTAX_ERROR) (version 24.4.1.2088 (official build))\n", "error_stage": "query"}, {"test_case": "test_case_00000_00103", "type": "error", "result_detail": ":HTTPDriver for http://localhost:18123 returned response code 404)\n Code: 46. DB::Exception: Function with name 'md5' does not exists. In scope SELECT md5(CAST('abcdefghijklmnopqrstuvwxyz', 'bytea')) = 'c3fcd3d76192e4007dfb496cca67e13b' AS TRUE. Maybe you meant: ['MD5','MD4']. (UNKNOWN_FUNCTION) (version 24.4.1.2088 (official build))\n", "error_stage": "query"}, {"test_case": "test_case_00000_00184", "type": "error", "result_detail": ":HTTPDriver for http://localhost:18123 returned response code 404)\n Code: 46. DB::Exception: Function with name 'regprocedure' does not exists. In scope SELECT regprocedure('abs(numeric)'). (UNKNOWN_FUNCTION) (version 24.4.1.2088 (official build))\n", "error_stage": "query"}, {"test_case": "test_case_00000_00020", "type": "error", "result_detail": ":HTTPDriver for http://localhost:18123 returned response code 404)\n Code: 47. DB::Exception: Unknown expression or function identifier 'current_time' in scope SELECT current_time = current_time(7). (UNKNOWN_IDENTIFIER) (version 24.4.1.2088 (official build))\n", "error_stage": "query"}, {"test_case": "test_case_00000_00137", "type": "different", "host_result_detail": "current transaction is aborted, commands ignored until end of transaction block\n", "guest_result_detail": [[-2147483649]]}, {"test_case": "test_case_00000_00163", "type": "error", "result_detail": ":HTTPDriver for http://localhost:18123 returned response code 400)\n Code: 62. DB::Exception: Syntax error: failed at position 16 ('~') (line 1, col 16): ~ '^([bc])\\1*$' as t\n FORMAT Native. Unrecognized token: '~'. (SYNTAX_ERROR) (version 24.4.1.2088 (official build))\n", "error_stage": "query"}, {"test_case": "test_case_00000_00239", "type": "error", "result_detail": ":HTTPDriver for http://localhost:18123 returned response code 404)\n Code: 50. DB::Exception: Unknown data type family: xid8: In scope SELECT CAST('', 'xid8'). (UNKNOWN_TYPE) (version 24.4.1.2088 (official build))\n", "error_stage": "query"}, {"test_case": "test_case_00000_00108", "type": "error", "result_detail": ":HTTPDriver for http://localhost:18123 returned response code 500)\n Code: 70. DB::Exception: Cannot convert NULL to a non-nullable type: In scope SELECT num_nonnulls(CAST(NULL, 'text'), CAST(NULL, 'int')). (CANNOT_CONVERT_TYPE) (version 24.4.1.2088 (official build))\n", "error_stage": "query"}, {"test_case": "test_case_00000_00052", "type": "error", "result_detail": ":HTTPDriver for http://localhost:18123 returned response code 400)\n Code: 62. DB::Exception: Syntax error: failed at position 23 ('time') (line 1, col 23): time zone '2001.12.27 04:05:06.789-08'\n FORMAT Native. Expected one of: ROLLUP, CUBE, TOTALS. (SYNTAX_ERROR) (version 24.4.1.2088 (official build))\n", "error_stage": "query"}, {"test_case": "test_case_00000_00098", "type": "error", "result_detail": ":HTTPDriver for http://localhost:18123 returned response code 404)\n Code: 46. DB::Exception: Function with name 'md5' does not exists. In scope SELECT md5('12345678901234567890123456789012345678901234567890123456789012345678901234567890') = '57edf4a22be3c955ac49da2e2107b67a' AS TRUE. Maybe you meant: ['MD5','MD4']. (UNKNOWN_FUNCTION) (version 24.4.1.2088 (official build))\n", "error_stage": "query"}, {"test_case": "test_case_00000_00149", "type": "different", "host_result_detail": "current transaction is aborted, commands ignored until end of transaction block\n", "guest_result_detail": [[9223372036854775807]]}, {"test_case": "test_case_00000_00116", "type": "error", "result_detail": ":HTTPDriver for http://localhost:18123 returned response code 500)\n Code: 70. DB::Exception: Cannot convert NULL to a non-nullable type: In scope SELECT num_nulls(CAST(NULL, 'text'), CAST(NULL, 'int')). (CANNOT_CONVERT_TYPE) (version 24.4.1.2088 (official build))\n", "error_stage": "query"}, {"test_case": "test_case_00000_00083", "type": "error", "result_detail": ":HTTPDriver for http://localhost:18123 returned response code 400)\n Code: 62. DB::Exception: Syntax error: failed at position 14 (''[1]'') (line 1, col 14): '[1]' @? '$[*]'\n FORMAT Native. Expected one of: token, Dot, OR, AND, IS NOT DISTINCT FROM, IS NULL, IS NOT NULL, BETWEEN, NOT BETWEEN, LIKE, ILIKE, NOT LIKE, NOT ILIKE, REGEXP, IN, NOT IN, GLOBAL IN, GLOBAL NOT IN, MOD, DIV, alias, AS, identifier, Comma, FROM, PREWHERE, WHERE, GROUP BY, WITH, HAVING, WINDOW, QUALIFY, ORDER BY, LIMIT, OFFSET, FETCH, SETTINGS, UNION, EXCEPT, INTERSECT, INTO OUTFILE, FORMAT, end of query. (SYNTAX_ERROR) (version 24.4.1.2088 (official build))\n", "error_stage": "query"}, {"test_case": "test_case_00000_00223", "type": "error", "result_detail": ":HTTPDriver for http://localhost:18123 returned response code 500)\n Code: 558. DB::Exception: Expected ALL or DISTINCT in SelectWithUnion query, because setting (union_default_mode) is empty: While processing SELECT 1 AS three UNION SELECT 2 UNION SELECT 3 ORDER BY 1 ASC FORMAT Native. (EXPECTED_ALL_OR_DISTINCT) (version 24.4.1.2088 (official build))\n", "error_stage": "query"}, {"test_case": "test_case_00000_00140", "type": "different", "host_result_detail": "current transaction is aborted, commands ignored until end of transaction block\n", "guest_result_detail": [[-2147483648]]}, {"test_case": "test_case_00000_00237", "type": "error", "result_detail": ":HTTPDriver for http://localhost:18123 returned response code 404)\n Code: 50. DB::Exception: Unknown data type family: xid: In scope SELECT CAST('', 'xid'). (UNKNOWN_TYPE) (version 24.4.1.2088 (official build))\n", "error_stage": "query"}, {"test_case": "test_case_00000_00118", "type": "error", "result_detail": ":HTTPDriver for http://localhost:18123 returned response code 400)\n Code: 62. DB::Exception: Syntax error: failed at position 27 (''{1,2,NULL,3}'') (line 1, col 27): '{1,2,NULL,3}'::int[])\n FORMAT Native. Expected one of: token, Dot, Comma, ClosingRoundBracket, OR, AND, IS NOT DISTINCT FROM, IS NULL, IS NOT NULL, BETWEEN, NOT BETWEEN, LIKE, ILIKE, NOT LIKE, NOT ILIKE, REGEXP, IN, NOT IN, GLOBAL IN, GLOBAL NOT IN, MOD, DIV, alias, AS. (SYNTAX_ERROR) (version 24.4.1.2088 (official build))\n", "error_stage": "query"}, {"test_case": "test_case_00000_00142", "type": "different", "host_result_detail": "current transaction is aborted, commands ignored until end of transaction block\n", "guest_result_detail": [[9223372036854775807]]}, {"test_case": "test_case_00000_00176", "type": "error", "result_detail": ":HTTPDriver for http://localhost:18123 returned response code 500)\n Code: 43. DB::Exception: Illegal type String of second argument of function substring, expected (U)Int*: In scope SELECT substring('a', '((a)+)'). (ILLEGAL_TYPE_OF_ARGUMENT) (version 24.4.1.2088 (official build))\n", "error_stage": "query"}, {"test_case": "test_case_00000_00009", "type": "error", "result_detail": ":HTTPDriver for http://localhost:18123 returned response code 400)\n Code: 62. DB::Exception: Syntax error (Multi-statements are not allowed): failed at position 68 (end of query) (line 1, col 68): ; -- trailing single line\n FORMAT Native. . (SYNTAX_ERROR) (version 24.4.1.2088 (official build))\n", "error_stage": "query"}, {"test_case": "test_case_00000_00123", "type": "error", "result_detail": ":HTTPDriver for http://localhost:18123 returned response code 400)\n Code: 62. DB::Exception: Syntax error: failed at position 27 ('NULL') (line 1, col 27): NULL::text[])\n FORMAT Native. Expected one of: token, Dot, Comma, ClosingRoundBracket, OR, AND, IS NOT DISTINCT FROM, IS NULL, IS NOT NULL, BETWEEN, NOT BETWEEN, LIKE, ILIKE, NOT LIKE, NOT ILIKE, REGEXP, IN, NOT IN, GLOBAL IN, GLOBAL NOT IN, MOD, DIV, alias, AS. (SYNTAX_ERROR) (version 24.4.1.2088 (official build))\n", "error_stage": "query"}, {"test_case": "test_case_00000_00201", "type": "error", "result_detail": ":HTTPDriver for http://localhost:18123 returned response code 404)\n Code: 50. DB::Exception: Unknown data type family: tid: In scope SELECT CAST('(0,0)', 'tid') AS tid00, CAST('(0,1)', 'tid') AS tid01, CAST('(-1,0)', 'tid') AS tidm10, CAST('(4294967295,65535)', 'tid') AS tidmax. (UNKNOWN_TYPE) (version 24.4.1.2088 (official build))\n", "error_stage": "query"}, {"test_case": "test_case_00000_00104", "type": "error", "result_detail": ":HTTPDriver for http://localhost:18123 returned response code 404)\n Code: 46. DB::Exception: Function with name 'md5' does not exists. In scope SELECT md5(CAST('ABCDEFGHIJKLMNOPQRSTUVWXYZabcdefghijklmnopqrstuvwxyz0123456789', 'bytea')) = 'd174ab98d277d9f5a5611c2c9f419d9f' AS TRUE. Maybe you meant: ['MD5','MD4']. (UNKNOWN_FUNCTION) (version 24.4.1.2088 (official build))\n", "error_stage": "query"}, {"test_case": "test_case_00000_00206", "type": "error", "result_detail": ":HTTPDriver for http://localhost:18123 returned response code 404)\n Code: 50. DB::Exception: Unknown data type family: tsvector: In scope SELECT CAST('1', 'tsvector'). (UNKNOWN_TYPE) (version 24.4.1.2088 (official build))\n", "error_stage": "query"}, {"test_case": "test_case_00000_00019", "type": "error", "result_detail": ":HTTPDriver for http://localhost:18123 returned response code 404)\n Code: 47. DB::Exception: Unknown expression or function identifier 'localtimestamp' in scope SELECT CAST(CAST(now(), 'timestamp'), 'text') = CAST(localtimestamp, 'text'). (UNKNOWN_IDENTIFIER) (version 24.4.1.2088 (official build))\n", "error_stage": "query"}, {"test_case": "test_case_00000_00224", "type": "error", "result_detail": ":HTTPDriver for http://localhost:18123 returned response code 500)\n Code: 558. DB::Exception: Expected ALL or DISTINCT in SelectWithUnion query, because setting (union_default_mode) is empty: While processing SELECT 1 AS two UNION SELECT 2 UNION SELECT 2 ORDER BY 1 ASC FORMAT Native. (EXPECTED_ALL_OR_DISTINCT) (version 24.4.1.2088 (official build))\n", "error_stage": "query"}, {"test_case": "test_case_00000_00110", "type": "error", "result_detail": ":HTTPDriver for http://localhost:18123 returned response code 400)\n Code: 62. DB::Exception: Syntax error: failed at position 30 (''{1,2,NULL,3}'') (line 1, col 30): '{1,2,NULL,3}'::int[])\n FORMAT Native. Expected one of: token, Dot, Comma, ClosingRoundBracket, OR, AND, IS NOT DISTINCT FROM, IS NULL, IS NOT NULL, BETWEEN, NOT BETWEEN, LIKE, ILIKE, NOT LIKE, NOT ILIKE, REGEXP, IN, NOT IN, GLOBAL IN, GLOBAL NOT IN, MOD, DIV, alias, AS. (SYNTAX_ERROR) (version 24.4.1.2088 (official build))\n", "error_stage": "query"}, {"test_case": "test_case_00000_00196", "type": "different", "host_result_detail": "current transaction is aborted, commands ignored until end of transaction block\n", "guest_result_detail": []}, {"test_case": "test_case_00000_00168", "type": "error", "result_detail": ":HTTPDriver for http://localhost:18123 returned response code 400)\n Code: 62. DB::Exception: Syntax error: failed at position 22 ('~') (line 1, col 22): ~ '^(\\w+)( \\1)+$' as t\n FORMAT Native. Unrecognized token: '~'. (SYNTAX_ERROR) (version 24.4.1.2088 (official build))\n", "error_stage": "query"}, {"test_case": "test_case_00000_00231", "type": "error", "result_detail": ":HTTPDriver for http://localhost:18123 returned response code 404)\n Code: 50. DB::Exception: Unknown data type family: float8. Maybe you meant: ['FLOAT','Float64']: In scope SELECT CAST('1.0', 'float8') AS two. (UNKNOWN_TYPE) (version 24.4.1.2088 (official build))\n", "error_stage": "query"}, {"test_case": "test_case_00000_00126", "type": "error", "result_detail": ":HTTPDriver for http://localhost:18123 returned response code 400)\n Code: 62. DB::Exception: Syntax error: failed at position 13 (''name string'') (line 1, col 13): 'name string' = name 'name string ' AS \"False\"\n FORMAT Native. Expected one of: token, Dot, OR, AND, IS NOT DISTINCT FROM, IS NULL, IS NOT NULL, BETWEEN, NOT BETWEEN, LIKE, ILIKE, NOT LIKE, NOT ILIKE, REGEXP, IN, NOT IN, GLOBAL IN, GLOBAL NOT IN, MOD, DIV, alias, AS, identifier, Comma, FROM, PREWHERE, WHERE, GROUP BY, WITH, HAVING, WINDOW, QUALIFY, ORDER BY, LIMIT, OFFSET, FETCH, SETTINGS, UNION, EXCEPT, INTERSECT, INTO OUTFILE, FORMAT, end of query. (SYNTAX_ERROR) (version 24.4.1.2088 (official build))\n", "error_stage": "query"}, {"test_case": "test_case_00000_00174", "type": "error", "result_detail": ":HTTPDriver for http://localhost:18123 returned response code 500)\n Code: 43. DB::Exception: Illegal type String of second argument of function substring, expected (U)Int*: In scope SELECT substring('asd TO foo', ' TO (([a-z0-9._]+|\"([^\"]+|\"\")+\")+)'). (ILLEGAL_TYPE_OF_ARGUMENT) (version 24.4.1.2088 (official build))\n", "error_stage": "query"}, {"test_case": "test_case_00000_00245", "type": "error", "result_detail": ":HTTPDriver for http://localhost:18123 returned response code 404)\n Code: 50. DB::Exception: Unknown data type family: xid: In scope SELECT CAST('1', 'xid') = CAST(CAST('1', 'xid8'), 'xid'). (UNKNOWN_TYPE) (version 24.4.1.2088 (official build))\n", "error_stage": "query"}, {"test_case": "test_case_00000_00227", "type": "error", "result_detail": ":HTTPDriver for http://localhost:18123 returned response code 500)\n Code: 558. DB::Exception: Expected ALL or DISTINCT in SelectWithUnion query, because setting (union_default_mode) is empty: While processing SELECT 1.1 AS two UNION SELECT 2 ORDER BY 1 ASC FORMAT Native. (EXPECTED_ALL_OR_DISTINCT) (version 24.4.1.2088 (official build))\n", "error_stage": "query"}, {"test_case": "test_case_00000_00088", "type": "error", "result_detail": ":HTTPDriver for http://localhost:18123 returned response code 404)\n Code: 50. DB::Exception: Unknown data type family: macaddr8: In scope SELECT CAST('    08:00:2b:01:02:03', 'macaddr8'). (UNKNOWN_TYPE) (version 24.4.1.2088 (official build))\n", "error_stage": "query"}, {"test_case": "test_case_00000_00115", "type": "error", "result_detail": ":HTTPDriver for http://localhost:18123 returned response code 500)\n Code: 70. DB::Exception: Cannot convert NULL to a non-nullable type: In scope SELECT num_nulls(CAST(NULL, 'text')). (CANNOT_CONVERT_TYPE) (version 24.4.1.2088 (official build))\n", "error_stage": "query"}, {"test_case": "test_case_00000_00002", "type": "different", "host_result_detail": "current transaction is aborted, commands ignored until end of transaction block\n", "guest_result_detail": [[false]]}, {"test_case": "test_case_00000_00035", "type": "error", "result_detail": ":HTTPDriver for http://localhost:18123 returned response code 400)\n Code: 62. DB::Exception: Syntax error: failed at position 167 ('VALUES') (line 4, col 9): VALUES (NULL), ('PostgreSQL'), ('eIpUEtqmY89'), ('AXKEJBTK'),\n        ('muop28x03'), ('yi3nm0d73')) x(v)\nWHERE  hashname(v)::bit(32) != hashnameextended(v, 0)::. Expected one of: SELECT query, possibly with UNION, list of union elements, SELECT query, subquery, possibly with UNION, SELECT subquery, SELECT query, WITH, FROM, SELECT, EXPLAIN, EXPLAIN. (SYNTAX_ERROR) (version 24.4.1.2088 (official build))\n", "error_stage": "query"}, {"test_case": "test_case_00000_00065", "type": "error", "result_detail": ":HTTPDriver for http://localhost:18123 returned response code 400)\n Code: 62. DB::Exception: Syntax error (Multi-statements are not allowed): failed at position 18 (end of query) (line 1, col 18): ;\t\t\t\t-- OK.\n FORMAT Native. . (SYNTAX_ERROR) (version 24.4.1.2088 (official build))\n", "error_stage": "query"}]