[{"test_case": "test_case_00331_00000", "type": "error", "result_detail": ":HTTPDriver for http://localhost:18123 returned response code 400)\n Code: 62. DB::Exception: Syntax error: failed at position 6 ('SCHEMA'): SCHEMA IF EXISTS regress_rls_schema CASCADE. Expected one of: DATABASE, ALL, VIEW, DICTIONARY, TEMPORARY, TABLE, FUNCTION, NAMED COLLECTION, INDEX, USER, ROLE, SETTINGS PROFILE, PROFILE, ROW POLICY, POLICY, QUOTA. (SYNTAX_ERROR) (version 24.4.1.2088 (official build))\n", "error_stage": "set_up"}, {"test_case": "test_case_00331_00002", "type": "error", "result_detail": ":HTTPDriver for http://localhost:18123 returned response code 400)\n Code: 62. DB::Exception: Syntax error: failed at position 6 ('SCHEMA'): SCHEMA IF EXISTS regress_rls_schema CASCADE. Expected one of: DATABASE, ALL, VIEW, DICTIONARY, TEMPORARY, TABLE, FUNCTION, NAMED COLLECTION, INDEX, USER, ROLE, SETTINGS PROFILE, PROFILE, ROW POLICY, POLICY, QUOTA. (SYNTAX_ERROR) (version 24.4.1.2088 (official build))\n", "error_stage": "set_up"}, {"test_case": "test_case_00331_00001", "type": "error", "result_detail": ":HTTPDriver for http://localhost:18123 returned response code 400)\n Code: 62. DB::Exception: Syntax error: failed at position 6 ('SCHEMA'): SCHEMA IF EXISTS regress_rls_schema CASCADE. Expected one of: DATABASE, ALL, VIEW, DICTIONARY, TEMPORARY, TABLE, FUNCTION, NAMED COLLECTION, INDEX, USER, ROLE, SETTINGS PROFILE, PROFILE, ROW POLICY, POLICY, QUOTA. (SYNTAX_ERROR) (version 24.4.1.2088 (official build))\n", "error_stage": "set_up"}]