[{"test_case": "test_case_00361_00003", "type": "error", "result_detail": ":HTTPDriver for http://localhost:18123 returned response code 400)\n Code: 62. DB::Exception: Syntax error: failed at position 47 ('with'): with time zone). Expected one of: COLLATE, NOT, NULL, DEFAULT, MATERIALIZED, ALIAS, EPHEMERAL, AUTO_INCREMENT, COMMENT, CODEC, STATISTIC, TTL, PRIMARY KEY, SETTINGS, token, Comma, ClosingRoundBracket. (SYNTAX_ERROR) (version 24.4.1.2088 (official build))\n", "error_stage": "set_up"}, {"test_case": "test_case_00361_00004", "type": "error", "result_detail": ":HTTPDriver for http://localhost:18123 returned response code 400)\n Code: 62. DB::Exception: Syntax error: failed at position 47 ('with'): with time zone). Expected one of: COLLATE, NOT, NULL, DEFAULT, MATERIALIZED, ALIAS, EPHEMERAL, AUTO_INCREMENT, COMMENT, CODEC, STATISTIC, TTL, PRIMARY KEY, SETTINGS, token, Comma, ClosingRoundBracket. (SYNTAX_ERROR) (version 24.4.1.2088 (official build))\n", "error_stage": "set_up"}, {"test_case": "test_case_00361_00000", "type": "error", "result_detail": ":HTTPDriver for http://localhost:18123 returned response code 400)\n Code: 62. DB::Exception: Syntax error: failed at position 47 ('with'): with time zone). Expected one of: COLLATE, NOT, NULL, DEFAULT, MATERIALIZED, ALIAS, EPHEMERAL, AUTO_INCREMENT, COMMENT, CODEC, STATISTIC, TTL, PRIMARY KEY, SETTINGS, token, Comma, ClosingRoundBracket. (SYNTAX_ERROR) (version 24.4.1.2088 (official build))\n", "error_stage": "set_up"}, {"test_case": "test_case_00361_00001", "type": "error", "result_detail": ":HTTPDriver for http://localhost:18123 returned response code 400)\n Code: 62. DB::Exception: Syntax error: failed at position 47 ('with'): with time zone). Expected one of: COLLATE, NOT, NULL, DEFAULT, MATERIALIZED, ALIAS, EPHEMERAL, AUTO_INCREMENT, COMMENT, CODEC, STATISTIC, TTL, PRIMARY KEY, SETTINGS, token, Comma, ClosingRoundBracket. (SYNTAX_ERROR) (version 24.4.1.2088 (official build))\n", "error_stage": "set_up"}, {"test_case": "test_case_00361_00002", "type": "error", "result_detail": ":HTTPDriver for http://localhost:18123 returned response code 400)\n Code: 62. DB::Exception: Syntax error: failed at position 47 ('with'): with time zone). Expected one of: COLLATE, NOT, NULL, DEFAULT, MATERIALIZED, ALIAS, EPHEMERAL, AUTO_INCREMENT, COMMENT, CODEC, STATISTIC, TTL, PRIMARY KEY, SETTINGS, token, Comma, ClosingRoundBracket. (SYNTAX_ERROR) (version 24.4.1.2088 (official build))\n", "error_stage": "set_up"}]